The system is: Linux - 3.17.1-1.g5c4d099-desktop - x86_64
Compiling the C compiler identification source file "CMakeCCompilerId.c" succeeded.
Compiler: /usr/bin/cc 
Build flags: -m32
Id flags: 

The output was:
0


Compilation of the C compiler identification source "CMakeCCompilerId.c" produced "a.out"

The C compiler identification is GNU, found in "/home/asn/workspace/projects/cmocka/obj32/CMakeFiles/3.1.2/CompilerIdC/a.out"

Determining if the C compiler works passed with the following output:
Change Dir: /home/asn/workspace/projects/cmocka/obj32/CMakeFiles/CMakeTmp

Run Build Command:"/usr/bin/gmake" "cmTryCompileExec3060968899/fast"
/usr/bin/gmake -f CMakeFiles/cmTryCompileExec3060968899.dir/build.make CMakeFiles/cmTryCompileExec3060968899.dir/build
gmake[1]: Entering directory '/home/asn/workspace/projects/cmocka/obj32/CMakeFiles/CMakeTmp'
/usr/bin/cmake -E cmake_progress_report /home/asn/workspace/projects/cmocka/obj32/CMakeFiles/CMakeTmp/CMakeFiles 1
Building C object CMakeFiles/cmTryCompileExec3060968899.dir/testCCompiler.c.o
/usr/bin/cc   -m32    -o CMakeFiles/cmTryCompileExec3060968899.dir/testCCompiler.c.o   -c /home/asn/workspace/projects/cmocka/obj32/CMakeFiles/CMakeTmp/testCCompiler.c
Linking C executable cmTryCompileExec3060968899
/usr/bin/cmake -E cmake_link_script CMakeFiles/cmTryCompileExec3060968899.dir/link.txt --verbose=1
/usr/bin/cc  -m32    CMakeFiles/cmTryCompileExec3060968899.dir/testCCompiler.c.o  -o cmTryCompileExec3060968899 -rdynamic 
gmake[1]: Leaving directory '/home/asn/workspace/projects/cmocka/obj32/CMakeFiles/CMakeTmp'


Detecting C compiler ABI info compiled with the following output:
Change Dir: /home/asn/workspace/projects/cmocka/obj32/CMakeFiles/CMakeTmp

Run Build Command:"/usr/bin/gmake" "cmTryCompileExec3024424991/fast"
/usr/bin/gmake -f CMakeFiles/cmTryCompileExec3024424991.dir/build.make CMakeFiles/cmTryCompileExec3024424991.dir/build
gmake[1]: Entering directory '/home/asn/workspace/projects/cmocka/obj32/CMakeFiles/CMakeTmp'
/usr/bin/cmake -E cmake_progress_report /home/asn/workspace/projects/cmocka/obj32/CMakeFiles/CMakeTmp/CMakeFiles 1
Building C object CMakeFiles/cmTryCompileExec3024424991.dir/CMakeCCompilerABI.c.o
/usr/bin/cc   -m32    -o CMakeFiles/cmTryCompileExec3024424991.dir/CMakeCCompilerABI.c.o   -c /usr/share/cmake/Modules/CMakeCCompilerABI.c
Linking C executable cmTryCompileExec3024424991
/usr/bin/cmake -E cmake_link_script CMakeFiles/cmTryCompileExec3024424991.dir/link.txt --verbose=1
/usr/bin/cc  -m32   -v CMakeFiles/cmTryCompileExec3024424991.dir/CMakeCCompilerABI.c.o  -o cmTryCompileExec3024424991 -rdynamic  
Using built-in specs.
COLLECT_GCC=/usr/bin/cc
COLLECT_LTO_WRAPPER=/usr/lib64/gcc/x86_64-suse-linux/4.8/lto-wrapper
Target: x86_64-suse-linux
Configured with: ../configure --prefix=/usr --infodir=/usr/share/info --mandir=/usr/share/man --libdir=/usr/lib64 --libexecdir=/usr/lib64 --enable-languages=c,c++,objc,fortran,obj-c++,java,ada --enable-checking=release --with-gxx-include-dir=/usr/include/c++/4.8 --enable-ssp --disable-libssp --disable-plugin --with-bugurl=http://bugs.opensuse.org/ --with-pkgversion='SUSE Linux' --disable-libgcj --disable-libmudflap --with-slibdir=/lib64 --with-system-zlib --enable-__cxa_atexit --enable-libstdcxx-allocator=new --disable-libstdcxx-pch --enable-version-specific-runtime-libs --enable-linker-build-id --enable-linux-futex --program-suffix=-4.8 --without-system-libunwind --with-arch-32=i586 --with-tune=generic --build=x86_64-suse-linux --host=x86_64-suse-linux
Thread model: posix
gcc version 4.8.3 20140627 [gcc-4_8-branch revision 212064] (SUSE Linux) 
COMPILER_PATH=/usr/lib64/gcc/x86_64-suse-linux/4.8/:/usr/lib64/gcc/x86_64-suse-linux/4.8/:/usr/lib64/gcc/x86_64-suse-linux/:/usr/lib64/gcc/x86_64-suse-linux/4.8/:/usr/lib64/gcc/x86_64-suse-linux/:/usr/lib64/gcc/x86_64-suse-linux/4.8/../../../../x86_64-suse-linux/bin/
LIBRARY_PATH=/usr/lib64/gcc/x86_64-suse-linux/4.8/32/:/usr/lib64/gcc/x86_64-suse-linux/4.8/../../../../x86_64-suse-linux/lib/../lib/:/usr/lib64/gcc/x86_64-suse-linux/4.8/../../../../lib/:/lib/../lib/:/usr/lib/../lib/:/usr/lib64/gcc/x86_64-suse-linux/4.8/:/usr/lib64/gcc/x86_64-suse-linux/4.8/../../../../x86_64-suse-linux/lib/:/usr/lib64/gcc/x86_64-suse-linux/4.8/../../../:/lib/:/usr/lib/
COLLECT_GCC_OPTIONS='-m32' '-v' '-o' 'cmTryCompileExec3024424991' '-rdynamic' '-mtune=generic' '-march=i586'
 /usr/lib64/gcc/x86_64-suse-linux/4.8/collect2 --build-id --eh-frame-hdr -m elf_i386 -export-dynamic -dynamic-linker /lib/ld-linux.so.2 -o cmTryCompileExec3024424991 /usr/lib64/gcc/x86_64-suse-linux/4.8/../../../../lib/crt1.o /usr/lib64/gcc/x86_64-suse-linux/4.8/../../../../lib/crti.o /usr/lib64/gcc/x86_64-suse-linux/4.8/32/crtbegin.o -L/usr/lib64/gcc/x86_64-suse-linux/4.8/32 -L/usr/lib64/gcc/x86_64-suse-linux/4.8/../../../../x86_64-suse-linux/lib/../lib -L/usr/lib64/gcc/x86_64-suse-linux/4.8/../../../../lib -L/lib/../lib -L/usr/lib/../lib -L/usr/lib64/gcc/x86_64-suse-linux/4.8 -L/usr/lib64/gcc/x86_64-suse-linux/4.8/../../../../x86_64-suse-linux/lib -L/usr/lib64/gcc/x86_64-suse-linux/4.8/../../.. CMakeFiles/cmTryCompileExec3024424991.dir/CMakeCCompilerABI.c.o -lgcc --as-needed -lgcc_s --no-as-needed -lc -lgcc --as-needed -lgcc_s --no-as-needed /usr/lib64/gcc/x86_64-suse-linux/4.8/32/crtend.o /usr/lib64/gcc/x86_64-suse-linux/4.8/../../../../lib/crtn.o
gmake[1]: Leaving directory '/home/asn/workspace/projects/cmocka/obj32/CMakeFiles/CMakeTmp'


Parsed C implicit link information from above output:
  link line regex: [^( *|.*[/\])(ld|([^/\]+-)?ld|collect2)[^/\]*( |$)]
  ignore line: [Change Dir: /home/asn/workspace/projects/cmocka/obj32/CMakeFiles/CMakeTmp]
  ignore line: []
  ignore line: [Run Build Command:"/usr/bin/gmake" "cmTryCompileExec3024424991/fast"]
  ignore line: [/usr/bin/gmake -f CMakeFiles/cmTryCompileExec3024424991.dir/build.make CMakeFiles/cmTryCompileExec3024424991.dir/build]
  ignore line: [gmake[1]: Entering directory '/home/asn/workspace/projects/cmocka/obj32/CMakeFiles/CMakeTmp']
  ignore line: [/usr/bin/cmake -E cmake_progress_report /home/asn/workspace/projects/cmocka/obj32/CMakeFiles/CMakeTmp/CMakeFiles 1]
  ignore line: [Building C object CMakeFiles/cmTryCompileExec3024424991.dir/CMakeCCompilerABI.c.o]
  ignore line: [/usr/bin/cc   -m32    -o CMakeFiles/cmTryCompileExec3024424991.dir/CMakeCCompilerABI.c.o   -c /usr/share/cmake/Modules/CMakeCCompilerABI.c]
  ignore line: [Linking C executable cmTryCompileExec3024424991]
  ignore line: [/usr/bin/cmake -E cmake_link_script CMakeFiles/cmTryCompileExec3024424991.dir/link.txt --verbose=1]
  ignore line: [/usr/bin/cc  -m32   -v CMakeFiles/cmTryCompileExec3024424991.dir/CMakeCCompilerABI.c.o  -o cmTryCompileExec3024424991 -rdynamic  ]
  ignore line: [Using built-in specs.]
  ignore line: [COLLECT_GCC=/usr/bin/cc]
  ignore line: [COLLECT_LTO_WRAPPER=/usr/lib64/gcc/x86_64-suse-linux/4.8/lto-wrapper]
  ignore line: [Target: x86_64-suse-linux]
  ignore line: [Configured with: ../configure --prefix=/usr --infodir=/usr/share/info --mandir=/usr/share/man --libdir=/usr/lib64 --libexecdir=/usr/lib64 --enable-languages=c,c++,objc,fortran,obj-c++,java,ada --enable-checking=release --with-gxx-include-dir=/usr/include/c++/4.8 --enable-ssp --disable-libssp --disable-plugin --with-bugurl=http://bugs.opensuse.org/ --with-pkgversion='SUSE Linux' --disable-libgcj --disable-libmudflap --with-slibdir=/lib64 --with-system-zlib --enable-__cxa_atexit --enable-libstdcxx-allocator=new --disable-libstdcxx-pch --enable-version-specific-runtime-libs --enable-linker-build-id --enable-linux-futex --program-suffix=-4.8 --without-system-libunwind --with-arch-32=i586 --with-tune=generic --build=x86_64-suse-linux --host=x86_64-suse-linux]
  ignore line: [Thread model: posix]
  ignore line: [gcc version 4.8.3 20140627 [gcc-4_8-branch revision 212064] (SUSE Linux) ]
  ignore line: [COMPILER_PATH=/usr/lib64/gcc/x86_64-suse-linux/4.8/:/usr/lib64/gcc/x86_64-suse-linux/4.8/:/usr/lib64/gcc/x86_64-suse-linux/:/usr/lib64/gcc/x86_64-suse-linux/4.8/:/usr/lib64/gcc/x86_64-suse-linux/:/usr/lib64/gcc/x86_64-suse-linux/4.8/../../../../x86_64-suse-linux/bin/]
  ignore line: [LIBRARY_PATH=/usr/lib64/gcc/x86_64-suse-linux/4.8/32/:/usr/lib64/gcc/x86_64-suse-linux/4.8/../../../../x86_64-suse-linux/lib/../lib/:/usr/lib64/gcc/x86_64-suse-linux/4.8/../../../../lib/:/lib/../lib/:/usr/lib/../lib/:/usr/lib64/gcc/x86_64-suse-linux/4.8/:/usr/lib64/gcc/x86_64-suse-linux/4.8/../../../../x86_64-suse-linux/lib/:/usr/lib64/gcc/x86_64-suse-linux/4.8/../../../:/lib/:/usr/lib/]
  ignore line: [COLLECT_GCC_OPTIONS='-m32' '-v' '-o' 'cmTryCompileExec3024424991' '-rdynamic' '-mtune=generic' '-march=i586']
  link line: [ /usr/lib64/gcc/x86_64-suse-linux/4.8/collect2 --build-id --eh-frame-hdr -m elf_i386 -export-dynamic -dynamic-linker /lib/ld-linux.so.2 -o cmTryCompileExec3024424991 /usr/lib64/gcc/x86_64-suse-linux/4.8/../../../../lib/crt1.o /usr/lib64/gcc/x86_64-suse-linux/4.8/../../../../lib/crti.o /usr/lib64/gcc/x86_64-suse-linux/4.8/32/crtbegin.o -L/usr/lib64/gcc/x86_64-suse-linux/4.8/32 -L/usr/lib64/gcc/x86_64-suse-linux/4.8/../../../../x86_64-suse-linux/lib/../lib -L/usr/lib64/gcc/x86_64-suse-linux/4.8/../../../../lib -L/lib/../lib -L/usr/lib/../lib -L/usr/lib64/gcc/x86_64-suse-linux/4.8 -L/usr/lib64/gcc/x86_64-suse-linux/4.8/../../../../x86_64-suse-linux/lib -L/usr/lib64/gcc/x86_64-suse-linux/4.8/../../.. CMakeFiles/cmTryCompileExec3024424991.dir/CMakeCCompilerABI.c.o -lgcc --as-needed -lgcc_s --no-as-needed -lc -lgcc --as-needed -lgcc_s --no-as-needed /usr/lib64/gcc/x86_64-suse-linux/4.8/32/crtend.o /usr/lib64/gcc/x86_64-suse-linux/4.8/../../../../lib/crtn.o]
    arg [/usr/lib64/gcc/x86_64-suse-linux/4.8/collect2] ==> ignore
    arg [--build-id] ==> ignore
    arg [--eh-frame-hdr] ==> ignore
    arg [-m] ==> ignore
    arg [elf_i386] ==> ignore
    arg [-export-dynamic] ==> ignore
    arg [-dynamic-linker] ==> ignore
    arg [/lib/ld-linux.so.2] ==> ignore
    arg [-o] ==> ignore
    arg [cmTryCompileExec3024424991] ==> ignore
    arg [/usr/lib64/gcc/x86_64-suse-linux/4.8/../../../../lib/crt1.o] ==> ignore
    arg [/usr/lib64/gcc/x86_64-suse-linux/4.8/../../../../lib/crti.o] ==> ignore
    arg [/usr/lib64/gcc/x86_64-suse-linux/4.8/32/crtbegin.o] ==> ignore
    arg [-L/usr/lib64/gcc/x86_64-suse-linux/4.8/32] ==> dir [/usr/lib64/gcc/x86_64-suse-linux/4.8/32]
    arg [-L/usr/lib64/gcc/x86_64-suse-linux/4.8/../../../../x86_64-suse-linux/lib/../lib] ==> dir [/usr/lib64/gcc/x86_64-suse-linux/4.8/../../../../x86_64-suse-linux/lib/../lib]
    arg [-L/usr/lib64/gcc/x86_64-suse-linux/4.8/../../../../lib] ==> dir [/usr/lib64/gcc/x86_64-suse-linux/4.8/../../../../lib]
    arg [-L/lib/../lib] ==> dir [/lib/../lib]
    arg [-L/usr/lib/../lib] ==> dir [/usr/lib/../lib]
    arg [-L/usr/lib64/gcc/x86_64-suse-linux/4.8] ==> dir [/usr/lib64/gcc/x86_64-suse-linux/4.8]
    arg [-L/usr/lib64/gcc/x86_64-suse-linux/4.8/../../../../x86_64-suse-linux/lib] ==> dir [/usr/lib64/gcc/x86_64-suse-linux/4.8/../../../../x86_64-suse-linux/lib]
    arg [-L/usr/lib64/gcc/x86_64-suse-linux/4.8/../../..] ==> dir [/usr/lib64/gcc/x86_64-suse-linux/4.8/../../..]
    arg [CMakeFiles/cmTryCompileExec3024424991.dir/CMakeCCompilerABI.c.o] ==> ignore
    arg [-lgcc] ==> lib [gcc]
    arg [--as-needed] ==> ignore
    arg [-lgcc_s] ==> lib [gcc_s]
    arg [--no-as-needed] ==> ignore
    arg [-lc] ==> lib [c]
    arg [-lgcc] ==> lib [gcc]
    arg [--as-needed] ==> ignore
    arg [-lgcc_s] ==> lib [gcc_s]
    arg [--no-as-needed] ==> ignore
    arg [/usr/lib64/gcc/x86_64-suse-linux/4.8/32/crtend.o] ==> ignore
    arg [/usr/lib64/gcc/x86_64-suse-linux/4.8/../../../../lib/crtn.o] ==> ignore
  remove lib [gcc]
  remove lib [gcc_s]
  remove lib [gcc]
  remove lib [gcc_s]
  collapse library dir [/usr/lib64/gcc/x86_64-suse-linux/4.8/32] ==> [/usr/lib64/gcc/x86_64-suse-linux/4.8/32]
  collapse library dir [/usr/lib64/gcc/x86_64-suse-linux/4.8/../../../../x86_64-suse-linux/lib/../lib] ==> [/usr/x86_64-suse-linux/lib]
  collapse library dir [/usr/lib64/gcc/x86_64-suse-linux/4.8/../../../../lib] ==> [/usr/lib]
  collapse library dir [/lib/../lib] ==> [/lib]
  collapse library dir [/usr/lib/../lib] ==> [/usr/lib]
  collapse library dir [/usr/lib64/gcc/x86_64-suse-linux/4.8] ==> [/usr/lib64/gcc/x86_64-suse-linux/4.8]
  collapse library dir [/usr/lib64/gcc/x86_64-suse-linux/4.8/../../../../x86_64-suse-linux/lib] ==> [/usr/x86_64-suse-linux/lib]
  collapse library dir [/usr/lib64/gcc/x86_64-suse-linux/4.8/../../..] ==> [/usr/lib64]
  implicit libs: [c]
  implicit dirs: [/usr/lib64/gcc/x86_64-suse-linux/4.8/32;/usr/x86_64-suse-linux/lib;/usr/lib;/lib;/usr/lib64/gcc/x86_64-suse-linux/4.8;/usr/lib64]
  implicit fwks: []




Detecting C [-std=c90] compiler features compiled with the following output:
Change Dir: /home/asn/workspace/projects/cmocka/obj32/CMakeFiles/CMakeTmp

Run Build Command:"/usr/bin/gmake" "cmTryCompileExec4160261117/fast"
/usr/bin/gmake -f CMakeFiles/cmTryCompileExec4160261117.dir/build.make CMakeFiles/cmTryCompileExec4160261117.dir/build
gmake[1]: Entering directory '/home/asn/workspace/projects/cmocka/obj32/CMakeFiles/CMakeTmp'
/usr/bin/cmake -E cmake_progress_report /home/asn/workspace/projects/cmocka/obj32/CMakeFiles/CMakeTmp/CMakeFiles 1
Building C object CMakeFiles/cmTryCompileExec4160261117.dir/feature_tests.c.o
/usr/bin/cc   -m32    -std=c90 -o CMakeFiles/cmTryCompileExec4160261117.dir/feature_tests.c.o   -c /home/asn/workspace/projects/cmocka/obj32/CMakeFiles/feature_tests.c
Linking C executable cmTryCompileExec4160261117
/usr/bin/cmake -E cmake_link_script CMakeFiles/cmTryCompileExec4160261117.dir/link.txt --verbose=1
/usr/bin/cc  -m32    CMakeFiles/cmTryCompileExec4160261117.dir/feature_tests.c.o  -o cmTryCompileExec4160261117 -rdynamic 
gmake[1]: Leaving directory '/home/asn/workspace/projects/cmocka/obj32/CMakeFiles/CMakeTmp'


    Feature record: C_FEATURE:1c_function_prototypes
    Feature record: C_FEATURE:0c_restrict
    Feature record: C_FEATURE:0c_static_assert
    Feature record: C_FEATURE:0c_variadic_macros


Detecting C [-std=c99] compiler features compiled with the following output:
Change Dir: /home/asn/workspace/projects/cmocka/obj32/CMakeFiles/CMakeTmp

Run Build Command:"/usr/bin/gmake" "cmTryCompileExec1753218566/fast"
/usr/bin/gmake -f CMakeFiles/cmTryCompileExec1753218566.dir/build.make CMakeFiles/cmTryCompileExec1753218566.dir/build
gmake[1]: Entering directory '/home/asn/workspace/projects/cmocka/obj32/CMakeFiles/CMakeTmp'
/usr/bin/cmake -E cmake_progress_report /home/asn/workspace/projects/cmocka/obj32/CMakeFiles/CMakeTmp/CMakeFiles 1
Building C object CMakeFiles/cmTryCompileExec1753218566.dir/feature_tests.c.o
/usr/bin/cc   -m32    -std=c99 -o CMakeFiles/cmTryCompileExec1753218566.dir/feature_tests.c.o   -c /home/asn/workspace/projects/cmocka/obj32/CMakeFiles/feature_tests.c
Linking C executable cmTryCompileExec1753218566
/usr/bin/cmake -E cmake_link_script CMakeFiles/cmTryCompileExec1753218566.dir/link.txt --verbose=1
/usr/bin/cc  -m32    CMakeFiles/cmTryCompileExec1753218566.dir/feature_tests.c.o  -o cmTryCompileExec1753218566 -rdynamic 
gmake[1]: Leaving directory '/home/asn/workspace/projects/cmocka/obj32/CMakeFiles/CMakeTmp'


    Feature record: C_FEATURE:0c_function_prototypes
    Feature record: C_FEATURE:1c_restrict
    Feature record: C_FEATURE:0c_static_assert
    Feature record: C_FEATURE:1c_variadic_macros


Detecting C [-std=c11] compiler features compiled with the following output:
Change Dir: /home/asn/workspace/projects/cmocka/obj32/CMakeFiles/CMakeTmp

Run Build Command:"/usr/bin/gmake" "cmTryCompileExec1959343639/fast"
/usr/bin/gmake -f CMakeFiles/cmTryCompileExec1959343639.dir/build.make CMakeFiles/cmTryCompileExec1959343639.dir/build
gmake[1]: Entering directory '/home/asn/workspace/projects/cmocka/obj32/CMakeFiles/CMakeTmp'
/usr/bin/cmake -E cmake_progress_report /home/asn/workspace/projects/cmocka/obj32/CMakeFiles/CMakeTmp/CMakeFiles 1
Building C object CMakeFiles/cmTryCompileExec1959343639.dir/feature_tests.c.o
/usr/bin/cc   -m32    -std=c11 -o CMakeFiles/cmTryCompileExec1959343639.dir/feature_tests.c.o   -c /home/asn/workspace/projects/cmocka/obj32/CMakeFiles/feature_tests.c
Linking C executable cmTryCompileExec1959343639
/usr/bin/cmake -E cmake_link_script CMakeFiles/cmTryCompileExec1959343639.dir/link.txt --verbose=1
/usr/bin/cc  -m32    CMakeFiles/cmTryCompileExec1959343639.dir/feature_tests.c.o  -o cmTryCompileExec1959343639 -rdynamic 
gmake[1]: Leaving directory '/home/asn/workspace/projects/cmocka/obj32/CMakeFiles/CMakeTmp'


    Feature record: C_FEATURE:0c_function_prototypes
    Feature record: C_FEATURE:1c_restrict
    Feature record: C_FEATURE:1c_static_assert
    Feature record: C_FEATURE:1c_variadic_macros
Performing C SOURCE FILE Test WITH_FPIC succeded with the following output:
Change Dir: /home/asn/workspace/projects/cmocka/obj32/CMakeFiles/CMakeTmp

Run Build Command:"/usr/bin/gmake" "cmTryCompileExec1343550911/fast"
/usr/bin/gmake -f CMakeFiles/cmTryCompileExec1343550911.dir/build.make CMakeFiles/cmTryCompileExec1343550911.dir/build
gmake[1]: Entering directory '/home/asn/workspace/projects/cmocka/obj32/CMakeFiles/CMakeTmp'
/usr/bin/cmake -E cmake_progress_report /home/asn/workspace/projects/cmocka/obj32/CMakeFiles/CMakeTmp/CMakeFiles 1
Building C object CMakeFiles/cmTryCompileExec1343550911.dir/src.c.o
/usr/bin/cc   -m32 -std=gnu99 -pedantic -pedantic-errors -Wall -Wextra -Wshadow -Wmissing-prototypes -Wdeclaration-after-statement -Wunused -Wfloat-equal -Wpointer-arith -Wwrite-strings -Wformat-security -Wmissing-format-attribute -Wundef -DWITH_FPIC   -fPIC -o CMakeFiles/cmTryCompileExec1343550911.dir/src.c.o   -c /home/asn/workspace/projects/cmocka/obj32/CMakeFiles/CMakeTmp/src.c
Linking C executable cmTryCompileExec1343550911
/usr/bin/cmake -E cmake_link_script CMakeFiles/cmTryCompileExec1343550911.dir/link.txt --verbose=1
/usr/bin/cc  -m32 -std=gnu99 -pedantic -pedantic-errors -Wall -Wextra -Wshadow -Wmissing-prototypes -Wdeclaration-after-statement -Wunused -Wfloat-equal -Wpointer-arith -Wwrite-strings -Wformat-security -Wmissing-format-attribute -Wundef -DWITH_FPIC   CMakeFiles/cmTryCompileExec1343550911.dir/src.c.o  -o cmTryCompileExec1343550911 -rdynamic 
gmake[1]: Leaving directory '/home/asn/workspace/projects/cmocka/obj32/CMakeFiles/CMakeTmp'

Source file was:
int main(void) { return 0; }
Performing C SOURCE FILE Test WITH_STACK_PROTECTOR succeded with the following output:
Change Dir: /home/asn/workspace/projects/cmocka/obj32/CMakeFiles/CMakeTmp

Run Build Command:"/usr/bin/gmake" "cmTryCompileExec1631702636/fast"
/usr/bin/gmake -f CMakeFiles/cmTryCompileExec1631702636.dir/build.make CMakeFiles/cmTryCompileExec1631702636.dir/build
gmake[1]: Entering directory '/home/asn/workspace/projects/cmocka/obj32/CMakeFiles/CMakeTmp'
/usr/bin/cmake -E cmake_progress_report /home/asn/workspace/projects/cmocka/obj32/CMakeFiles/CMakeTmp/CMakeFiles 1
Building C object CMakeFiles/cmTryCompileExec1631702636.dir/src.c.o
/usr/bin/cc   -m32 -std=gnu99 -pedantic -pedantic-errors -Wall -Wextra -Wshadow -Wmissing-prototypes -Wdeclaration-after-statement -Wunused -Wfloat-equal -Wpointer-arith -Wwrite-strings -Wformat-security -Wmissing-format-attribute -Wundef -fPIC -DWITH_STACK_PROTECTOR   -fstack-protector -o CMakeFiles/cmTryCompileExec1631702636.dir/src.c.o   -c /home/asn/workspace/projects/cmocka/obj32/CMakeFiles/CMakeTmp/src.c
/home/asn/workspace/projects/cmocka/obj32/CMakeFiles/CMakeTmp/src.c: In function ‘main’:
/home/asn/workspace/projects/cmocka/obj32/CMakeFiles/CMakeTmp/src.c:1:27: warning: unused parameter ‘argv’ [-Wunused-parameter]
 int main(int argc, char **argv) { char buffer[256]; return buffer[argc]=0;}
                           ^
Linking C executable cmTryCompileExec1631702636
/usr/bin/cmake -E cmake_link_script CMakeFiles/cmTryCompileExec1631702636.dir/link.txt --verbose=1
/usr/bin/cc  -m32 -std=gnu99 -pedantic -pedantic-errors -Wall -Wextra -Wshadow -Wmissing-prototypes -Wdeclaration-after-statement -Wunused -Wfloat-equal -Wpointer-arith -Wwrite-strings -Wformat-security -Wmissing-format-attribute -Wundef -fPIC -DWITH_STACK_PROTECTOR   CMakeFiles/cmTryCompileExec1631702636.dir/src.c.o  -o cmTryCompileExec1631702636 -rdynamic 
gmake[1]: Leaving directory '/home/asn/workspace/projects/cmocka/obj32/CMakeFiles/CMakeTmp'

Source file was:
int main(int argc, char **argv) { char buffer[256]; return buffer[argc]=0;}
Performing C SOURCE FILE Test WITH_VISIBILITY_HIDDEN succeded with the following output:
Change Dir: /home/asn/workspace/projects/cmocka/obj32/CMakeFiles/CMakeTmp

Run Build Command:"/usr/bin/gmake" "cmTryCompileExec1927777866/fast"
/usr/bin/gmake -f CMakeFiles/cmTryCompileExec1927777866.dir/build.make CMakeFiles/cmTryCompileExec1927777866.dir/build
gmake[1]: Entering directory '/home/asn/workspace/projects/cmocka/obj32/CMakeFiles/CMakeTmp'
/usr/bin/cmake -E cmake_progress_report /home/asn/workspace/projects/cmocka/obj32/CMakeFiles/CMakeTmp/CMakeFiles 1
Building C object CMakeFiles/cmTryCompileExec1927777866.dir/src.c.o
/usr/bin/cc   -m32 -std=gnu99 -pedantic -pedantic-errors -Wall -Wextra -Wshadow -Wmissing-prototypes -Wdeclaration-after-statement -Wunused -Wfloat-equal -Wpointer-arith -Wwrite-strings -Wformat-security -Wmissing-format-attribute -Wundef -fPIC -fstack-protector -D_GNU_SOURCE -DWITH_VISIBILITY_HIDDEN   -fvisibility=hidden -o CMakeFiles/cmTryCompileExec1927777866.dir/src.c.o   -c /home/asn/workspace/projects/cmocka/obj32/CMakeFiles/CMakeTmp/src.c
Linking C executable cmTryCompileExec1927777866
/usr/bin/cmake -E cmake_link_script CMakeFiles/cmTryCompileExec1927777866.dir/link.txt --verbose=1
/usr/bin/cc  -m32 -std=gnu99 -pedantic -pedantic-errors -Wall -Wextra -Wshadow -Wmissing-prototypes -Wdeclaration-after-statement -Wunused -Wfloat-equal -Wpointer-arith -Wwrite-strings -Wformat-security -Wmissing-format-attribute -Wundef -fPIC -fstack-protector -D_GNU_SOURCE -DWITH_VISIBILITY_HIDDEN   CMakeFiles/cmTryCompileExec1927777866.dir/src.c.o  -o cmTryCompileExec1927777866 -rdynamic 
gmake[1]: Leaving directory '/home/asn/workspace/projects/cmocka/obj32/CMakeFiles/CMakeTmp'

Source file was:
int main(void) { return 0; }
Determining if the include file assert.h exists passed with the following output:
Change Dir: /home/asn/workspace/projects/cmocka/obj32/CMakeFiles/CMakeTmp

Run Build Command:"/usr/bin/gmake" "cmTryCompileExec2334623664/fast"
/usr/bin/gmake -f CMakeFiles/cmTryCompileExec2334623664.dir/build.make CMakeFiles/cmTryCompileExec2334623664.dir/build
gmake[1]: Entering directory '/home/asn/workspace/projects/cmocka/obj32/CMakeFiles/CMakeTmp'
/usr/bin/cmake -E cmake_progress_report /home/asn/workspace/projects/cmocka/obj32/CMakeFiles/CMakeTmp/CMakeFiles 1
Building C object CMakeFiles/cmTryCompileExec2334623664.dir/CheckIncludeFile.c.o
/usr/bin/cc   -m32 -std=gnu99 -pedantic -pedantic-errors -Wall -Wextra -Wshadow -Wmissing-prototypes -Wdeclaration-after-statement -Wunused -Wfloat-equal -Wpointer-arith -Wwrite-strings -Wformat-security -Wmissing-format-attribute -Wundef -fPIC -fstack-protector -D_GNU_SOURCE    -o CMakeFiles/cmTryCompileExec2334623664.dir/CheckIncludeFile.c.o   -c /home/asn/workspace/projects/cmocka/obj32/CMakeFiles/CMakeTmp/CheckIncludeFile.c
Linking C executable cmTryCompileExec2334623664
/usr/bin/cmake -E cmake_link_script CMakeFiles/cmTryCompileExec2334623664.dir/link.txt --verbose=1
/usr/bin/cc  -m32 -std=gnu99 -pedantic -pedantic-errors -Wall -Wextra -Wshadow -Wmissing-prototypes -Wdeclaration-after-statement -Wunused -Wfloat-equal -Wpointer-arith -Wwrite-strings -Wformat-security -Wmissing-format-attribute -Wundef -fPIC -fstack-protector -D_GNU_SOURCE    CMakeFiles/cmTryCompileExec2334623664.dir/CheckIncludeFile.c.o  -o cmTryCompileExec2334623664 -rdynamic 
gmake[1]: Leaving directory '/home/asn/workspace/projects/cmocka/obj32/CMakeFiles/CMakeTmp'


Determining if the include file inttypes.h exists passed with the following output:
Change Dir: /home/asn/workspace/projects/cmocka/obj32/CMakeFiles/CMakeTmp

Run Build Command:"/usr/bin/gmake" "cmTryCompileExec576009615/fast"
/usr/bin/gmake -f CMakeFiles/cmTryCompileExec576009615.dir/build.make CMakeFiles/cmTryCompileExec576009615.dir/build
gmake[1]: Entering directory '/home/asn/workspace/projects/cmocka/obj32/CMakeFiles/CMakeTmp'
/usr/bin/cmake -E cmake_progress_report /home/asn/workspace/projects/cmocka/obj32/CMakeFiles/CMakeTmp/CMakeFiles 1
Building C object CMakeFiles/cmTryCompileExec576009615.dir/CheckIncludeFile.c.o
/usr/bin/cc   -m32 -std=gnu99 -pedantic -pedantic-errors -Wall -Wextra -Wshadow -Wmissing-prototypes -Wdeclaration-after-statement -Wunused -Wfloat-equal -Wpointer-arith -Wwrite-strings -Wformat-security -Wmissing-format-attribute -Wundef -fPIC -fstack-protector -D_GNU_SOURCE    -o CMakeFiles/cmTryCompileExec576009615.dir/CheckIncludeFile.c.o   -c /home/asn/workspace/projects/cmocka/obj32/CMakeFiles/CMakeTmp/CheckIncludeFile.c
Linking C executable cmTryCompileExec576009615
/usr/bin/cmake -E cmake_link_script CMakeFiles/cmTryCompileExec576009615.dir/link.txt --verbose=1
/usr/bin/cc  -m32 -std=gnu99 -pedantic -pedantic-errors -Wall -Wextra -Wshadow -Wmissing-prototypes -Wdeclaration-after-statement -Wunused -Wfloat-equal -Wpointer-arith -Wwrite-strings -Wformat-security -Wmissing-format-attribute -Wundef -fPIC -fstack-protector -D_GNU_SOURCE    CMakeFiles/cmTryCompileExec576009615.dir/CheckIncludeFile.c.o  -o cmTryCompileExec576009615 -rdynamic 
gmake[1]: Leaving directory '/home/asn/workspace/projects/cmocka/obj32/CMakeFiles/CMakeTmp'


Determining if the include file malloc.h exists passed with the following output:
Change Dir: /home/asn/workspace/projects/cmocka/obj32/CMakeFiles/CMakeTmp

Run Build Command:"/usr/bin/gmake" "cmTryCompileExec1143320900/fast"
/usr/bin/gmake -f CMakeFiles/cmTryCompileExec1143320900.dir/build.make CMakeFiles/cmTryCompileExec1143320900.dir/build
gmake[1]: Entering directory '/home/asn/workspace/projects/cmocka/obj32/CMakeFiles/CMakeTmp'
/usr/bin/cmake -E cmake_progress_report /home/asn/workspace/projects/cmocka/obj32/CMakeFiles/CMakeTmp/CMakeFiles 1
Building C object CMakeFiles/cmTryCompileExec1143320900.dir/CheckIncludeFile.c.o
/usr/bin/cc   -m32 -std=gnu99 -pedantic -pedantic-errors -Wall -Wextra -Wshadow -Wmissing-prototypes -Wdeclaration-after-statement -Wunused -Wfloat-equal -Wpointer-arith -Wwrite-strings -Wformat-security -Wmissing-format-attribute -Wundef -fPIC -fstack-protector -D_GNU_SOURCE    -o CMakeFiles/cmTryCompileExec1143320900.dir/CheckIncludeFile.c.o   -c /home/asn/workspace/projects/cmocka/obj32/CMakeFiles/CMakeTmp/CheckIncludeFile.c
Linking C executable cmTryCompileExec1143320900
/usr/bin/cmake -E cmake_link_script CMakeFiles/cmTryCompileExec1143320900.dir/link.txt --verbose=1
/usr/bin/cc  -m32 -std=gnu99 -pedantic -pedantic-errors -Wall -Wextra -Wshadow -Wmissing-prototypes -Wdeclaration-after-statement -Wunused -Wfloat-equal -Wpointer-arith -Wwrite-strings -Wformat-security -Wmissing-format-attribute -Wundef -fPIC -fstack-protector -D_GNU_SOURCE    CMakeFiles/cmTryCompileExec1143320900.dir/CheckIncludeFile.c.o  -o cmTryCompileExec1143320900 -rdynamic 
gmake[1]: Leaving directory '/home/asn/workspace/projects/cmocka/obj32/CMakeFiles/CMakeTmp'


Determining if the include file memory.h exists passed with the following output:
Change Dir: /home/asn/workspace/projects/cmocka/obj32/CMakeFiles/CMakeTmp

Run Build Command:"/usr/bin/gmake" "cmTryCompileExec3947213366/fast"
/usr/bin/gmake -f CMakeFiles/cmTryCompileExec3947213366.dir/build.make CMakeFiles/cmTryCompileExec3947213366.dir/build
gmake[1]: Entering directory '/home/asn/workspace/projects/cmocka/obj32/CMakeFiles/CMakeTmp'
/usr/bin/cmake -E cmake_progress_report /home/asn/workspace/projects/cmocka/obj32/CMakeFiles/CMakeTmp/CMakeFiles 1
Building C object CMakeFiles/cmTryCompileExec3947213366.dir/CheckIncludeFile.c.o
/usr/bin/cc   -m32 -std=gnu99 -pedantic -pedantic-errors -Wall -Wextra -Wshadow -Wmissing-prototypes -Wdeclaration-after-statement -Wunused -Wfloat-equal -Wpointer-arith -Wwrite-strings -Wformat-security -Wmissing-format-attribute -Wundef -fPIC -fstack-protector -D_GNU_SOURCE    -o CMakeFiles/cmTryCompileExec3947213366.dir/CheckIncludeFile.c.o   -c /home/asn/workspace/projects/cmocka/obj32/CMakeFiles/CMakeTmp/CheckIncludeFile.c
Linking C executable cmTryCompileExec3947213366
/usr/bin/cmake -E cmake_link_script CMakeFiles/cmTryCompileExec3947213366.dir/link.txt --verbose=1
/usr/bin/cc  -m32 -std=gnu99 -pedantic -pedantic-errors -Wall -Wextra -Wshadow -Wmissing-prototypes -Wdeclaration-after-statement -Wunused -Wfloat-equal -Wpointer-arith -Wwrite-strings -Wformat-security -Wmissing-format-attribute -Wundef -fPIC -fstack-protector -D_GNU_SOURCE    CMakeFiles/cmTryCompileExec3947213366.dir/CheckIncludeFile.c.o  -o cmTryCompileExec3947213366 -rdynamic 
gmake[1]: Leaving directory '/home/asn/workspace/projects/cmocka/obj32/CMakeFiles/CMakeTmp'


Determining if the include file setjmp.h exists passed with the following output:
Change Dir: /home/asn/workspace/projects/cmocka/obj32/CMakeFiles/CMakeTmp

Run Build Command:"/usr/bin/gmake" "cmTryCompileExec1792064560/fast"
/usr/bin/gmake -f CMakeFiles/cmTryCompileExec1792064560.dir/build.make CMakeFiles/cmTryCompileExec1792064560.dir/build
gmake[1]: Entering directory '/home/asn/workspace/projects/cmocka/obj32/CMakeFiles/CMakeTmp'
/usr/bin/cmake -E cmake_progress_report /home/asn/workspace/projects/cmocka/obj32/CMakeFiles/CMakeTmp/CMakeFiles 1
Building C object CMakeFiles/cmTryCompileExec1792064560.dir/CheckIncludeFile.c.o
/usr/bin/cc   -m32 -std=gnu99 -pedantic -pedantic-errors -Wall -Wextra -Wshadow -Wmissing-prototypes -Wdeclaration-after-statement -Wunused -Wfloat-equal -Wpointer-arith -Wwrite-strings -Wformat-security -Wmissing-format-attribute -Wundef -fPIC -fstack-protector -D_GNU_SOURCE    -o CMakeFiles/cmTryCompileExec1792064560.dir/CheckIncludeFile.c.o   -c /home/asn/workspace/projects/cmocka/obj32/CMakeFiles/CMakeTmp/CheckIncludeFile.c
Linking C executable cmTryCompileExec1792064560
/usr/bin/cmake -E cmake_link_script CMakeFiles/cmTryCompileExec1792064560.dir/link.txt --verbose=1
/usr/bin/cc  -m32 -std=gnu99 -pedantic -pedantic-errors -Wall -Wextra -Wshadow -Wmissing-prototypes -Wdeclaration-after-statement -Wunused -Wfloat-equal -Wpointer-arith -Wwrite-strings -Wformat-security -Wmissing-format-attribute -Wundef -fPIC -fstack-protector -D_GNU_SOURCE    CMakeFiles/cmTryCompileExec1792064560.dir/CheckIncludeFile.c.o  -o cmTryCompileExec1792064560 -rdynamic 
gmake[1]: Leaving directory '/home/asn/workspace/projects/cmocka/obj32/CMakeFiles/CMakeTmp'


Determining if the include file signal.h exists passed with the following output:
Change Dir: /home/asn/workspace/projects/cmocka/obj32/CMakeFiles/CMakeTmp

Run Build Command:"/usr/bin/gmake" "cmTryCompileExec4155636902/fast"
/usr/bin/gmake -f CMakeFiles/cmTryCompileExec4155636902.dir/build.make CMakeFiles/cmTryCompileExec4155636902.dir/build
gmake[1]: Entering directory '/home/asn/workspace/projects/cmocka/obj32/CMakeFiles/CMakeTmp'
/usr/bin/cmake -E cmake_progress_report /home/asn/workspace/projects/cmocka/obj32/CMakeFiles/CMakeTmp/CMakeFiles 1
Building C object CMakeFiles/cmTryCompileExec4155636902.dir/CheckIncludeFile.c.o
/usr/bin/cc   -m32 -std=gnu99 -pedantic -pedantic-errors -Wall -Wextra -Wshadow -Wmissing-prototypes -Wdeclaration-after-statement -Wunused -Wfloat-equal -Wpointer-arith -Wwrite-strings -Wformat-security -Wmissing-format-attribute -Wundef -fPIC -fstack-protector -D_GNU_SOURCE    -o CMakeFiles/cmTryCompileExec4155636902.dir/CheckIncludeFile.c.o   -c /home/asn/workspace/projects/cmocka/obj32/CMakeFiles/CMakeTmp/CheckIncludeFile.c
Linking C executable cmTryCompileExec4155636902
/usr/bin/cmake -E cmake_link_script CMakeFiles/cmTryCompileExec4155636902.dir/link.txt --verbose=1
/usr/bin/cc  -m32 -std=gnu99 -pedantic -pedantic-errors -Wall -Wextra -Wshadow -Wmissing-prototypes -Wdeclaration-after-statement -Wunused -Wfloat-equal -Wpointer-arith -Wwrite-strings -Wformat-security -Wmissing-format-attribute -Wundef -fPIC -fstack-protector -D_GNU_SOURCE    CMakeFiles/cmTryCompileExec4155636902.dir/CheckIncludeFile.c.o  -o cmTryCompileExec4155636902 -rdynamic 
gmake[1]: Leaving directory '/home/asn/workspace/projects/cmocka/obj32/CMakeFiles/CMakeTmp'


Determining if the include file stdarg.h exists passed with the following output:
Change Dir: /home/asn/workspace/projects/cmocka/obj32/CMakeFiles/CMakeTmp

Run Build Command:"/usr/bin/gmake" "cmTryCompileExec4178815011/fast"
/usr/bin/gmake -f CMakeFiles/cmTryCompileExec4178815011.dir/build.make CMakeFiles/cmTryCompileExec4178815011.dir/build
gmake[1]: Entering directory '/home/asn/workspace/projects/cmocka/obj32/CMakeFiles/CMakeTmp'
/usr/bin/cmake -E cmake_progress_report /home/asn/workspace/projects/cmocka/obj32/CMakeFiles/CMakeTmp/CMakeFiles 1
Building C object CMakeFiles/cmTryCompileExec4178815011.dir/CheckIncludeFile.c.o
/usr/bin/cc   -m32 -std=gnu99 -pedantic -pedantic-errors -Wall -Wextra -Wshadow -Wmissing-prototypes -Wdeclaration-after-statement -Wunused -Wfloat-equal -Wpointer-arith -Wwrite-strings -Wformat-security -Wmissing-format-attribute -Wundef -fPIC -fstack-protector -D_GNU_SOURCE    -o CMakeFiles/cmTryCompileExec4178815011.dir/CheckIncludeFile.c.o   -c /home/asn/workspace/projects/cmocka/obj32/CMakeFiles/CMakeTmp/CheckIncludeFile.c
Linking C executable cmTryCompileExec4178815011
/usr/bin/cmake -E cmake_link_script CMakeFiles/cmTryCompileExec4178815011.dir/link.txt --verbose=1
/usr/bin/cc  -m32 -std=gnu99 -pedantic -pedantic-errors -Wall -Wextra -Wshadow -Wmissing-prototypes -Wdeclaration-after-statement -Wunused -Wfloat-equal -Wpointer-arith -Wwrite-strings -Wformat-security -Wmissing-format-attribute -Wundef -fPIC -fstack-protector -D_GNU_SOURCE    CMakeFiles/cmTryCompileExec4178815011.dir/CheckIncludeFile.c.o  -o cmTryCompileExec4178815011 -rdynamic 
gmake[1]: Leaving directory '/home/asn/workspace/projects/cmocka/obj32/CMakeFiles/CMakeTmp'


Determining if the include file stddef.h exists passed with the following output:
Change Dir: /home/asn/workspace/projects/cmocka/obj32/CMakeFiles/CMakeTmp

Run Build Command:"/usr/bin/gmake" "cmTryCompileExec1061248671/fast"
/usr/bin/gmake -f CMakeFiles/cmTryCompileExec1061248671.dir/build.make CMakeFiles/cmTryCompileExec1061248671.dir/build
gmake[1]: Entering directory '/home/asn/workspace/projects/cmocka/obj32/CMakeFiles/CMakeTmp'
/usr/bin/cmake -E cmake_progress_report /home/asn/workspace/projects/cmocka/obj32/CMakeFiles/CMakeTmp/CMakeFiles 1
Building C object CMakeFiles/cmTryCompileExec1061248671.dir/CheckIncludeFile.c.o
/usr/bin/cc   -m32 -std=gnu99 -pedantic -pedantic-errors -Wall -Wextra -Wshadow -Wmissing-prototypes -Wdeclaration-after-statement -Wunused -Wfloat-equal -Wpointer-arith -Wwrite-strings -Wformat-security -Wmissing-format-attribute -Wundef -fPIC -fstack-protector -D_GNU_SOURCE    -o CMakeFiles/cmTryCompileExec1061248671.dir/CheckIncludeFile.c.o   -c /home/asn/workspace/projects/cmocka/obj32/CMakeFiles/CMakeTmp/CheckIncludeFile.c
Linking C executable cmTryCompileExec1061248671
/usr/bin/cmake -E cmake_link_script CMakeFiles/cmTryCompileExec1061248671.dir/link.txt --verbose=1
/usr/bin/cc  -m32 -std=gnu99 -pedantic -pedantic-errors -Wall -Wextra -Wshadow -Wmissing-prototypes -Wdeclaration-after-statement -Wunused -Wfloat-equal -Wpointer-arith -Wwrite-strings -Wformat-security -Wmissing-format-attribute -Wundef -fPIC -fstack-protector -D_GNU_SOURCE    CMakeFiles/cmTryCompileExec1061248671.dir/CheckIncludeFile.c.o  -o cmTryCompileExec1061248671 -rdynamic 
gmake[1]: Leaving directory '/home/asn/workspace/projects/cmocka/obj32/CMakeFiles/CMakeTmp'


Determining if the include file stdint.h exists passed with the following output:
Change Dir: /home/asn/workspace/projects/cmocka/obj32/CMakeFiles/CMakeTmp

Run Build Command:"/usr/bin/gmake" "cmTryCompileExec2067377097/fast"
/usr/bin/gmake -f CMakeFiles/cmTryCompileExec2067377097.dir/build.make CMakeFiles/cmTryCompileExec2067377097.dir/build
gmake[1]: Entering directory '/home/asn/workspace/projects/cmocka/obj32/CMakeFiles/CMakeTmp'
/usr/bin/cmake -E cmake_progress_report /home/asn/workspace/projects/cmocka/obj32/CMakeFiles/CMakeTmp/CMakeFiles 1
Building C object CMakeFiles/cmTryCompileExec2067377097.dir/CheckIncludeFile.c.o
/usr/bin/cc   -m32 -std=gnu99 -pedantic -pedantic-errors -Wall -Wextra -Wshadow -Wmissing-prototypes -Wdeclaration-after-statement -Wunused -Wfloat-equal -Wpointer-arith -Wwrite-strings -Wformat-security -Wmissing-format-attribute -Wundef -fPIC -fstack-protector -D_GNU_SOURCE    -o CMakeFiles/cmTryCompileExec2067377097.dir/CheckIncludeFile.c.o   -c /home/asn/workspace/projects/cmocka/obj32/CMakeFiles/CMakeTmp/CheckIncludeFile.c
Linking C executable cmTryCompileExec2067377097
/usr/bin/cmake -E cmake_link_script CMakeFiles/cmTryCompileExec2067377097.dir/link.txt --verbose=1
/usr/bin/cc  -m32 -std=gnu99 -pedantic -pedantic-errors -Wall -Wextra -Wshadow -Wmissing-prototypes -Wdeclaration-after-statement -Wunused -Wfloat-equal -Wpointer-arith -Wwrite-strings -Wformat-security -Wmissing-format-attribute -Wundef -fPIC -fstack-protector -D_GNU_SOURCE    CMakeFiles/cmTryCompileExec2067377097.dir/CheckIncludeFile.c.o  -o cmTryCompileExec2067377097 -rdynamic 
gmake[1]: Leaving directory '/home/asn/workspace/projects/cmocka/obj32/CMakeFiles/CMakeTmp'


Determining if the include file stdio.h exists passed with the following output:
Change Dir: /home/asn/workspace/projects/cmocka/obj32/CMakeFiles/CMakeTmp

Run Build Command:"/usr/bin/gmake" "cmTryCompileExec3489998803/fast"
/usr/bin/gmake -f CMakeFiles/cmTryCompileExec3489998803.dir/build.make CMakeFiles/cmTryCompileExec3489998803.dir/build
gmake[1]: Entering directory '/home/asn/workspace/projects/cmocka/obj32/CMakeFiles/CMakeTmp'
/usr/bin/cmake -E cmake_progress_report /home/asn/workspace/projects/cmocka/obj32/CMakeFiles/CMakeTmp/CMakeFiles 1
Building C object CMakeFiles/cmTryCompileExec3489998803.dir/CheckIncludeFile.c.o
/usr/bin/cc   -m32 -std=gnu99 -pedantic -pedantic-errors -Wall -Wextra -Wshadow -Wmissing-prototypes -Wdeclaration-after-statement -Wunused -Wfloat-equal -Wpointer-arith -Wwrite-strings -Wformat-security -Wmissing-format-attribute -Wundef -fPIC -fstack-protector -D_GNU_SOURCE    -o CMakeFiles/cmTryCompileExec3489998803.dir/CheckIncludeFile.c.o   -c /home/asn/workspace/projects/cmocka/obj32/CMakeFiles/CMakeTmp/CheckIncludeFile.c
Linking C executable cmTryCompileExec3489998803
/usr/bin/cmake -E cmake_link_script CMakeFiles/cmTryCompileExec3489998803.dir/link.txt --verbose=1
/usr/bin/cc  -m32 -std=gnu99 -pedantic -pedantic-errors -Wall -Wextra -Wshadow -Wmissing-prototypes -Wdeclaration-after-statement -Wunused -Wfloat-equal -Wpointer-arith -Wwrite-strings -Wformat-security -Wmissing-format-attribute -Wundef -fPIC -fstack-protector -D_GNU_SOURCE    CMakeFiles/cmTryCompileExec3489998803.dir/CheckIncludeFile.c.o  -o cmTryCompileExec3489998803 -rdynamic 
gmake[1]: Leaving directory '/home/asn/workspace/projects/cmocka/obj32/CMakeFiles/CMakeTmp'


Determining if the include file stdlib.h exists passed with the following output:
Change Dir: /home/asn/workspace/projects/cmocka/obj32/CMakeFiles/CMakeTmp

Run Build Command:"/usr/bin/gmake" "cmTryCompileExec2163065592/fast"
/usr/bin/gmake -f CMakeFiles/cmTryCompileExec2163065592.dir/build.make CMakeFiles/cmTryCompileExec2163065592.dir/build
gmake[1]: Entering directory '/home/asn/workspace/projects/cmocka/obj32/CMakeFiles/CMakeTmp'
/usr/bin/cmake -E cmake_progress_report /home/asn/workspace/projects/cmocka/obj32/CMakeFiles/CMakeTmp/CMakeFiles 1
Building C object CMakeFiles/cmTryCompileExec2163065592.dir/CheckIncludeFile.c.o
/usr/bin/cc   -m32 -std=gnu99 -pedantic -pedantic-errors -Wall -Wextra -Wshadow -Wmissing-prototypes -Wdeclaration-after-statement -Wunused -Wfloat-equal -Wpointer-arith -Wwrite-strings -Wformat-security -Wmissing-format-attribute -Wundef -fPIC -fstack-protector -D_GNU_SOURCE    -o CMakeFiles/cmTryCompileExec2163065592.dir/CheckIncludeFile.c.o   -c /home/asn/workspace/projects/cmocka/obj32/CMakeFiles/CMakeTmp/CheckIncludeFile.c
Linking C executable cmTryCompileExec2163065592
/usr/bin/cmake -E cmake_link_script CMakeFiles/cmTryCompileExec2163065592.dir/link.txt --verbose=1
/usr/bin/cc  -m32 -std=gnu99 -pedantic -pedantic-errors -Wall -Wextra -Wshadow -Wmissing-prototypes -Wdeclaration-after-statement -Wunused -Wfloat-equal -Wpointer-arith -Wwrite-strings -Wformat-security -Wmissing-format-attribute -Wundef -fPIC -fstack-protector -D_GNU_SOURCE    CMakeFiles/cmTryCompileExec2163065592.dir/CheckIncludeFile.c.o  -o cmTryCompileExec2163065592 -rdynamic 
gmake[1]: Leaving directory '/home/asn/workspace/projects/cmocka/obj32/CMakeFiles/CMakeTmp'


Determining if the include file string.h exists passed with the following output:
Change Dir: /home/asn/workspace/projects/cmocka/obj32/CMakeFiles/CMakeTmp

Run Build Command:"/usr/bin/gmake" "cmTryCompileExec3657025472/fast"
/usr/bin/gmake -f CMakeFiles/cmTryCompileExec3657025472.dir/build.make CMakeFiles/cmTryCompileExec3657025472.dir/build
gmake[1]: Entering directory '/home/asn/workspace/projects/cmocka/obj32/CMakeFiles/CMakeTmp'
/usr/bin/cmake -E cmake_progress_report /home/asn/workspace/projects/cmocka/obj32/CMakeFiles/CMakeTmp/CMakeFiles 1
Building C object CMakeFiles/cmTryCompileExec3657025472.dir/CheckIncludeFile.c.o
/usr/bin/cc   -m32 -std=gnu99 -pedantic -pedantic-errors -Wall -Wextra -Wshadow -Wmissing-prototypes -Wdeclaration-after-statement -Wunused -Wfloat-equal -Wpointer-arith -Wwrite-strings -Wformat-security -Wmissing-format-attribute -Wundef -fPIC -fstack-protector -D_GNU_SOURCE    -o CMakeFiles/cmTryCompileExec3657025472.dir/CheckIncludeFile.c.o   -c /home/asn/workspace/projects/cmocka/obj32/CMakeFiles/CMakeTmp/CheckIncludeFile.c
Linking C executable cmTryCompileExec3657025472
/usr/bin/cmake -E cmake_link_script CMakeFiles/cmTryCompileExec3657025472.dir/link.txt --verbose=1
/usr/bin/cc  -m32 -std=gnu99 -pedantic -pedantic-errors -Wall -Wextra -Wshadow -Wmissing-prototypes -Wdeclaration-after-statement -Wunused -Wfloat-equal -Wpointer-arith -Wwrite-strings -Wformat-security -Wmissing-format-attribute -Wundef -fPIC -fstack-protector -D_GNU_SOURCE    CMakeFiles/cmTryCompileExec3657025472.dir/CheckIncludeFile.c.o  -o cmTryCompileExec3657025472 -rdynamic 
gmake[1]: Leaving directory '/home/asn/workspace/projects/cmocka/obj32/CMakeFiles/CMakeTmp'


Determining if the include file strings.h exists passed with the following output:
Change Dir: /home/asn/workspace/projects/cmocka/obj32/CMakeFiles/CMakeTmp

Run Build Command:"/usr/bin/gmake" "cmTryCompileExec632789629/fast"
/usr/bin/gmake -f CMakeFiles/cmTryCompileExec632789629.dir/build.make CMakeFiles/cmTryCompileExec632789629.dir/build
gmake[1]: Entering directory '/home/asn/workspace/projects/cmocka/obj32/CMakeFiles/CMakeTmp'
/usr/bin/cmake -E cmake_progress_report /home/asn/workspace/projects/cmocka/obj32/CMakeFiles/CMakeTmp/CMakeFiles 1
Building C object CMakeFiles/cmTryCompileExec632789629.dir/CheckIncludeFile.c.o
/usr/bin/cc   -m32 -std=gnu99 -pedantic -pedantic-errors -Wall -Wextra -Wshadow -Wmissing-prototypes -Wdeclaration-after-statement -Wunused -Wfloat-equal -Wpointer-arith -Wwrite-strings -Wformat-security -Wmissing-format-attribute -Wundef -fPIC -fstack-protector -D_GNU_SOURCE    -o CMakeFiles/cmTryCompileExec632789629.dir/CheckIncludeFile.c.o   -c /home/asn/workspace/projects/cmocka/obj32/CMakeFiles/CMakeTmp/CheckIncludeFile.c
Linking C executable cmTryCompileExec632789629
/usr/bin/cmake -E cmake_link_script CMakeFiles/cmTryCompileExec632789629.dir/link.txt --verbose=1
/usr/bin/cc  -m32 -std=gnu99 -pedantic -pedantic-errors -Wall -Wextra -Wshadow -Wmissing-prototypes -Wdeclaration-after-statement -Wunused -Wfloat-equal -Wpointer-arith -Wwrite-strings -Wformat-security -Wmissing-format-attribute -Wundef -fPIC -fstack-protector -D_GNU_SOURCE    CMakeFiles/cmTryCompileExec632789629.dir/CheckIncludeFile.c.o  -o cmTryCompileExec632789629 -rdynamic 
gmake[1]: Leaving directory '/home/asn/workspace/projects/cmocka/obj32/CMakeFiles/CMakeTmp'


Determining if the include file sys/stat.h exists passed with the following output:
Change Dir: /home/asn/workspace/projects/cmocka/obj32/CMakeFiles/CMakeTmp

Run Build Command:"/usr/bin/gmake" "cmTryCompileExec549496187/fast"
/usr/bin/gmake -f CMakeFiles/cmTryCompileExec549496187.dir/build.make CMakeFiles/cmTryCompileExec549496187.dir/build
gmake[1]: Entering directory '/home/asn/workspace/projects/cmocka/obj32/CMakeFiles/CMakeTmp'
/usr/bin/cmake -E cmake_progress_report /home/asn/workspace/projects/cmocka/obj32/CMakeFiles/CMakeTmp/CMakeFiles 1
Building C object CMakeFiles/cmTryCompileExec549496187.dir/CheckIncludeFile.c.o
/usr/bin/cc   -m32 -std=gnu99 -pedantic -pedantic-errors -Wall -Wextra -Wshadow -Wmissing-prototypes -Wdeclaration-after-statement -Wunused -Wfloat-equal -Wpointer-arith -Wwrite-strings -Wformat-security -Wmissing-format-attribute -Wundef -fPIC -fstack-protector -D_GNU_SOURCE    -o CMakeFiles/cmTryCompileExec549496187.dir/CheckIncludeFile.c.o   -c /home/asn/workspace/projects/cmocka/obj32/CMakeFiles/CMakeTmp/CheckIncludeFile.c
Linking C executable cmTryCompileExec549496187
/usr/bin/cmake -E cmake_link_script CMakeFiles/cmTryCompileExec549496187.dir/link.txt --verbose=1
/usr/bin/cc  -m32 -std=gnu99 -pedantic -pedantic-errors -Wall -Wextra -Wshadow -Wmissing-prototypes -Wdeclaration-after-statement -Wunused -Wfloat-equal -Wpointer-arith -Wwrite-strings -Wformat-security -Wmissing-format-attribute -Wundef -fPIC -fstack-protector -D_GNU_SOURCE    CMakeFiles/cmTryCompileExec549496187.dir/CheckIncludeFile.c.o  -o cmTryCompileExec549496187 -rdynamic 
gmake[1]: Leaving directory '/home/asn/workspace/projects/cmocka/obj32/CMakeFiles/CMakeTmp'


Determining if the include file sys/types.h exists passed with the following output:
Change Dir: /home/asn/workspace/projects/cmocka/obj32/CMakeFiles/CMakeTmp

Run Build Command:"/usr/bin/gmake" "cmTryCompileExec4044833761/fast"
/usr/bin/gmake -f CMakeFiles/cmTryCompileExec4044833761.dir/build.make CMakeFiles/cmTryCompileExec4044833761.dir/build
gmake[1]: Entering directory '/home/asn/workspace/projects/cmocka/obj32/CMakeFiles/CMakeTmp'
/usr/bin/cmake -E cmake_progress_report /home/asn/workspace/projects/cmocka/obj32/CMakeFiles/CMakeTmp/CMakeFiles 1
Building C object CMakeFiles/cmTryCompileExec4044833761.dir/CheckIncludeFile.c.o
/usr/bin/cc   -m32 -std=gnu99 -pedantic -pedantic-errors -Wall -Wextra -Wshadow -Wmissing-prototypes -Wdeclaration-after-statement -Wunused -Wfloat-equal -Wpointer-arith -Wwrite-strings -Wformat-security -Wmissing-format-attribute -Wundef -fPIC -fstack-protector -D_GNU_SOURCE    -o CMakeFiles/cmTryCompileExec4044833761.dir/CheckIncludeFile.c.o   -c /home/asn/workspace/projects/cmocka/obj32/CMakeFiles/CMakeTmp/CheckIncludeFile.c
Linking C executable cmTryCompileExec4044833761
/usr/bin/cmake -E cmake_link_script CMakeFiles/cmTryCompileExec4044833761.dir/link.txt --verbose=1
/usr/bin/cc  -m32 -std=gnu99 -pedantic -pedantic-errors -Wall -Wextra -Wshadow -Wmissing-prototypes -Wdeclaration-after-statement -Wunused -Wfloat-equal -Wpointer-arith -Wwrite-strings -Wformat-security -Wmissing-format-attribute -Wundef -fPIC -fstack-protector -D_GNU_SOURCE    CMakeFiles/cmTryCompileExec4044833761.dir/CheckIncludeFile.c.o  -o cmTryCompileExec4044833761 -rdynamic 
gmake[1]: Leaving directory '/home/asn/workspace/projects/cmocka/obj32/CMakeFiles/CMakeTmp'


Determining if the include file time.h exists passed with the following output:
Change Dir: /home/asn/workspace/projects/cmocka/obj32/CMakeFiles/CMakeTmp

Run Build Command:"/usr/bin/gmake" "cmTryCompileExec83556727/fast"
/usr/bin/gmake -f CMakeFiles/cmTryCompileExec83556727.dir/build.make CMakeFiles/cmTryCompileExec83556727.dir/build
gmake[1]: Entering directory '/home/asn/workspace/projects/cmocka/obj32/CMakeFiles/CMakeTmp'
/usr/bin/cmake -E cmake_progress_report /home/asn/workspace/projects/cmocka/obj32/CMakeFiles/CMakeTmp/CMakeFiles 1
Building C object CMakeFiles/cmTryCompileExec83556727.dir/CheckIncludeFile.c.o
/usr/bin/cc   -m32 -std=gnu99 -pedantic -pedantic-errors -Wall -Wextra -Wshadow -Wmissing-prototypes -Wdeclaration-after-statement -Wunused -Wfloat-equal -Wpointer-arith -Wwrite-strings -Wformat-security -Wmissing-format-attribute -Wundef -fPIC -fstack-protector -D_GNU_SOURCE    -o CMakeFiles/cmTryCompileExec83556727.dir/CheckIncludeFile.c.o   -c /home/asn/workspace/projects/cmocka/obj32/CMakeFiles/CMakeTmp/CheckIncludeFile.c
Linking C executable cmTryCompileExec83556727
/usr/bin/cmake -E cmake_link_script CMakeFiles/cmTryCompileExec83556727.dir/link.txt --verbose=1
/usr/bin/cc  -m32 -std=gnu99 -pedantic -pedantic-errors -Wall -Wextra -Wshadow -Wmissing-prototypes -Wdeclaration-after-statement -Wunused -Wfloat-equal -Wpointer-arith -Wwrite-strings -Wformat-security -Wmissing-format-attribute -Wundef -fPIC -fstack-protector -D_GNU_SOURCE    CMakeFiles/cmTryCompileExec83556727.dir/CheckIncludeFile.c.o  -o cmTryCompileExec83556727 -rdynamic 
gmake[1]: Leaving directory '/home/asn/workspace/projects/cmocka/obj32/CMakeFiles/CMakeTmp'


Determining if the include file unistd.h exists passed with the following output:
Change Dir: /home/asn/workspace/projects/cmocka/obj32/CMakeFiles/CMakeTmp

Run Build Command:"/usr/bin/gmake" "cmTryCompileExec2224135954/fast"
/usr/bin/gmake -f CMakeFiles/cmTryCompileExec2224135954.dir/build.make CMakeFiles/cmTryCompileExec2224135954.dir/build
gmake[1]: Entering directory '/home/asn/workspace/projects/cmocka/obj32/CMakeFiles/CMakeTmp'
/usr/bin/cmake -E cmake_progress_report /home/asn/workspace/projects/cmocka/obj32/CMakeFiles/CMakeTmp/CMakeFiles 1
Building C object CMakeFiles/cmTryCompileExec2224135954.dir/CheckIncludeFile.c.o
/usr/bin/cc   -m32 -std=gnu99 -pedantic -pedantic-errors -Wall -Wextra -Wshadow -Wmissing-prototypes -Wdeclaration-after-statement -Wunused -Wfloat-equal -Wpointer-arith -Wwrite-strings -Wformat-security -Wmissing-format-attribute -Wundef -fPIC -fstack-protector -D_GNU_SOURCE    -o CMakeFiles/cmTryCompileExec2224135954.dir/CheckIncludeFile.c.o   -c /home/asn/workspace/projects/cmocka/obj32/CMakeFiles/CMakeTmp/CheckIncludeFile.c
Linking C executable cmTryCompileExec2224135954
/usr/bin/cmake -E cmake_link_script CMakeFiles/cmTryCompileExec2224135954.dir/link.txt --verbose=1
/usr/bin/cc  -m32 -std=gnu99 -pedantic -pedantic-errors -Wall -Wextra -Wshadow -Wmissing-prototypes -Wdeclaration-after-statement -Wunused -Wfloat-equal -Wpointer-arith -Wwrite-strings -Wformat-security -Wmissing-format-attribute -Wundef -fPIC -fstack-protector -D_GNU_SOURCE    CMakeFiles/cmTryCompileExec2224135954.dir/CheckIncludeFile.c.o  -o cmTryCompileExec2224135954 -rdynamic 
gmake[1]: Leaving directory '/home/asn/workspace/projects/cmocka/obj32/CMakeFiles/CMakeTmp'


Performing C SOURCE FILE Test HAVE_STRUCT_TIMESPEC succeded with the following output:
Change Dir: /home/asn/workspace/projects/cmocka/obj32/CMakeFiles/CMakeTmp

Run Build Command:"/usr/bin/gmake" "cmTryCompileExec2775395668/fast"
/usr/bin/gmake -f CMakeFiles/cmTryCompileExec2775395668.dir/build.make CMakeFiles/cmTryCompileExec2775395668.dir/build
gmake[1]: Entering directory '/home/asn/workspace/projects/cmocka/obj32/CMakeFiles/CMakeTmp'
/usr/bin/cmake -E cmake_progress_report /home/asn/workspace/projects/cmocka/obj32/CMakeFiles/CMakeTmp/CMakeFiles 1
Building C object CMakeFiles/cmTryCompileExec2775395668.dir/src.c.o
/usr/bin/cc   -m32 -std=gnu99 -pedantic -pedantic-errors -Wall -Wextra -Wshadow -Wmissing-prototypes -Wdeclaration-after-statement -Wunused -Wfloat-equal -Wpointer-arith -Wwrite-strings -Wformat-security -Wmissing-format-attribute -Wundef -fPIC -fstack-protector -D_GNU_SOURCE -DHAVE_STRUCT_TIMESPEC   -o CMakeFiles/cmTryCompileExec2775395668.dir/src.c.o   -c /home/asn/workspace/projects/cmocka/obj32/CMakeFiles/CMakeTmp/src.c
Linking C executable cmTryCompileExec2775395668
/usr/bin/cmake -E cmake_link_script CMakeFiles/cmTryCompileExec2775395668.dir/link.txt --verbose=1
/usr/bin/cc  -m32 -std=gnu99 -pedantic -pedantic-errors -Wall -Wextra -Wshadow -Wmissing-prototypes -Wdeclaration-after-statement -Wunused -Wfloat-equal -Wpointer-arith -Wwrite-strings -Wformat-security -Wmissing-format-attribute -Wundef -fPIC -fstack-protector -D_GNU_SOURCE -DHAVE_STRUCT_TIMESPEC   CMakeFiles/cmTryCompileExec2775395668.dir/src.c.o  -o cmTryCompileExec2775395668 -rdynamic 
gmake[1]: Leaving directory '/home/asn/workspace/projects/cmocka/obj32/CMakeFiles/CMakeTmp'

Source file was:

#include <time.h>

int main()
{
   struct timespec* tmp;
   (void) tmp->tv_sec;
   return 0;
}

Determining if the function calloc exists passed with the following output:
Change Dir: /home/asn/workspace/projects/cmocka/obj32/CMakeFiles/CMakeTmp

Run Build Command:"/usr/bin/gmake" "cmTryCompileExec4093900667/fast"
/usr/bin/gmake -f CMakeFiles/cmTryCompileExec4093900667.dir/build.make CMakeFiles/cmTryCompileExec4093900667.dir/build
gmake[1]: Entering directory '/home/asn/workspace/projects/cmocka/obj32/CMakeFiles/CMakeTmp'
/usr/bin/cmake -E cmake_progress_report /home/asn/workspace/projects/cmocka/obj32/CMakeFiles/CMakeTmp/CMakeFiles 1
Building C object CMakeFiles/cmTryCompileExec4093900667.dir/CheckFunctionExists.c.o
/usr/bin/cc   -m32 -std=gnu99 -pedantic -pedantic-errors -Wall -Wextra -Wshadow -Wmissing-prototypes -Wdeclaration-after-statement -Wunused -Wfloat-equal -Wpointer-arith -Wwrite-strings -Wformat-security -Wmissing-format-attribute -Wundef -fPIC -fstack-protector -D_GNU_SOURCE -DCHECK_FUNCTION_EXISTS=calloc   -o CMakeFiles/cmTryCompileExec4093900667.dir/CheckFunctionExists.c.o   -c /usr/share/cmake/Modules/CheckFunctionExists.c
<command-line>:0:23: warning: conflicting types for built-in function ‘calloc’ [enabled by default]
/usr/share/cmake/Modules/CheckFunctionExists.c:3:6: note: in expansion of macro ‘CHECK_FUNCTION_EXISTS’
 char CHECK_FUNCTION_EXISTS();
      ^
Linking C executable cmTryCompileExec4093900667
/usr/bin/cmake -E cmake_link_script CMakeFiles/cmTryCompileExec4093900667.dir/link.txt --verbose=1
/usr/bin/cc  -m32 -std=gnu99 -pedantic -pedantic-errors -Wall -Wextra -Wshadow -Wmissing-prototypes -Wdeclaration-after-statement -Wunused -Wfloat-equal -Wpointer-arith -Wwrite-strings -Wformat-security -Wmissing-format-attribute -Wundef -fPIC -fstack-protector -D_GNU_SOURCE -DCHECK_FUNCTION_EXISTS=calloc   CMakeFiles/cmTryCompileExec4093900667.dir/CheckFunctionExists.c.o  -o cmTryCompileExec4093900667 -rdynamic 
gmake[1]: Leaving directory '/home/asn/workspace/projects/cmocka/obj32/CMakeFiles/CMakeTmp'


Determining if the function exit exists passed with the following output:
Change Dir: /home/asn/workspace/projects/cmocka/obj32/CMakeFiles/CMakeTmp

Run Build Command:"/usr/bin/gmake" "cmTryCompileExec3827581449/fast"
/usr/bin/gmake -f CMakeFiles/cmTryCompileExec3827581449.dir/build.make CMakeFiles/cmTryCompileExec3827581449.dir/build
gmake[1]: Entering directory '/home/asn/workspace/projects/cmocka/obj32/CMakeFiles/CMakeTmp'
/usr/bin/cmake -E cmake_progress_report /home/asn/workspace/projects/cmocka/obj32/CMakeFiles/CMakeTmp/CMakeFiles 1
Building C object CMakeFiles/cmTryCompileExec3827581449.dir/CheckFunctionExists.c.o
/usr/bin/cc   -m32 -std=gnu99 -pedantic -pedantic-errors -Wall -Wextra -Wshadow -Wmissing-prototypes -Wdeclaration-after-statement -Wunused -Wfloat-equal -Wpointer-arith -Wwrite-strings -Wformat-security -Wmissing-format-attribute -Wundef -fPIC -fstack-protector -D_GNU_SOURCE -DCHECK_FUNCTION_EXISTS=exit   -o CMakeFiles/cmTryCompileExec3827581449.dir/CheckFunctionExists.c.o   -c /usr/share/cmake/Modules/CheckFunctionExists.c
<command-line>:0:23: warning: conflicting types for built-in function ‘exit’ [enabled by default]
/usr/share/cmake/Modules/CheckFunctionExists.c:3:6: note: in expansion of macro ‘CHECK_FUNCTION_EXISTS’
 char CHECK_FUNCTION_EXISTS();
      ^
Linking C executable cmTryCompileExec3827581449
/usr/bin/cmake -E cmake_link_script CMakeFiles/cmTryCompileExec3827581449.dir/link.txt --verbose=1
/usr/bin/cc  -m32 -std=gnu99 -pedantic -pedantic-errors -Wall -Wextra -Wshadow -Wmissing-prototypes -Wdeclaration-after-statement -Wunused -Wfloat-equal -Wpointer-arith -Wwrite-strings -Wformat-security -Wmissing-format-attribute -Wundef -fPIC -fstack-protector -D_GNU_SOURCE -DCHECK_FUNCTION_EXISTS=exit   CMakeFiles/cmTryCompileExec3827581449.dir/CheckFunctionExists.c.o  -o cmTryCompileExec3827581449 -rdynamic 
gmake[1]: Leaving directory '/home/asn/workspace/projects/cmocka/obj32/CMakeFiles/CMakeTmp'


Determining if the function fprintf exists passed with the following output:
Change Dir: /home/asn/workspace/projects/cmocka/obj32/CMakeFiles/CMakeTmp

Run Build Command:"/usr/bin/gmake" "cmTryCompileExec2142518846/fast"
/usr/bin/gmake -f CMakeFiles/cmTryCompileExec2142518846.dir/build.make CMakeFiles/cmTryCompileExec2142518846.dir/build
gmake[1]: Entering directory '/home/asn/workspace/projects/cmocka/obj32/CMakeFiles/CMakeTmp'
/usr/bin/cmake -E cmake_progress_report /home/asn/workspace/projects/cmocka/obj32/CMakeFiles/CMakeTmp/CMakeFiles 1
Building C object CMakeFiles/cmTryCompileExec2142518846.dir/CheckFunctionExists.c.o
/usr/bin/cc   -m32 -std=gnu99 -pedantic -pedantic-errors -Wall -Wextra -Wshadow -Wmissing-prototypes -Wdeclaration-after-statement -Wunused -Wfloat-equal -Wpointer-arith -Wwrite-strings -Wformat-security -Wmissing-format-attribute -Wundef -fPIC -fstack-protector -D_GNU_SOURCE -DCHECK_FUNCTION_EXISTS=fprintf   -o CMakeFiles/cmTryCompileExec2142518846.dir/CheckFunctionExists.c.o   -c /usr/share/cmake/Modules/CheckFunctionExists.c
<command-line>:0:23: warning: conflicting types for built-in function ‘fprintf’ [enabled by default]
/usr/share/cmake/Modules/CheckFunctionExists.c:3:6: note: in expansion of macro ‘CHECK_FUNCTION_EXISTS’
 char CHECK_FUNCTION_EXISTS();
      ^
Linking C executable cmTryCompileExec2142518846
/usr/bin/cmake -E cmake_link_script CMakeFiles/cmTryCompileExec2142518846.dir/link.txt --verbose=1
/usr/bin/cc  -m32 -std=gnu99 -pedantic -pedantic-errors -Wall -Wextra -Wshadow -Wmissing-prototypes -Wdeclaration-after-statement -Wunused -Wfloat-equal -Wpointer-arith -Wwrite-strings -Wformat-security -Wmissing-format-attribute -Wundef -fPIC -fstack-protector -D_GNU_SOURCE -DCHECK_FUNCTION_EXISTS=fprintf   CMakeFiles/cmTryCompileExec2142518846.dir/CheckFunctionExists.c.o  -o cmTryCompileExec2142518846 -rdynamic 
gmake[1]: Leaving directory '/home/asn/workspace/projects/cmocka/obj32/CMakeFiles/CMakeTmp'


Determining if the function free exists passed with the following output:
Change Dir: /home/asn/workspace/projects/cmocka/obj32/CMakeFiles/CMakeTmp

Run Build Command:"/usr/bin/gmake" "cmTryCompileExec3012007982/fast"
/usr/bin/gmake -f CMakeFiles/cmTryCompileExec3012007982.dir/build.make CMakeFiles/cmTryCompileExec3012007982.dir/build
gmake[1]: Entering directory '/home/asn/workspace/projects/cmocka/obj32/CMakeFiles/CMakeTmp'
/usr/bin/cmake -E cmake_progress_report /home/asn/workspace/projects/cmocka/obj32/CMakeFiles/CMakeTmp/CMakeFiles 1
Building C object CMakeFiles/cmTryCompileExec3012007982.dir/CheckFunctionExists.c.o
/usr/bin/cc   -m32 -std=gnu99 -pedantic -pedantic-errors -Wall -Wextra -Wshadow -Wmissing-prototypes -Wdeclaration-after-statement -Wunused -Wfloat-equal -Wpointer-arith -Wwrite-strings -Wformat-security -Wmissing-format-attribute -Wundef -fPIC -fstack-protector -D_GNU_SOURCE -DCHECK_FUNCTION_EXISTS=free   -o CMakeFiles/cmTryCompileExec3012007982.dir/CheckFunctionExists.c.o   -c /usr/share/cmake/Modules/CheckFunctionExists.c
<command-line>:0:23: warning: conflicting types for built-in function ‘free’ [enabled by default]
/usr/share/cmake/Modules/CheckFunctionExists.c:3:6: note: in expansion of macro ‘CHECK_FUNCTION_EXISTS’
 char CHECK_FUNCTION_EXISTS();
      ^
Linking C executable cmTryCompileExec3012007982
/usr/bin/cmake -E cmake_link_script CMakeFiles/cmTryCompileExec3012007982.dir/link.txt --verbose=1
/usr/bin/cc  -m32 -std=gnu99 -pedantic -pedantic-errors -Wall -Wextra -Wshadow -Wmissing-prototypes -Wdeclaration-after-statement -Wunused -Wfloat-equal -Wpointer-arith -Wwrite-strings -Wformat-security -Wmissing-format-attribute -Wundef -fPIC -fstack-protector -D_GNU_SOURCE -DCHECK_FUNCTION_EXISTS=free   CMakeFiles/cmTryCompileExec3012007982.dir/CheckFunctionExists.c.o  -o cmTryCompileExec3012007982 -rdynamic 
gmake[1]: Leaving directory '/home/asn/workspace/projects/cmocka/obj32/CMakeFiles/CMakeTmp'


Determining if the function longjmp exists passed with the following output:
Change Dir: /home/asn/workspace/projects/cmocka/obj32/CMakeFiles/CMakeTmp

Run Build Command:"/usr/bin/gmake" "cmTryCompileExec2613170560/fast"
/usr/bin/gmake -f CMakeFiles/cmTryCompileExec2613170560.dir/build.make CMakeFiles/cmTryCompileExec2613170560.dir/build
gmake[1]: Entering directory '/home/asn/workspace/projects/cmocka/obj32/CMakeFiles/CMakeTmp'
/usr/bin/cmake -E cmake_progress_report /home/asn/workspace/projects/cmocka/obj32/CMakeFiles/CMakeTmp/CMakeFiles 1
Building C object CMakeFiles/cmTryCompileExec2613170560.dir/CheckFunctionExists.c.o
/usr/bin/cc   -m32 -std=gnu99 -pedantic -pedantic-errors -Wall -Wextra -Wshadow -Wmissing-prototypes -Wdeclaration-after-statement -Wunused -Wfloat-equal -Wpointer-arith -Wwrite-strings -Wformat-security -Wmissing-format-attribute -Wundef -fPIC -fstack-protector -D_GNU_SOURCE -DCHECK_FUNCTION_EXISTS=longjmp   -o CMakeFiles/cmTryCompileExec2613170560.dir/CheckFunctionExists.c.o   -c /usr/share/cmake/Modules/CheckFunctionExists.c
Linking C executable cmTryCompileExec2613170560
/usr/bin/cmake -E cmake_link_script CMakeFiles/cmTryCompileExec2613170560.dir/link.txt --verbose=1
/usr/bin/cc  -m32 -std=gnu99 -pedantic -pedantic-errors -Wall -Wextra -Wshadow -Wmissing-prototypes -Wdeclaration-after-statement -Wunused -Wfloat-equal -Wpointer-arith -Wwrite-strings -Wformat-security -Wmissing-format-attribute -Wundef -fPIC -fstack-protector -D_GNU_SOURCE -DCHECK_FUNCTION_EXISTS=longjmp   CMakeFiles/cmTryCompileExec2613170560.dir/CheckFunctionExists.c.o  -o cmTryCompileExec2613170560 -rdynamic 
gmake[1]: Leaving directory '/home/asn/workspace/projects/cmocka/obj32/CMakeFiles/CMakeTmp'


Determining if the function malloc exists passed with the following output:
Change Dir: /home/asn/workspace/projects/cmocka/obj32/CMakeFiles/CMakeTmp

Run Build Command:"/usr/bin/gmake" "cmTryCompileExec2369594826/fast"
/usr/bin/gmake -f CMakeFiles/cmTryCompileExec2369594826.dir/build.make CMakeFiles/cmTryCompileExec2369594826.dir/build
gmake[1]: Entering directory '/home/asn/workspace/projects/cmocka/obj32/CMakeFiles/CMakeTmp'
/usr/bin/cmake -E cmake_progress_report /home/asn/workspace/projects/cmocka/obj32/CMakeFiles/CMakeTmp/CMakeFiles 1
Building C object CMakeFiles/cmTryCompileExec2369594826.dir/CheckFunctionExists.c.o
/usr/bin/cc   -m32 -std=gnu99 -pedantic -pedantic-errors -Wall -Wextra -Wshadow -Wmissing-prototypes -Wdeclaration-after-statement -Wunused -Wfloat-equal -Wpointer-arith -Wwrite-strings -Wformat-security -Wmissing-format-attribute -Wundef -fPIC -fstack-protector -D_GNU_SOURCE -DCHECK_FUNCTION_EXISTS=malloc   -o CMakeFiles/cmTryCompileExec2369594826.dir/CheckFunctionExists.c.o   -c /usr/share/cmake/Modules/CheckFunctionExists.c
<command-line>:0:23: warning: conflicting types for built-in function ‘malloc’ [enabled by default]
/usr/share/cmake/Modules/CheckFunctionExists.c:3:6: note: in expansion of macro ‘CHECK_FUNCTION_EXISTS’
 char CHECK_FUNCTION_EXISTS();
      ^
Linking C executable cmTryCompileExec2369594826
/usr/bin/cmake -E cmake_link_script CMakeFiles/cmTryCompileExec2369594826.dir/link.txt --verbose=1
/usr/bin/cc  -m32 -std=gnu99 -pedantic -pedantic-errors -Wall -Wextra -Wshadow -Wmissing-prototypes -Wdeclaration-after-statement -Wunused -Wfloat-equal -Wpointer-arith -Wwrite-strings -Wformat-security -Wmissing-format-attribute -Wundef -fPIC -fstack-protector -D_GNU_SOURCE -DCHECK_FUNCTION_EXISTS=malloc   CMakeFiles/cmTryCompileExec2369594826.dir/CheckFunctionExists.c.o  -o cmTryCompileExec2369594826 -rdynamic 
gmake[1]: Leaving directory '/home/asn/workspace/projects/cmocka/obj32/CMakeFiles/CMakeTmp'


Determining if the function memcpy exists passed with the following output:
Change Dir: /home/asn/workspace/projects/cmocka/obj32/CMakeFiles/CMakeTmp

Run Build Command:"/usr/bin/gmake" "cmTryCompileExec2188290319/fast"
/usr/bin/gmake -f CMakeFiles/cmTryCompileExec2188290319.dir/build.make CMakeFiles/cmTryCompileExec2188290319.dir/build
gmake[1]: Entering directory '/home/asn/workspace/projects/cmocka/obj32/CMakeFiles/CMakeTmp'
/usr/bin/cmake -E cmake_progress_report /home/asn/workspace/projects/cmocka/obj32/CMakeFiles/CMakeTmp/CMakeFiles 1
Building C object CMakeFiles/cmTryCompileExec2188290319.dir/CheckFunctionExists.c.o
/usr/bin/cc   -m32 -std=gnu99 -pedantic -pedantic-errors -Wall -Wextra -Wshadow -Wmissing-prototypes -Wdeclaration-after-statement -Wunused -Wfloat-equal -Wpointer-arith -Wwrite-strings -Wformat-security -Wmissing-format-attribute -Wundef -fPIC -fstack-protector -D_GNU_SOURCE -DCHECK_FUNCTION_EXISTS=memcpy   -o CMakeFiles/cmTryCompileExec2188290319.dir/CheckFunctionExists.c.o   -c /usr/share/cmake/Modules/CheckFunctionExists.c
<command-line>:0:23: warning: conflicting types for built-in function ‘memcpy’ [enabled by default]
/usr/share/cmake/Modules/CheckFunctionExists.c:3:6: note: in expansion of macro ‘CHECK_FUNCTION_EXISTS’
 char CHECK_FUNCTION_EXISTS();
      ^
Linking C executable cmTryCompileExec2188290319
/usr/bin/cmake -E cmake_link_script CMakeFiles/cmTryCompileExec2188290319.dir/link.txt --verbose=1
/usr/bin/cc  -m32 -std=gnu99 -pedantic -pedantic-errors -Wall -Wextra -Wshadow -Wmissing-prototypes -Wdeclaration-after-statement -Wunused -Wfloat-equal -Wpointer-arith -Wwrite-strings -Wformat-security -Wmissing-format-attribute -Wundef -fPIC -fstack-protector -D_GNU_SOURCE -DCHECK_FUNCTION_EXISTS=memcpy   CMakeFiles/cmTryCompileExec2188290319.dir/CheckFunctionExists.c.o  -o cmTryCompileExec2188290319 -rdynamic 
gmake[1]: Leaving directory '/home/asn/workspace/projects/cmocka/obj32/CMakeFiles/CMakeTmp'


Determining if the function memset exists passed with the following output:
Change Dir: /home/asn/workspace/projects/cmocka/obj32/CMakeFiles/CMakeTmp

Run Build Command:"/usr/bin/gmake" "cmTryCompileExec2414935015/fast"
/usr/bin/gmake -f CMakeFiles/cmTryCompileExec2414935015.dir/build.make CMakeFiles/cmTryCompileExec2414935015.dir/build
gmake[1]: Entering directory '/home/asn/workspace/projects/cmocka/obj32/CMakeFiles/CMakeTmp'
/usr/bin/cmake -E cmake_progress_report /home/asn/workspace/projects/cmocka/obj32/CMakeFiles/CMakeTmp/CMakeFiles 1
Building C object CMakeFiles/cmTryCompileExec2414935015.dir/CheckFunctionExists.c.o
/usr/bin/cc   -m32 -std=gnu99 -pedantic -pedantic-errors -Wall -Wextra -Wshadow -Wmissing-prototypes -Wdeclaration-after-statement -Wunused -Wfloat-equal -Wpointer-arith -Wwrite-strings -Wformat-security -Wmissing-format-attribute -Wundef -fPIC -fstack-protector -D_GNU_SOURCE -DCHECK_FUNCTION_EXISTS=memset   -o CMakeFiles/cmTryCompileExec2414935015.dir/CheckFunctionExists.c.o   -c /usr/share/cmake/Modules/CheckFunctionExists.c
<command-line>:0:23: warning: conflicting types for built-in function ‘memset’ [enabled by default]
/usr/share/cmake/Modules/CheckFunctionExists.c:3:6: note: in expansion of macro ‘CHECK_FUNCTION_EXISTS’
 char CHECK_FUNCTION_EXISTS();
      ^
Linking C executable cmTryCompileExec2414935015
/usr/bin/cmake -E cmake_link_script CMakeFiles/cmTryCompileExec2414935015.dir/link.txt --verbose=1
/usr/bin/cc  -m32 -std=gnu99 -pedantic -pedantic-errors -Wall -Wextra -Wshadow -Wmissing-prototypes -Wdeclaration-after-statement -Wunused -Wfloat-equal -Wpointer-arith -Wwrite-strings -Wformat-security -Wmissing-format-attribute -Wundef -fPIC -fstack-protector -D_GNU_SOURCE -DCHECK_FUNCTION_EXISTS=memset   CMakeFiles/cmTryCompileExec2414935015.dir/CheckFunctionExists.c.o  -o cmTryCompileExec2414935015 -rdynamic 
gmake[1]: Leaving directory '/home/asn/workspace/projects/cmocka/obj32/CMakeFiles/CMakeTmp'


Determining if the function printf exists passed with the following output:
Change Dir: /home/asn/workspace/projects/cmocka/obj32/CMakeFiles/CMakeTmp

Run Build Command:"/usr/bin/gmake" "cmTryCompileExec1093770161/fast"
/usr/bin/gmake -f CMakeFiles/cmTryCompileExec1093770161.dir/build.make CMakeFiles/cmTryCompileExec1093770161.dir/build
gmake[1]: Entering directory '/home/asn/workspace/projects/cmocka/obj32/CMakeFiles/CMakeTmp'
/usr/bin/cmake -E cmake_progress_report /home/asn/workspace/projects/cmocka/obj32/CMakeFiles/CMakeTmp/CMakeFiles 1
Building C object CMakeFiles/cmTryCompileExec1093770161.dir/CheckFunctionExists.c.o
/usr/bin/cc   -m32 -std=gnu99 -pedantic -pedantic-errors -Wall -Wextra -Wshadow -Wmissing-prototypes -Wdeclaration-after-statement -Wunused -Wfloat-equal -Wpointer-arith -Wwrite-strings -Wformat-security -Wmissing-format-attribute -Wundef -fPIC -fstack-protector -D_GNU_SOURCE -DCHECK_FUNCTION_EXISTS=printf   -o CMakeFiles/cmTryCompileExec1093770161.dir/CheckFunctionExists.c.o   -c /usr/share/cmake/Modules/CheckFunctionExists.c
<command-line>:0:23: warning: conflicting types for built-in function ‘printf’ [enabled by default]
/usr/share/cmake/Modules/CheckFunctionExists.c:3:6: note: in expansion of macro ‘CHECK_FUNCTION_EXISTS’
 char CHECK_FUNCTION_EXISTS();
      ^
Linking C executable cmTryCompileExec1093770161
/usr/bin/cmake -E cmake_link_script CMakeFiles/cmTryCompileExec1093770161.dir/link.txt --verbose=1
/usr/bin/cc  -m32 -std=gnu99 -pedantic -pedantic-errors -Wall -Wextra -Wshadow -Wmissing-prototypes -Wdeclaration-after-statement -Wunused -Wfloat-equal -Wpointer-arith -Wwrite-strings -Wformat-security -Wmissing-format-attribute -Wundef -fPIC -fstack-protector -D_GNU_SOURCE -DCHECK_FUNCTION_EXISTS=printf   CMakeFiles/cmTryCompileExec1093770161.dir/CheckFunctionExists.c.o  -o cmTryCompileExec1093770161 -rdynamic 
gmake[1]: Leaving directory '/home/asn/workspace/projects/cmocka/obj32/CMakeFiles/CMakeTmp'


Determining if the function setjmp exists passed with the following output:
Change Dir: /home/asn/workspace/projects/cmocka/obj32/CMakeFiles/CMakeTmp

Run Build Command:"/usr/bin/gmake" "cmTryCompileExec3837704371/fast"
/usr/bin/gmake -f CMakeFiles/cmTryCompileExec3837704371.dir/build.make CMakeFiles/cmTryCompileExec3837704371.dir/build
gmake[1]: Entering directory '/home/asn/workspace/projects/cmocka/obj32/CMakeFiles/CMakeTmp'
/usr/bin/cmake -E cmake_progress_report /home/asn/workspace/projects/cmocka/obj32/CMakeFiles/CMakeTmp/CMakeFiles 1
Building C object CMakeFiles/cmTryCompileExec3837704371.dir/CheckFunctionExists.c.o
/usr/bin/cc   -m32 -std=gnu99 -pedantic -pedantic-errors -Wall -Wextra -Wshadow -Wmissing-prototypes -Wdeclaration-after-statement -Wunused -Wfloat-equal -Wpointer-arith -Wwrite-strings -Wformat-security -Wmissing-format-attribute -Wundef -fPIC -fstack-protector -D_GNU_SOURCE -DCHECK_FUNCTION_EXISTS=setjmp   -o CMakeFiles/cmTryCompileExec3837704371.dir/CheckFunctionExists.c.o   -c /usr/share/cmake/Modules/CheckFunctionExists.c
Linking C executable cmTryCompileExec3837704371
/usr/bin/cmake -E cmake_link_script CMakeFiles/cmTryCompileExec3837704371.dir/link.txt --verbose=1
/usr/bin/cc  -m32 -std=gnu99 -pedantic -pedantic-errors -Wall -Wextra -Wshadow -Wmissing-prototypes -Wdeclaration-after-statement -Wunused -Wfloat-equal -Wpointer-arith -Wwrite-strings -Wformat-security -Wmissing-format-attribute -Wundef -fPIC -fstack-protector -D_GNU_SOURCE -DCHECK_FUNCTION_EXISTS=setjmp   CMakeFiles/cmTryCompileExec3837704371.dir/CheckFunctionExists.c.o  -o cmTryCompileExec3837704371 -rdynamic 
gmake[1]: Leaving directory '/home/asn/workspace/projects/cmocka/obj32/CMakeFiles/CMakeTmp'


Determining if the function signal exists passed with the following output:
Change Dir: /home/asn/workspace/projects/cmocka/obj32/CMakeFiles/CMakeTmp

Run Build Command:"/usr/bin/gmake" "cmTryCompileExec511510584/fast"
/usr/bin/gmake -f CMakeFiles/cmTryCompileExec511510584.dir/build.make CMakeFiles/cmTryCompileExec511510584.dir/build
gmake[1]: Entering directory '/home/asn/workspace/projects/cmocka/obj32/CMakeFiles/CMakeTmp'
/usr/bin/cmake -E cmake_progress_report /home/asn/workspace/projects/cmocka/obj32/CMakeFiles/CMakeTmp/CMakeFiles 1
Building C object CMakeFiles/cmTryCompileExec511510584.dir/CheckFunctionExists.c.o
/usr/bin/cc   -m32 -std=gnu99 -pedantic -pedantic-errors -Wall -Wextra -Wshadow -Wmissing-prototypes -Wdeclaration-after-statement -Wunused -Wfloat-equal -Wpointer-arith -Wwrite-strings -Wformat-security -Wmissing-format-attribute -Wundef -fPIC -fstack-protector -D_GNU_SOURCE -DCHECK_FUNCTION_EXISTS=signal   -o CMakeFiles/cmTryCompileExec511510584.dir/CheckFunctionExists.c.o   -c /usr/share/cmake/Modules/CheckFunctionExists.c
Linking C executable cmTryCompileExec511510584
/usr/bin/cmake -E cmake_link_script CMakeFiles/cmTryCompileExec511510584.dir/link.txt --verbose=1
/usr/bin/cc  -m32 -std=gnu99 -pedantic -pedantic-errors -Wall -Wextra -Wshadow -Wmissing-prototypes -Wdeclaration-after-statement -Wunused -Wfloat-equal -Wpointer-arith -Wwrite-strings -Wformat-security -Wmissing-format-attribute -Wundef -fPIC -fstack-protector -D_GNU_SOURCE -DCHECK_FUNCTION_EXISTS=signal   CMakeFiles/cmTryCompileExec511510584.dir/CheckFunctionExists.c.o  -o cmTryCompileExec511510584 -rdynamic 
gmake[1]: Leaving directory '/home/asn/workspace/projects/cmocka/obj32/CMakeFiles/CMakeTmp'


Determining if the function strsignal exists passed with the following output:
Change Dir: /home/asn/workspace/projects/cmocka/obj32/CMakeFiles/CMakeTmp

Run Build Command:"/usr/bin/gmake" "cmTryCompileExec3345688825/fast"
/usr/bin/gmake -f CMakeFiles/cmTryCompileExec3345688825.dir/build.make CMakeFiles/cmTryCompileExec3345688825.dir/build
gmake[1]: Entering directory '/home/asn/workspace/projects/cmocka/obj32/CMakeFiles/CMakeTmp'
/usr/bin/cmake -E cmake_progress_report /home/asn/workspace/projects/cmocka/obj32/CMakeFiles/CMakeTmp/CMakeFiles 1
Building C object CMakeFiles/cmTryCompileExec3345688825.dir/CheckFunctionExists.c.o
/usr/bin/cc   -m32 -std=gnu99 -pedantic -pedantic-errors -Wall -Wextra -Wshadow -Wmissing-prototypes -Wdeclaration-after-statement -Wunused -Wfloat-equal -Wpointer-arith -Wwrite-strings -Wformat-security -Wmissing-format-attribute -Wundef -fPIC -fstack-protector -D_GNU_SOURCE -DCHECK_FUNCTION_EXISTS=strsignal   -o CMakeFiles/cmTryCompileExec3345688825.dir/CheckFunctionExists.c.o   -c /usr/share/cmake/Modules/CheckFunctionExists.c
Linking C executable cmTryCompileExec3345688825
/usr/bin/cmake -E cmake_link_script CMakeFiles/cmTryCompileExec3345688825.dir/link.txt --verbose=1
/usr/bin/cc  -m32 -std=gnu99 -pedantic -pedantic-errors -Wall -Wextra -Wshadow -Wmissing-prototypes -Wdeclaration-after-statement -Wunused -Wfloat-equal -Wpointer-arith -Wwrite-strings -Wformat-security -Wmissing-format-attribute -Wundef -fPIC -fstack-protector -D_GNU_SOURCE -DCHECK_FUNCTION_EXISTS=strsignal   CMakeFiles/cmTryCompileExec3345688825.dir/CheckFunctionExists.c.o  -o cmTryCompileExec3345688825 -rdynamic 
gmake[1]: Leaving directory '/home/asn/workspace/projects/cmocka/obj32/CMakeFiles/CMakeTmp'


Determining if the function sprintf exists passed with the following output:
Change Dir: /home/asn/workspace/projects/cmocka/obj32/CMakeFiles/CMakeTmp

Run Build Command:"/usr/bin/gmake" "cmTryCompileExec1594606023/fast"
/usr/bin/gmake -f CMakeFiles/cmTryCompileExec1594606023.dir/build.make CMakeFiles/cmTryCompileExec1594606023.dir/build
gmake[1]: Entering directory '/home/asn/workspace/projects/cmocka/obj32/CMakeFiles/CMakeTmp'
/usr/bin/cmake -E cmake_progress_report /home/asn/workspace/projects/cmocka/obj32/CMakeFiles/CMakeTmp/CMakeFiles 1
Building C object CMakeFiles/cmTryCompileExec1594606023.dir/CheckFunctionExists.c.o
/usr/bin/cc   -m32 -std=gnu99 -pedantic -pedantic-errors -Wall -Wextra -Wshadow -Wmissing-prototypes -Wdeclaration-after-statement -Wunused -Wfloat-equal -Wpointer-arith -Wwrite-strings -Wformat-security -Wmissing-format-attribute -Wundef -fPIC -fstack-protector -D_GNU_SOURCE -DCHECK_FUNCTION_EXISTS=sprintf   -o CMakeFiles/cmTryCompileExec1594606023.dir/CheckFunctionExists.c.o   -c /usr/share/cmake/Modules/CheckFunctionExists.c
<command-line>:0:23: warning: conflicting types for built-in function ‘sprintf’ [enabled by default]
/usr/share/cmake/Modules/CheckFunctionExists.c:3:6: note: in expansion of macro ‘CHECK_FUNCTION_EXISTS’
 char CHECK_FUNCTION_EXISTS();
      ^
Linking C executable cmTryCompileExec1594606023
/usr/bin/cmake -E cmake_link_script CMakeFiles/cmTryCompileExec1594606023.dir/link.txt --verbose=1
/usr/bin/cc  -m32 -std=gnu99 -pedantic -pedantic-errors -Wall -Wextra -Wshadow -Wmissing-prototypes -Wdeclaration-after-statement -Wunused -Wfloat-equal -Wpointer-arith -Wwrite-strings -Wformat-security -Wmissing-format-attribute -Wundef -fPIC -fstack-protector -D_GNU_SOURCE -DCHECK_FUNCTION_EXISTS=sprintf   CMakeFiles/cmTryCompileExec1594606023.dir/CheckFunctionExists.c.o  -o cmTryCompileExec1594606023 -rdynamic 
gmake[1]: Leaving directory '/home/asn/workspace/projects/cmocka/obj32/CMakeFiles/CMakeTmp'


Determining if the function strcmp exists passed with the following output:
Change Dir: /home/asn/workspace/projects/cmocka/obj32/CMakeFiles/CMakeTmp

Run Build Command:"/usr/bin/gmake" "cmTryCompileExec3440912344/fast"
/usr/bin/gmake -f CMakeFiles/cmTryCompileExec3440912344.dir/build.make CMakeFiles/cmTryCompileExec3440912344.dir/build
gmake[1]: Entering directory '/home/asn/workspace/projects/cmocka/obj32/CMakeFiles/CMakeTmp'
/usr/bin/cmake -E cmake_progress_report /home/asn/workspace/projects/cmocka/obj32/CMakeFiles/CMakeTmp/CMakeFiles 1
Building C object CMakeFiles/cmTryCompileExec3440912344.dir/CheckFunctionExists.c.o
/usr/bin/cc   -m32 -std=gnu99 -pedantic -pedantic-errors -Wall -Wextra -Wshadow -Wmissing-prototypes -Wdeclaration-after-statement -Wunused -Wfloat-equal -Wpointer-arith -Wwrite-strings -Wformat-security -Wmissing-format-attribute -Wundef -fPIC -fstack-protector -D_GNU_SOURCE -DCHECK_FUNCTION_EXISTS=strcmp   -o CMakeFiles/cmTryCompileExec3440912344.dir/CheckFunctionExists.c.o   -c /usr/share/cmake/Modules/CheckFunctionExists.c
<command-line>:0:23: warning: conflicting types for built-in function ‘strcmp’ [enabled by default]
/usr/share/cmake/Modules/CheckFunctionExists.c:3:6: note: in expansion of macro ‘CHECK_FUNCTION_EXISTS’
 char CHECK_FUNCTION_EXISTS();
      ^
Linking C executable cmTryCompileExec3440912344
/usr/bin/cmake -E cmake_link_script CMakeFiles/cmTryCompileExec3440912344.dir/link.txt --verbose=1
/usr/bin/cc  -m32 -std=gnu99 -pedantic -pedantic-errors -Wall -Wextra -Wshadow -Wmissing-prototypes -Wdeclaration-after-statement -Wunused -Wfloat-equal -Wpointer-arith -Wwrite-strings -Wformat-security -Wmissing-format-attribute -Wundef -fPIC -fstack-protector -D_GNU_SOURCE -DCHECK_FUNCTION_EXISTS=strcmp   CMakeFiles/cmTryCompileExec3440912344.dir/CheckFunctionExists.c.o  -o cmTryCompileExec3440912344 -rdynamic 
gmake[1]: Leaving directory '/home/asn/workspace/projects/cmocka/obj32/CMakeFiles/CMakeTmp'


Determining if the function vsnprintf exists passed with the following output:
Change Dir: /home/asn/workspace/projects/cmocka/obj32/CMakeFiles/CMakeTmp

Run Build Command:"/usr/bin/gmake" "cmTryCompileExec256582477/fast"
/usr/bin/gmake -f CMakeFiles/cmTryCompileExec256582477.dir/build.make CMakeFiles/cmTryCompileExec256582477.dir/build
gmake[1]: Entering directory '/home/asn/workspace/projects/cmocka/obj32/CMakeFiles/CMakeTmp'
/usr/bin/cmake -E cmake_progress_report /home/asn/workspace/projects/cmocka/obj32/CMakeFiles/CMakeTmp/CMakeFiles 1
Building C object CMakeFiles/cmTryCompileExec256582477.dir/CheckFunctionExists.c.o
/usr/bin/cc   -m32 -std=gnu99 -pedantic -pedantic-errors -Wall -Wextra -Wshadow -Wmissing-prototypes -Wdeclaration-after-statement -Wunused -Wfloat-equal -Wpointer-arith -Wwrite-strings -Wformat-security -Wmissing-format-attribute -Wundef -fPIC -fstack-protector -D_GNU_SOURCE -DCHECK_FUNCTION_EXISTS=vsnprintf   -o CMakeFiles/cmTryCompileExec256582477.dir/CheckFunctionExists.c.o   -c /usr/share/cmake/Modules/CheckFunctionExists.c
<command-line>:0:23: warning: conflicting types for built-in function ‘vsnprintf’ [enabled by default]
/usr/share/cmake/Modules/CheckFunctionExists.c:3:6: note: in expansion of macro ‘CHECK_FUNCTION_EXISTS’
 char CHECK_FUNCTION_EXISTS();
      ^
Linking C executable cmTryCompileExec256582477
/usr/bin/cmake -E cmake_link_script CMakeFiles/cmTryCompileExec256582477.dir/link.txt --verbose=1
/usr/bin/cc  -m32 -std=gnu99 -pedantic -pedantic-errors -Wall -Wextra -Wshadow -Wmissing-prototypes -Wdeclaration-after-statement -Wunused -Wfloat-equal -Wpointer-arith -Wwrite-strings -Wformat-security -Wmissing-format-attribute -Wundef -fPIC -fstack-protector -D_GNU_SOURCE -DCHECK_FUNCTION_EXISTS=vsnprintf   CMakeFiles/cmTryCompileExec256582477.dir/CheckFunctionExists.c.o  -o cmTryCompileExec256582477 -rdynamic 
gmake[1]: Leaving directory '/home/asn/workspace/projects/cmocka/obj32/CMakeFiles/CMakeTmp'


Determining if the function clock_gettime exists passed with the following output:
Change Dir: /home/asn/workspace/projects/cmocka/obj32/CMakeFiles/CMakeTmp

Run Build Command:"/usr/bin/gmake" "cmTryCompileExec2473695125/fast"
/usr/bin/gmake -f CMakeFiles/cmTryCompileExec2473695125.dir/build.make CMakeFiles/cmTryCompileExec2473695125.dir/build
gmake[1]: Entering directory '/home/asn/workspace/projects/cmocka/obj32/CMakeFiles/CMakeTmp'
/usr/bin/cmake -E cmake_progress_report /home/asn/workspace/projects/cmocka/obj32/CMakeFiles/CMakeTmp/CMakeFiles 1
Building C object CMakeFiles/cmTryCompileExec2473695125.dir/CheckFunctionExists.c.o
/usr/bin/cc   -m32 -std=gnu99 -pedantic -pedantic-errors -Wall -Wextra -Wshadow -Wmissing-prototypes -Wdeclaration-after-statement -Wunused -Wfloat-equal -Wpointer-arith -Wwrite-strings -Wformat-security -Wmissing-format-attribute -Wundef -fPIC -fstack-protector -D_GNU_SOURCE -DCHECK_FUNCTION_EXISTS=clock_gettime   -o CMakeFiles/cmTryCompileExec2473695125.dir/CheckFunctionExists.c.o   -c /usr/share/cmake/Modules/CheckFunctionExists.c
Linking C executable cmTryCompileExec2473695125
/usr/bin/cmake -E cmake_link_script CMakeFiles/cmTryCompileExec2473695125.dir/link.txt --verbose=1
/usr/bin/cc  -m32 -std=gnu99 -pedantic -pedantic-errors -Wall -Wextra -Wshadow -Wmissing-prototypes -Wdeclaration-after-statement -Wunused -Wfloat-equal -Wpointer-arith -Wwrite-strings -Wformat-security -Wmissing-format-attribute -Wundef -fPIC -fstack-protector -D_GNU_SOURCE -DCHECK_FUNCTION_EXISTS=clock_gettime   CMakeFiles/cmTryCompileExec2473695125.dir/CheckFunctionExists.c.o  -o cmTryCompileExec2473695125 -rdynamic 
gmake[1]: Leaving directory '/home/asn/workspace/projects/cmocka/obj32/CMakeFiles/CMakeTmp'


Performing C SOURCE FILE Test HAVE_GCC_THREAD_LOCAL_STORAGE succeded with the following output:
Change Dir: /home/asn/workspace/projects/cmocka/obj32/CMakeFiles/CMakeTmp

Run Build Command:"/usr/bin/gmake" "cmTryCompileExec3806891967/fast"
/usr/bin/gmake -f CMakeFiles/cmTryCompileExec3806891967.dir/build.make CMakeFiles/cmTryCompileExec3806891967.dir/build
gmake[1]: Entering directory '/home/asn/workspace/projects/cmocka/obj32/CMakeFiles/CMakeTmp'
/usr/bin/cmake -E cmake_progress_report /home/asn/workspace/projects/cmocka/obj32/CMakeFiles/CMakeTmp/CMakeFiles 1
Building C object CMakeFiles/cmTryCompileExec3806891967.dir/src.c.o
/usr/bin/cc   -m32 -std=gnu99 -pedantic -pedantic-errors -Wall -Wextra -Wshadow -Wmissing-prototypes -Wdeclaration-after-statement -Wunused -Wfloat-equal -Wpointer-arith -Wwrite-strings -Wformat-security -Wmissing-format-attribute -Wundef -fPIC -fstack-protector -D_GNU_SOURCE -DHAVE_GCC_THREAD_LOCAL_STORAGE   -o CMakeFiles/cmTryCompileExec3806891967.dir/src.c.o   -c /home/asn/workspace/projects/cmocka/obj32/CMakeFiles/CMakeTmp/src.c
Linking C executable cmTryCompileExec3806891967
/usr/bin/cmake -E cmake_link_script CMakeFiles/cmTryCompileExec3806891967.dir/link.txt --verbose=1
/usr/bin/cc  -m32 -std=gnu99 -pedantic -pedantic-errors -Wall -Wextra -Wshadow -Wmissing-prototypes -Wdeclaration-after-statement -Wunused -Wfloat-equal -Wpointer-arith -Wwrite-strings -Wformat-security -Wmissing-format-attribute -Wundef -fPIC -fstack-protector -D_GNU_SOURCE -DHAVE_GCC_THREAD_LOCAL_STORAGE   CMakeFiles/cmTryCompileExec3806891967.dir/src.c.o  -o cmTryCompileExec3806891967 -rdynamic -lrt 
gmake[1]: Leaving directory '/home/asn/workspace/projects/cmocka/obj32/CMakeFiles/CMakeTmp'

Source file was:

__thread int tls;

int main(void) {
    return 0;
}
Performing C SOURCE FILE Test HAVE_CLOCK_GETTIME_REALTIME succeded with the following output:
Change Dir: /home/asn/workspace/projects/cmocka/obj32/CMakeFiles/CMakeTmp

Run Build Command:"/usr/bin/gmake" "cmTryCompileExec1058412752/fast"
/usr/bin/gmake -f CMakeFiles/cmTryCompileExec1058412752.dir/build.make CMakeFiles/cmTryCompileExec1058412752.dir/build
gmake[1]: Entering directory '/home/asn/workspace/projects/cmocka/obj32/CMakeFiles/CMakeTmp'
/usr/bin/cmake -E cmake_progress_report /home/asn/workspace/projects/cmocka/obj32/CMakeFiles/CMakeTmp/CMakeFiles 1
Building C object CMakeFiles/cmTryCompileExec1058412752.dir/src.c.o
/usr/bin/cc   -m32 -std=gnu99 -pedantic -pedantic-errors -Wall -Wextra -Wshadow -Wmissing-prototypes -Wdeclaration-after-statement -Wunused -Wfloat-equal -Wpointer-arith -Wwrite-strings -Wformat-security -Wmissing-format-attribute -Wundef -fPIC -fstack-protector -D_GNU_SOURCE -DHAVE_CLOCK_GETTIME_REALTIME   -o CMakeFiles/cmTryCompileExec1058412752.dir/src.c.o   -c /home/asn/workspace/projects/cmocka/obj32/CMakeFiles/CMakeTmp/src.c
Linking C executable cmTryCompileExec1058412752
/usr/bin/cmake -E cmake_link_script CMakeFiles/cmTryCompileExec1058412752.dir/link.txt --verbose=1
/usr/bin/cc  -m32 -std=gnu99 -pedantic -pedantic-errors -Wall -Wextra -Wshadow -Wmissing-prototypes -Wdeclaration-after-statement -Wunused -Wfloat-equal -Wpointer-arith -Wwrite-strings -Wformat-security -Wmissing-format-attribute -Wundef -fPIC -fstack-protector -D_GNU_SOURCE -DHAVE_CLOCK_GETTIME_REALTIME   CMakeFiles/cmTryCompileExec1058412752.dir/src.c.o  -o cmTryCompileExec1058412752 -rdynamic -lrt 
gmake[1]: Leaving directory '/home/asn/workspace/projects/cmocka/obj32/CMakeFiles/CMakeTmp'

Source file was:

#include <time.h>

int main(void) {
    struct timespec ts;

    clock_gettime(CLOCK_REALTIME, &ts);

    return 0;
}
Determining size of unsigned short passed with the following output:
Change Dir: /home/asn/workspace/projects/cmocka/obj32/CMakeFiles/CMakeTmp

Run Build Command:"/usr/bin/gmake" "cmTryCompileExec3386071468/fast"
/usr/bin/gmake -f CMakeFiles/cmTryCompileExec3386071468.dir/build.make CMakeFiles/cmTryCompileExec3386071468.dir/build
gmake[1]: Entering directory '/home/asn/workspace/projects/cmocka/obj32/CMakeFiles/CMakeTmp'
/usr/bin/cmake -E cmake_progress_report /home/asn/workspace/projects/cmocka/obj32/CMakeFiles/CMakeTmp/CMakeFiles 1
Building C object CMakeFiles/cmTryCompileExec3386071468.dir/CMAKE_SIZEOF_UNSIGNED_SHORT.c.o
/usr/bin/cc   -m32 -std=gnu99 -pedantic -pedantic-errors -Wall -Wextra -Wshadow -Wmissing-prototypes -Wdeclaration-after-statement -Wunused -Wfloat-equal -Wpointer-arith -Wwrite-strings -Wformat-security -Wmissing-format-attribute -Wundef -fPIC -fstack-protector -D_GNU_SOURCE    -o CMakeFiles/cmTryCompileExec3386071468.dir/CMAKE_SIZEOF_UNSIGNED_SHORT.c.o   -c /home/asn/workspace/projects/cmocka/obj32/CMakeFiles/CheckTypeSize/CMAKE_SIZEOF_UNSIGNED_SHORT.c
Linking C executable cmTryCompileExec3386071468
/usr/bin/cmake -E cmake_link_script CMakeFiles/cmTryCompileExec3386071468.dir/link.txt --verbose=1
/usr/bin/cc  -m32 -std=gnu99 -pedantic -pedantic-errors -Wall -Wextra -Wshadow -Wmissing-prototypes -Wdeclaration-after-statement -Wunused -Wfloat-equal -Wpointer-arith -Wwrite-strings -Wformat-security -Wmissing-format-attribute -Wundef -fPIC -fstack-protector -D_GNU_SOURCE    CMakeFiles/cmTryCompileExec3386071468.dir/CMAKE_SIZEOF_UNSIGNED_SHORT.c.o  -o cmTryCompileExec3386071468 -rdynamic -lrt 
gmake[1]: Leaving directory '/home/asn/workspace/projects/cmocka/obj32/CMakeFiles/CMakeTmp'


