The system is: Linux - 3.13.0-79-generic - x86_64
Compiling the C compiler identification source file "CMakeCCompilerId.c" succeeded.
Compiler: /usr/bin/cc 
Build flags: 
Id flags: 

The output was:
0


Compilation of the C compiler identification source "CMakeCCompilerId.c" produced "a.out"

The C compiler identification is GNU, found in "/home/arnoul/Documents/cour/S2/ProjetProg/unitTest/cmocka-1.0.0/build/CMakeFiles/2.8.12.2/CompilerIdC/a.out"

Determining if the C compiler works passed with the following output:
Change Dir: /home/arnoul/Documents/cour/S2/ProjetProg/unitTest/cmocka-1.0.0/build/CMakeFiles/CMakeTmp

Run Build Command:/usr/bin/make "cmTryCompileExec1530317907/fast"
/usr/bin/make -f CMakeFiles/cmTryCompileExec1530317907.dir/build.make CMakeFiles/cmTryCompileExec1530317907.dir/build
make[1]: entrant dans le répertoire « /home/arnoul/Documents/cour/S2/ProjetProg/unitTest/cmocka-1.0.0/build/CMakeFiles/CMakeTmp »
/usr/bin/cmake -E cmake_progress_report /home/arnoul/Documents/cour/S2/ProjetProg/unitTest/cmocka-1.0.0/build/CMakeFiles/CMakeTmp/CMakeFiles 1
Building C object CMakeFiles/cmTryCompileExec1530317907.dir/testCCompiler.c.o
/usr/bin/cc    -o CMakeFiles/cmTryCompileExec1530317907.dir/testCCompiler.c.o   -c /home/arnoul/Documents/cour/S2/ProjetProg/unitTest/cmocka-1.0.0/build/CMakeFiles/CMakeTmp/testCCompiler.c
Linking C executable cmTryCompileExec1530317907
/usr/bin/cmake -E cmake_link_script CMakeFiles/cmTryCompileExec1530317907.dir/link.txt --verbose=1
/usr/bin/cc       CMakeFiles/cmTryCompileExec1530317907.dir/testCCompiler.c.o  -o cmTryCompileExec1530317907 -rdynamic 
make[1]: quittant le répertoire « /home/arnoul/Documents/cour/S2/ProjetProg/unitTest/cmocka-1.0.0/build/CMakeFiles/CMakeTmp »


Detecting C compiler ABI info compiled with the following output:
Change Dir: /home/arnoul/Documents/cour/S2/ProjetProg/unitTest/cmocka-1.0.0/build/CMakeFiles/CMakeTmp

Run Build Command:/usr/bin/make "cmTryCompileExec3271487762/fast"
/usr/bin/make -f CMakeFiles/cmTryCompileExec3271487762.dir/build.make CMakeFiles/cmTryCompileExec3271487762.dir/build
make[1]: entrant dans le répertoire « /home/arnoul/Documents/cour/S2/ProjetProg/unitTest/cmocka-1.0.0/build/CMakeFiles/CMakeTmp »
/usr/bin/cmake -E cmake_progress_report /home/arnoul/Documents/cour/S2/ProjetProg/unitTest/cmocka-1.0.0/build/CMakeFiles/CMakeTmp/CMakeFiles 1
Building C object CMakeFiles/cmTryCompileExec3271487762.dir/CMakeCCompilerABI.c.o
/usr/bin/cc    -o CMakeFiles/cmTryCompileExec3271487762.dir/CMakeCCompilerABI.c.o   -c /usr/share/cmake-2.8/Modules/CMakeCCompilerABI.c
Linking C executable cmTryCompileExec3271487762
/usr/bin/cmake -E cmake_link_script CMakeFiles/cmTryCompileExec3271487762.dir/link.txt --verbose=1
/usr/bin/cc     -v CMakeFiles/cmTryCompileExec3271487762.dir/CMakeCCompilerABI.c.o  -o cmTryCompileExec3271487762 -rdynamic  
Using built-in specs.
COLLECT_GCC=/usr/bin/cc
COLLECT_LTO_WRAPPER=/usr/lib/gcc/x86_64-linux-gnu/4.8/lto-wrapper
Target: x86_64-linux-gnu
Configured with: ../src/configure -v --with-pkgversion='Ubuntu 4.8.4-2ubuntu1~14.04.1' --with-bugurl=file:///usr/share/doc/gcc-4.8/README.Bugs --enable-languages=c,c++,java,go,d,fortran,objc,obj-c++ --prefix=/usr --program-suffix=-4.8 --enable-shared --enable-linker-build-id --libexecdir=/usr/lib --without-included-gettext --enable-threads=posix --with-gxx-include-dir=/usr/include/c++/4.8 --libdir=/usr/lib --enable-nls --with-sysroot=/ --enable-clocale=gnu --enable-libstdcxx-debug --enable-libstdcxx-time=yes --enable-gnu-unique-object --disable-libmudflap --enable-plugin --with-system-zlib --disable-browser-plugin --enable-java-awt=gtk --enable-gtk-cairo --with-java-home=/usr/lib/jvm/java-1.5.0-gcj-4.8-amd64/jre --enable-java-home --with-jvm-root-dir=/usr/lib/jvm/java-1.5.0-gcj-4.8-amd64 --with-jvm-jar-dir=/usr/lib/jvm-exports/java-1.5.0-gcj-4.8-amd64 --with-arch-directory=amd64 --with-ecj-jar=/usr/share/java/eclipse-ecj.jar --enable-objc-gc --enable-multiarch --disable-werror --with-arch-32=i686 --with-abi=m64 --with-multilib-list=m32,m64,mx32 --with-tune=generic --enable-checking=release --build=x86_64-linux-gnu --host=x86_64-linux-gnu --target=x86_64-linux-gnu
Thread model: posix
gcc version 4.8.4 (Ubuntu 4.8.4-2ubuntu1~14.04.1) 
COMPILER_PATH=/usr/lib/gcc/x86_64-linux-gnu/4.8/:/usr/lib/gcc/x86_64-linux-gnu/4.8/:/usr/lib/gcc/x86_64-linux-gnu/:/usr/lib/gcc/x86_64-linux-gnu/4.8/:/usr/lib/gcc/x86_64-linux-gnu/
LIBRARY_PATH=/usr/lib/gcc/x86_64-linux-gnu/4.8/:/usr/lib/gcc/x86_64-linux-gnu/4.8/../../../x86_64-linux-gnu/:/usr/lib/gcc/x86_64-linux-gnu/4.8/../../../../lib/:/lib/x86_64-linux-gnu/:/lib/../lib/:/usr/lib/x86_64-linux-gnu/:/usr/lib/../lib/:/usr/lib/gcc/x86_64-linux-gnu/4.8/../../../:/lib/:/usr/lib/
COLLECT_GCC_OPTIONS='-v' '-o' 'cmTryCompileExec3271487762' '-rdynamic' '-mtune=generic' '-march=x86-64'
 /usr/lib/gcc/x86_64-linux-gnu/4.8/collect2 --sysroot=/ --build-id --eh-frame-hdr -m elf_x86_64 --hash-style=gnu --as-needed -export-dynamic -dynamic-linker /lib64/ld-linux-x86-64.so.2 -z relro -o cmTryCompileExec3271487762 /usr/lib/gcc/x86_64-linux-gnu/4.8/../../../x86_64-linux-gnu/crt1.o /usr/lib/gcc/x86_64-linux-gnu/4.8/../../../x86_64-linux-gnu/crti.o /usr/lib/gcc/x86_64-linux-gnu/4.8/crtbegin.o -L/usr/lib/gcc/x86_64-linux-gnu/4.8 -L/usr/lib/gcc/x86_64-linux-gnu/4.8/../../../x86_64-linux-gnu -L/usr/lib/gcc/x86_64-linux-gnu/4.8/../../../../lib -L/lib/x86_64-linux-gnu -L/lib/../lib -L/usr/lib/x86_64-linux-gnu -L/usr/lib/../lib -L/usr/lib/gcc/x86_64-linux-gnu/4.8/../../.. CMakeFiles/cmTryCompileExec3271487762.dir/CMakeCCompilerABI.c.o -lgcc --as-needed -lgcc_s --no-as-needed -lc -lgcc --as-needed -lgcc_s --no-as-needed /usr/lib/gcc/x86_64-linux-gnu/4.8/crtend.o /usr/lib/gcc/x86_64-linux-gnu/4.8/../../../x86_64-linux-gnu/crtn.o
make[1]: quittant le répertoire « /home/arnoul/Documents/cour/S2/ProjetProg/unitTest/cmocka-1.0.0/build/CMakeFiles/CMakeTmp »


Parsed C implicit link information from above output:
  link line regex: [^( *|.*[/\])(ld|([^/\]+-)?ld|collect2)[^/\]*( |$)]
  ignore line: [Change Dir: /home/arnoul/Documents/cour/S2/ProjetProg/unitTest/cmocka-1.0.0/build/CMakeFiles/CMakeTmp]
  ignore line: []
  ignore line: [Run Build Command:/usr/bin/make "cmTryCompileExec3271487762/fast"]
  ignore line: [/usr/bin/make -f CMakeFiles/cmTryCompileExec3271487762.dir/build.make CMakeFiles/cmTryCompileExec3271487762.dir/build]
  ignore line: [make[1]: entrant dans le répertoire « /home/arnoul/Documents/cour/S2/ProjetProg/unitTest/cmocka-1.0.0/build/CMakeFiles/CMakeTmp »]
  ignore line: [/usr/bin/cmake -E cmake_progress_report /home/arnoul/Documents/cour/S2/ProjetProg/unitTest/cmocka-1.0.0/build/CMakeFiles/CMakeTmp/CMakeFiles 1]
  ignore line: [Building C object CMakeFiles/cmTryCompileExec3271487762.dir/CMakeCCompilerABI.c.o]
  ignore line: [/usr/bin/cc    -o CMakeFiles/cmTryCompileExec3271487762.dir/CMakeCCompilerABI.c.o   -c /usr/share/cmake-2.8/Modules/CMakeCCompilerABI.c]
  ignore line: [Linking C executable cmTryCompileExec3271487762]
  ignore line: [/usr/bin/cmake -E cmake_link_script CMakeFiles/cmTryCompileExec3271487762.dir/link.txt --verbose=1]
  ignore line: [/usr/bin/cc     -v CMakeFiles/cmTryCompileExec3271487762.dir/CMakeCCompilerABI.c.o  -o cmTryCompileExec3271487762 -rdynamic  ]
  ignore line: [Using built-in specs.]
  ignore line: [COLLECT_GCC=/usr/bin/cc]
  ignore line: [COLLECT_LTO_WRAPPER=/usr/lib/gcc/x86_64-linux-gnu/4.8/lto-wrapper]
  ignore line: [Target: x86_64-linux-gnu]
  ignore line: [Configured with: ../src/configure -v --with-pkgversion='Ubuntu 4.8.4-2ubuntu1~14.04.1' --with-bugurl=file:///usr/share/doc/gcc-4.8/README.Bugs --enable-languages=c,c++,java,go,d,fortran,objc,obj-c++ --prefix=/usr --program-suffix=-4.8 --enable-shared --enable-linker-build-id --libexecdir=/usr/lib --without-included-gettext --enable-threads=posix --with-gxx-include-dir=/usr/include/c++/4.8 --libdir=/usr/lib --enable-nls --with-sysroot=/ --enable-clocale=gnu --enable-libstdcxx-debug --enable-libstdcxx-time=yes --enable-gnu-unique-object --disable-libmudflap --enable-plugin --with-system-zlib --disable-browser-plugin --enable-java-awt=gtk --enable-gtk-cairo --with-java-home=/usr/lib/jvm/java-1.5.0-gcj-4.8-amd64/jre --enable-java-home --with-jvm-root-dir=/usr/lib/jvm/java-1.5.0-gcj-4.8-amd64 --with-jvm-jar-dir=/usr/lib/jvm-exports/java-1.5.0-gcj-4.8-amd64 --with-arch-directory=amd64 --with-ecj-jar=/usr/share/java/eclipse-ecj.jar --enable-objc-gc --enable-multiarch --disable-werror --with-arch-32=i686 --with-abi=m64 --with-multilib-list=m32,m64,mx32 --with-tune=generic --enable-checking=release --build=x86_64-linux-gnu --host=x86_64-linux-gnu --target=x86_64-linux-gnu]
  ignore line: [Thread model: posix]
  ignore line: [gcc version 4.8.4 (Ubuntu 4.8.4-2ubuntu1~14.04.1) ]
  ignore line: [COMPILER_PATH=/usr/lib/gcc/x86_64-linux-gnu/4.8/:/usr/lib/gcc/x86_64-linux-gnu/4.8/:/usr/lib/gcc/x86_64-linux-gnu/:/usr/lib/gcc/x86_64-linux-gnu/4.8/:/usr/lib/gcc/x86_64-linux-gnu/]
  ignore line: [LIBRARY_PATH=/usr/lib/gcc/x86_64-linux-gnu/4.8/:/usr/lib/gcc/x86_64-linux-gnu/4.8/../../../x86_64-linux-gnu/:/usr/lib/gcc/x86_64-linux-gnu/4.8/../../../../lib/:/lib/x86_64-linux-gnu/:/lib/../lib/:/usr/lib/x86_64-linux-gnu/:/usr/lib/../lib/:/usr/lib/gcc/x86_64-linux-gnu/4.8/../../../:/lib/:/usr/lib/]
  ignore line: [COLLECT_GCC_OPTIONS='-v' '-o' 'cmTryCompileExec3271487762' '-rdynamic' '-mtune=generic' '-march=x86-64']
  link line: [ /usr/lib/gcc/x86_64-linux-gnu/4.8/collect2 --sysroot=/ --build-id --eh-frame-hdr -m elf_x86_64 --hash-style=gnu --as-needed -export-dynamic -dynamic-linker /lib64/ld-linux-x86-64.so.2 -z relro -o cmTryCompileExec3271487762 /usr/lib/gcc/x86_64-linux-gnu/4.8/../../../x86_64-linux-gnu/crt1.o /usr/lib/gcc/x86_64-linux-gnu/4.8/../../../x86_64-linux-gnu/crti.o /usr/lib/gcc/x86_64-linux-gnu/4.8/crtbegin.o -L/usr/lib/gcc/x86_64-linux-gnu/4.8 -L/usr/lib/gcc/x86_64-linux-gnu/4.8/../../../x86_64-linux-gnu -L/usr/lib/gcc/x86_64-linux-gnu/4.8/../../../../lib -L/lib/x86_64-linux-gnu -L/lib/../lib -L/usr/lib/x86_64-linux-gnu -L/usr/lib/../lib -L/usr/lib/gcc/x86_64-linux-gnu/4.8/../../.. CMakeFiles/cmTryCompileExec3271487762.dir/CMakeCCompilerABI.c.o -lgcc --as-needed -lgcc_s --no-as-needed -lc -lgcc --as-needed -lgcc_s --no-as-needed /usr/lib/gcc/x86_64-linux-gnu/4.8/crtend.o /usr/lib/gcc/x86_64-linux-gnu/4.8/../../../x86_64-linux-gnu/crtn.o]
    arg [/usr/lib/gcc/x86_64-linux-gnu/4.8/collect2] ==> ignore
    arg [--sysroot=/] ==> ignore
    arg [--build-id] ==> ignore
    arg [--eh-frame-hdr] ==> ignore
    arg [-m] ==> ignore
    arg [elf_x86_64] ==> ignore
    arg [--hash-style=gnu] ==> ignore
    arg [--as-needed] ==> ignore
    arg [-export-dynamic] ==> ignore
    arg [-dynamic-linker] ==> ignore
    arg [/lib64/ld-linux-x86-64.so.2] ==> ignore
    arg [-zrelro] ==> ignore
    arg [-o] ==> ignore
    arg [cmTryCompileExec3271487762] ==> ignore
    arg [/usr/lib/gcc/x86_64-linux-gnu/4.8/../../../x86_64-linux-gnu/crt1.o] ==> ignore
    arg [/usr/lib/gcc/x86_64-linux-gnu/4.8/../../../x86_64-linux-gnu/crti.o] ==> ignore
    arg [/usr/lib/gcc/x86_64-linux-gnu/4.8/crtbegin.o] ==> ignore
    arg [-L/usr/lib/gcc/x86_64-linux-gnu/4.8] ==> dir [/usr/lib/gcc/x86_64-linux-gnu/4.8]
    arg [-L/usr/lib/gcc/x86_64-linux-gnu/4.8/../../../x86_64-linux-gnu] ==> dir [/usr/lib/gcc/x86_64-linux-gnu/4.8/../../../x86_64-linux-gnu]
    arg [-L/usr/lib/gcc/x86_64-linux-gnu/4.8/../../../../lib] ==> dir [/usr/lib/gcc/x86_64-linux-gnu/4.8/../../../../lib]
    arg [-L/lib/x86_64-linux-gnu] ==> dir [/lib/x86_64-linux-gnu]
    arg [-L/lib/../lib] ==> dir [/lib/../lib]
    arg [-L/usr/lib/x86_64-linux-gnu] ==> dir [/usr/lib/x86_64-linux-gnu]
    arg [-L/usr/lib/../lib] ==> dir [/usr/lib/../lib]
    arg [-L/usr/lib/gcc/x86_64-linux-gnu/4.8/../../..] ==> dir [/usr/lib/gcc/x86_64-linux-gnu/4.8/../../..]
    arg [CMakeFiles/cmTryCompileExec3271487762.dir/CMakeCCompilerABI.c.o] ==> ignore
    arg [-lgcc] ==> lib [gcc]
    arg [--as-needed] ==> ignore
    arg [-lgcc_s] ==> lib [gcc_s]
    arg [--no-as-needed] ==> ignore
    arg [-lc] ==> lib [c]
    arg [-lgcc] ==> lib [gcc]
    arg [--as-needed] ==> ignore
    arg [-lgcc_s] ==> lib [gcc_s]
    arg [--no-as-needed] ==> ignore
    arg [/usr/lib/gcc/x86_64-linux-gnu/4.8/crtend.o] ==> ignore
    arg [/usr/lib/gcc/x86_64-linux-gnu/4.8/../../../x86_64-linux-gnu/crtn.o] ==> ignore
  remove lib [gcc]
  remove lib [gcc_s]
  remove lib [gcc]
  remove lib [gcc_s]
  collapse library dir [/usr/lib/gcc/x86_64-linux-gnu/4.8] ==> [/usr/lib/gcc/x86_64-linux-gnu/4.8]
  collapse library dir [/usr/lib/gcc/x86_64-linux-gnu/4.8/../../../x86_64-linux-gnu] ==> [/usr/lib/x86_64-linux-gnu]
  collapse library dir [/usr/lib/gcc/x86_64-linux-gnu/4.8/../../../../lib] ==> [/usr/lib]
  collapse library dir [/lib/x86_64-linux-gnu] ==> [/lib/x86_64-linux-gnu]
  collapse library dir [/lib/../lib] ==> [/lib]
  collapse library dir [/usr/lib/x86_64-linux-gnu] ==> [/usr/lib/x86_64-linux-gnu]
  collapse library dir [/usr/lib/../lib] ==> [/usr/lib]
  collapse library dir [/usr/lib/gcc/x86_64-linux-gnu/4.8/../../..] ==> [/usr/lib]
  implicit libs: [c]
  implicit dirs: [/usr/lib/gcc/x86_64-linux-gnu/4.8;/usr/lib/x86_64-linux-gnu;/usr/lib;/lib/x86_64-linux-gnu;/lib]
  implicit fwks: []


Performing C SOURCE FILE Test WITH_FPIC succeded with the following output:
Change Dir: /home/arnoul/Documents/cour/S2/ProjetProg/unitTest/cmocka-1.0.0/build/CMakeFiles/CMakeTmp

Run Build Command:/usr/bin/make "cmTryCompileExec2424930384/fast"
/usr/bin/make -f CMakeFiles/cmTryCompileExec2424930384.dir/build.make CMakeFiles/cmTryCompileExec2424930384.dir/build
make[1]: Entering directory `/home/arnoul/Documents/cour/S2/ProjetProg/unitTest/cmocka-1.0.0/build/CMakeFiles/CMakeTmp'
/usr/bin/cmake -E cmake_progress_report /home/arnoul/Documents/cour/S2/ProjetProg/unitTest/cmocka-1.0.0/build/CMakeFiles/CMakeTmp/CMakeFiles 1
Building C object CMakeFiles/cmTryCompileExec2424930384.dir/src.c.o
/usr/bin/cc   -std=gnu99 -pedantic -pedantic-errors -Wall -Wextra -Wshadow -Wmissing-prototypes -Wdeclaration-after-statement -Wunused -Wfloat-equal -Wpointer-arith -Wwrite-strings -Wformat-security -Wmissing-format-attribute -Wundef -DWITH_FPIC   -fPIC -o CMakeFiles/cmTryCompileExec2424930384.dir/src.c.o   -c /home/arnoul/Documents/cour/S2/ProjetProg/unitTest/cmocka-1.0.0/build/CMakeFiles/CMakeTmp/src.c
Linking C executable cmTryCompileExec2424930384
/usr/bin/cmake -E cmake_link_script CMakeFiles/cmTryCompileExec2424930384.dir/link.txt --verbose=1
/usr/bin/cc   -std=gnu99 -pedantic -pedantic-errors -Wall -Wextra -Wshadow -Wmissing-prototypes -Wdeclaration-after-statement -Wunused -Wfloat-equal -Wpointer-arith -Wwrite-strings -Wformat-security -Wmissing-format-attribute -Wundef -DWITH_FPIC    CMakeFiles/cmTryCompileExec2424930384.dir/src.c.o  -o cmTryCompileExec2424930384 -rdynamic 
make[1]: Leaving directory `/home/arnoul/Documents/cour/S2/ProjetProg/unitTest/cmocka-1.0.0/build/CMakeFiles/CMakeTmp'

Source file was:
int main(void) { return 0; }
Performing C SOURCE FILE Test WITH_STACK_PROTECTOR succeded with the following output:
Change Dir: /home/arnoul/Documents/cour/S2/ProjetProg/unitTest/cmocka-1.0.0/build/CMakeFiles/CMakeTmp

Run Build Command:/usr/bin/make "cmTryCompileExec854195300/fast"
/usr/bin/make -f CMakeFiles/cmTryCompileExec854195300.dir/build.make CMakeFiles/cmTryCompileExec854195300.dir/build
make[1]: entrant dans le répertoire « /home/arnoul/Documents/cour/S2/ProjetProg/unitTest/cmocka-1.0.0/build/CMakeFiles/CMakeTmp »
/usr/bin/cmake -E cmake_progress_report /home/arnoul/Documents/cour/S2/ProjetProg/unitTest/cmocka-1.0.0/build/CMakeFiles/CMakeTmp/CMakeFiles 1
Building C object CMakeFiles/cmTryCompileExec854195300.dir/src.c.o
/usr/bin/cc   -std=gnu99 -pedantic -pedantic-errors -Wall -Wextra -Wshadow -Wmissing-prototypes -Wdeclaration-after-statement -Wunused -Wfloat-equal -Wpointer-arith -Wwrite-strings -Wformat-security -Wmissing-format-attribute -Wundef -fPIC -DWITH_STACK_PROTECTOR   -fstack-protector -o CMakeFiles/cmTryCompileExec854195300.dir/src.c.o   -c /home/arnoul/Documents/cour/S2/ProjetProg/unitTest/cmocka-1.0.0/build/CMakeFiles/CMakeTmp/src.c
/home/arnoul/Documents/cour/S2/ProjetProg/unitTest/cmocka-1.0.0/build/CMakeFiles/CMakeTmp/src.c: In function ‘main’:
/home/arnoul/Documents/cour/S2/ProjetProg/unitTest/cmocka-1.0.0/build/CMakeFiles/CMakeTmp/src.c:1:27: warning: unused parameter ‘argv’ [-Wunused-parameter]
 int main(int argc, char **argv) { char buffer[256]; return buffer[argc]=0;}
                           ^
Linking C executable cmTryCompileExec854195300
/usr/bin/cmake -E cmake_link_script CMakeFiles/cmTryCompileExec854195300.dir/link.txt --verbose=1
/usr/bin/cc   -std=gnu99 -pedantic -pedantic-errors -Wall -Wextra -Wshadow -Wmissing-prototypes -Wdeclaration-after-statement -Wunused -Wfloat-equal -Wpointer-arith -Wwrite-strings -Wformat-security -Wmissing-format-attribute -Wundef -fPIC -DWITH_STACK_PROTECTOR    CMakeFiles/cmTryCompileExec854195300.dir/src.c.o  -o cmTryCompileExec854195300 -rdynamic 
make[1]: quittant le répertoire « /home/arnoul/Documents/cour/S2/ProjetProg/unitTest/cmocka-1.0.0/build/CMakeFiles/CMakeTmp »

Source file was:
int main(int argc, char **argv) { char buffer[256]; return buffer[argc]=0;}
Performing C SOURCE FILE Test WITH_VISIBILITY_HIDDEN succeded with the following output:
Change Dir: /home/arnoul/Documents/cour/S2/ProjetProg/unitTest/cmocka-1.0.0/build/CMakeFiles/CMakeTmp

Run Build Command:/usr/bin/make "cmTryCompileExec4192692972/fast"
/usr/bin/make -f CMakeFiles/cmTryCompileExec4192692972.dir/build.make CMakeFiles/cmTryCompileExec4192692972.dir/build
make[1]: Entering directory `/home/arnoul/Documents/cour/S2/ProjetProg/unitTest/cmocka-1.0.0/build/CMakeFiles/CMakeTmp'
/usr/bin/cmake -E cmake_progress_report /home/arnoul/Documents/cour/S2/ProjetProg/unitTest/cmocka-1.0.0/build/CMakeFiles/CMakeTmp/CMakeFiles 1
Building C object CMakeFiles/cmTryCompileExec4192692972.dir/src.c.o
/usr/bin/cc   -std=gnu99 -pedantic -pedantic-errors -Wall -Wextra -Wshadow -Wmissing-prototypes -Wdeclaration-after-statement -Wunused -Wfloat-equal -Wpointer-arith -Wwrite-strings -Wformat-security -Wmissing-format-attribute -Wundef -fPIC -fstack-protector -D_GNU_SOURCE -D_LARGEFILE64_SOURCE -DWITH_VISIBILITY_HIDDEN   -fvisibility=hidden -o CMakeFiles/cmTryCompileExec4192692972.dir/src.c.o   -c /home/arnoul/Documents/cour/S2/ProjetProg/unitTest/cmocka-1.0.0/build/CMakeFiles/CMakeTmp/src.c
Linking C executable cmTryCompileExec4192692972
/usr/bin/cmake -E cmake_link_script CMakeFiles/cmTryCompileExec4192692972.dir/link.txt --verbose=1
/usr/bin/cc   -std=gnu99 -pedantic -pedantic-errors -Wall -Wextra -Wshadow -Wmissing-prototypes -Wdeclaration-after-statement -Wunused -Wfloat-equal -Wpointer-arith -Wwrite-strings -Wformat-security -Wmissing-format-attribute -Wundef -fPIC -fstack-protector -D_GNU_SOURCE -D_LARGEFILE64_SOURCE -DWITH_VISIBILITY_HIDDEN    CMakeFiles/cmTryCompileExec4192692972.dir/src.c.o  -o cmTryCompileExec4192692972 -rdynamic 
make[1]: Leaving directory `/home/arnoul/Documents/cour/S2/ProjetProg/unitTest/cmocka-1.0.0/build/CMakeFiles/CMakeTmp'

Source file was:
int main(void) { return 0; }
Determining if the include file assert.h exists passed with the following output:
Change Dir: /home/arnoul/Documents/cour/S2/ProjetProg/unitTest/cmocka-1.0.0/build/CMakeFiles/CMakeTmp

Run Build Command:/usr/bin/make "cmTryCompileExec276325355/fast"
/usr/bin/make -f CMakeFiles/cmTryCompileExec276325355.dir/build.make CMakeFiles/cmTryCompileExec276325355.dir/build
make[1]: entrant dans le répertoire « /home/arnoul/Documents/cour/S2/ProjetProg/unitTest/cmocka-1.0.0/build/CMakeFiles/CMakeTmp »
/usr/bin/cmake -E cmake_progress_report /home/arnoul/Documents/cour/S2/ProjetProg/unitTest/cmocka-1.0.0/build/CMakeFiles/CMakeTmp/CMakeFiles 1
Building C object CMakeFiles/cmTryCompileExec276325355.dir/CheckIncludeFile.c.o
/usr/bin/cc   -std=gnu99 -pedantic -pedantic-errors -Wall -Wextra -Wshadow -Wmissing-prototypes -Wdeclaration-after-statement -Wunused -Wfloat-equal -Wpointer-arith -Wwrite-strings -Wformat-security -Wmissing-format-attribute -Wundef -fPIC -fstack-protector -D_GNU_SOURCE -D_LARGEFILE64_SOURCE    -o CMakeFiles/cmTryCompileExec276325355.dir/CheckIncludeFile.c.o   -c /home/arnoul/Documents/cour/S2/ProjetProg/unitTest/cmocka-1.0.0/build/CMakeFiles/CMakeTmp/CheckIncludeFile.c
Linking C executable cmTryCompileExec276325355
/usr/bin/cmake -E cmake_link_script CMakeFiles/cmTryCompileExec276325355.dir/link.txt --verbose=1
/usr/bin/cc   -std=gnu99 -pedantic -pedantic-errors -Wall -Wextra -Wshadow -Wmissing-prototypes -Wdeclaration-after-statement -Wunused -Wfloat-equal -Wpointer-arith -Wwrite-strings -Wformat-security -Wmissing-format-attribute -Wundef -fPIC -fstack-protector -D_GNU_SOURCE -D_LARGEFILE64_SOURCE     CMakeFiles/cmTryCompileExec276325355.dir/CheckIncludeFile.c.o  -o cmTryCompileExec276325355 -rdynamic 
make[1]: quittant le répertoire « /home/arnoul/Documents/cour/S2/ProjetProg/unitTest/cmocka-1.0.0/build/CMakeFiles/CMakeTmp »


Determining if the include file inttypes.h exists passed with the following output:
Change Dir: /home/arnoul/Documents/cour/S2/ProjetProg/unitTest/cmocka-1.0.0/build/CMakeFiles/CMakeTmp

Run Build Command:/usr/bin/make "cmTryCompileExec2955409007/fast"
/usr/bin/make -f CMakeFiles/cmTryCompileExec2955409007.dir/build.make CMakeFiles/cmTryCompileExec2955409007.dir/build
make[1]: entrant dans le répertoire « /home/arnoul/Documents/cour/S2/ProjetProg/unitTest/cmocka-1.0.0/build/CMakeFiles/CMakeTmp »
/usr/bin/cmake -E cmake_progress_report /home/arnoul/Documents/cour/S2/ProjetProg/unitTest/cmocka-1.0.0/build/CMakeFiles/CMakeTmp/CMakeFiles 1
Building C object CMakeFiles/cmTryCompileExec2955409007.dir/CheckIncludeFile.c.o
/usr/bin/cc   -std=gnu99 -pedantic -pedantic-errors -Wall -Wextra -Wshadow -Wmissing-prototypes -Wdeclaration-after-statement -Wunused -Wfloat-equal -Wpointer-arith -Wwrite-strings -Wformat-security -Wmissing-format-attribute -Wundef -fPIC -fstack-protector -D_GNU_SOURCE -D_LARGEFILE64_SOURCE    -o CMakeFiles/cmTryCompileExec2955409007.dir/CheckIncludeFile.c.o   -c /home/arnoul/Documents/cour/S2/ProjetProg/unitTest/cmocka-1.0.0/build/CMakeFiles/CMakeTmp/CheckIncludeFile.c
Linking C executable cmTryCompileExec2955409007
/usr/bin/cmake -E cmake_link_script CMakeFiles/cmTryCompileExec2955409007.dir/link.txt --verbose=1
/usr/bin/cc   -std=gnu99 -pedantic -pedantic-errors -Wall -Wextra -Wshadow -Wmissing-prototypes -Wdeclaration-after-statement -Wunused -Wfloat-equal -Wpointer-arith -Wwrite-strings -Wformat-security -Wmissing-format-attribute -Wundef -fPIC -fstack-protector -D_GNU_SOURCE -D_LARGEFILE64_SOURCE     CMakeFiles/cmTryCompileExec2955409007.dir/CheckIncludeFile.c.o  -o cmTryCompileExec2955409007 -rdynamic 
make[1]: quittant le répertoire « /home/arnoul/Documents/cour/S2/ProjetProg/unitTest/cmocka-1.0.0/build/CMakeFiles/CMakeTmp »


Determining if the include file malloc.h exists passed with the following output:
Change Dir: /home/arnoul/Documents/cour/S2/ProjetProg/unitTest/cmocka-1.0.0/build/CMakeFiles/CMakeTmp

Run Build Command:/usr/bin/make "cmTryCompileExec2729476178/fast"
/usr/bin/make -f CMakeFiles/cmTryCompileExec2729476178.dir/build.make CMakeFiles/cmTryCompileExec2729476178.dir/build
make[1]: entrant dans le répertoire « /home/arnoul/Documents/cour/S2/ProjetProg/unitTest/cmocka-1.0.0/build/CMakeFiles/CMakeTmp »
/usr/bin/cmake -E cmake_progress_report /home/arnoul/Documents/cour/S2/ProjetProg/unitTest/cmocka-1.0.0/build/CMakeFiles/CMakeTmp/CMakeFiles 1
Building C object CMakeFiles/cmTryCompileExec2729476178.dir/CheckIncludeFile.c.o
/usr/bin/cc   -std=gnu99 -pedantic -pedantic-errors -Wall -Wextra -Wshadow -Wmissing-prototypes -Wdeclaration-after-statement -Wunused -Wfloat-equal -Wpointer-arith -Wwrite-strings -Wformat-security -Wmissing-format-attribute -Wundef -fPIC -fstack-protector -D_GNU_SOURCE -D_LARGEFILE64_SOURCE    -o CMakeFiles/cmTryCompileExec2729476178.dir/CheckIncludeFile.c.o   -c /home/arnoul/Documents/cour/S2/ProjetProg/unitTest/cmocka-1.0.0/build/CMakeFiles/CMakeTmp/CheckIncludeFile.c
Linking C executable cmTryCompileExec2729476178
/usr/bin/cmake -E cmake_link_script CMakeFiles/cmTryCompileExec2729476178.dir/link.txt --verbose=1
/usr/bin/cc   -std=gnu99 -pedantic -pedantic-errors -Wall -Wextra -Wshadow -Wmissing-prototypes -Wdeclaration-after-statement -Wunused -Wfloat-equal -Wpointer-arith -Wwrite-strings -Wformat-security -Wmissing-format-attribute -Wundef -fPIC -fstack-protector -D_GNU_SOURCE -D_LARGEFILE64_SOURCE     CMakeFiles/cmTryCompileExec2729476178.dir/CheckIncludeFile.c.o  -o cmTryCompileExec2729476178 -rdynamic 
make[1]: quittant le répertoire « /home/arnoul/Documents/cour/S2/ProjetProg/unitTest/cmocka-1.0.0/build/CMakeFiles/CMakeTmp »


Determining if the include file memory.h exists passed with the following output:
Change Dir: /home/arnoul/Documents/cour/S2/ProjetProg/unitTest/cmocka-1.0.0/build/CMakeFiles/CMakeTmp

Run Build Command:/usr/bin/make "cmTryCompileExec1382939398/fast"
/usr/bin/make -f CMakeFiles/cmTryCompileExec1382939398.dir/build.make CMakeFiles/cmTryCompileExec1382939398.dir/build
make[1]: entrant dans le répertoire « /home/arnoul/Documents/cour/S2/ProjetProg/unitTest/cmocka-1.0.0/build/CMakeFiles/CMakeTmp »
/usr/bin/cmake -E cmake_progress_report /home/arnoul/Documents/cour/S2/ProjetProg/unitTest/cmocka-1.0.0/build/CMakeFiles/CMakeTmp/CMakeFiles 1
Building C object CMakeFiles/cmTryCompileExec1382939398.dir/CheckIncludeFile.c.o
/usr/bin/cc   -std=gnu99 -pedantic -pedantic-errors -Wall -Wextra -Wshadow -Wmissing-prototypes -Wdeclaration-after-statement -Wunused -Wfloat-equal -Wpointer-arith -Wwrite-strings -Wformat-security -Wmissing-format-attribute -Wundef -fPIC -fstack-protector -D_GNU_SOURCE -D_LARGEFILE64_SOURCE    -o CMakeFiles/cmTryCompileExec1382939398.dir/CheckIncludeFile.c.o   -c /home/arnoul/Documents/cour/S2/ProjetProg/unitTest/cmocka-1.0.0/build/CMakeFiles/CMakeTmp/CheckIncludeFile.c
Linking C executable cmTryCompileExec1382939398
/usr/bin/cmake -E cmake_link_script CMakeFiles/cmTryCompileExec1382939398.dir/link.txt --verbose=1
/usr/bin/cc   -std=gnu99 -pedantic -pedantic-errors -Wall -Wextra -Wshadow -Wmissing-prototypes -Wdeclaration-after-statement -Wunused -Wfloat-equal -Wpointer-arith -Wwrite-strings -Wformat-security -Wmissing-format-attribute -Wundef -fPIC -fstack-protector -D_GNU_SOURCE -D_LARGEFILE64_SOURCE     CMakeFiles/cmTryCompileExec1382939398.dir/CheckIncludeFile.c.o  -o cmTryCompileExec1382939398 -rdynamic 
make[1]: quittant le répertoire « /home/arnoul/Documents/cour/S2/ProjetProg/unitTest/cmocka-1.0.0/build/CMakeFiles/CMakeTmp »


Determining if the include file setjmp.h exists passed with the following output:
Change Dir: /home/arnoul/Documents/cour/S2/ProjetProg/unitTest/cmocka-1.0.0/build/CMakeFiles/CMakeTmp

Run Build Command:/usr/bin/make "cmTryCompileExec807277054/fast"
/usr/bin/make -f CMakeFiles/cmTryCompileExec807277054.dir/build.make CMakeFiles/cmTryCompileExec807277054.dir/build
make[1]: entrant dans le répertoire « /home/arnoul/Documents/cour/S2/ProjetProg/unitTest/cmocka-1.0.0/build/CMakeFiles/CMakeTmp »
/usr/bin/cmake -E cmake_progress_report /home/arnoul/Documents/cour/S2/ProjetProg/unitTest/cmocka-1.0.0/build/CMakeFiles/CMakeTmp/CMakeFiles 1
Building C object CMakeFiles/cmTryCompileExec807277054.dir/CheckIncludeFile.c.o
/usr/bin/cc   -std=gnu99 -pedantic -pedantic-errors -Wall -Wextra -Wshadow -Wmissing-prototypes -Wdeclaration-after-statement -Wunused -Wfloat-equal -Wpointer-arith -Wwrite-strings -Wformat-security -Wmissing-format-attribute -Wundef -fPIC -fstack-protector -D_GNU_SOURCE -D_LARGEFILE64_SOURCE    -o CMakeFiles/cmTryCompileExec807277054.dir/CheckIncludeFile.c.o   -c /home/arnoul/Documents/cour/S2/ProjetProg/unitTest/cmocka-1.0.0/build/CMakeFiles/CMakeTmp/CheckIncludeFile.c
Linking C executable cmTryCompileExec807277054
/usr/bin/cmake -E cmake_link_script CMakeFiles/cmTryCompileExec807277054.dir/link.txt --verbose=1
/usr/bin/cc   -std=gnu99 -pedantic -pedantic-errors -Wall -Wextra -Wshadow -Wmissing-prototypes -Wdeclaration-after-statement -Wunused -Wfloat-equal -Wpointer-arith -Wwrite-strings -Wformat-security -Wmissing-format-attribute -Wundef -fPIC -fstack-protector -D_GNU_SOURCE -D_LARGEFILE64_SOURCE     CMakeFiles/cmTryCompileExec807277054.dir/CheckIncludeFile.c.o  -o cmTryCompileExec807277054 -rdynamic 
make[1]: quittant le répertoire « /home/arnoul/Documents/cour/S2/ProjetProg/unitTest/cmocka-1.0.0/build/CMakeFiles/CMakeTmp »


Determining if the include file signal.h exists passed with the following output:
Change Dir: /home/arnoul/Documents/cour/S2/ProjetProg/unitTest/cmocka-1.0.0/build/CMakeFiles/CMakeTmp

Run Build Command:/usr/bin/make "cmTryCompileExec2343934736/fast"
/usr/bin/make -f CMakeFiles/cmTryCompileExec2343934736.dir/build.make CMakeFiles/cmTryCompileExec2343934736.dir/build
make[1]: entrant dans le répertoire « /home/arnoul/Documents/cour/S2/ProjetProg/unitTest/cmocka-1.0.0/build/CMakeFiles/CMakeTmp »
/usr/bin/cmake -E cmake_progress_report /home/arnoul/Documents/cour/S2/ProjetProg/unitTest/cmocka-1.0.0/build/CMakeFiles/CMakeTmp/CMakeFiles 1
Building C object CMakeFiles/cmTryCompileExec2343934736.dir/CheckIncludeFile.c.o
/usr/bin/cc   -std=gnu99 -pedantic -pedantic-errors -Wall -Wextra -Wshadow -Wmissing-prototypes -Wdeclaration-after-statement -Wunused -Wfloat-equal -Wpointer-arith -Wwrite-strings -Wformat-security -Wmissing-format-attribute -Wundef -fPIC -fstack-protector -D_GNU_SOURCE -D_LARGEFILE64_SOURCE    -o CMakeFiles/cmTryCompileExec2343934736.dir/CheckIncludeFile.c.o   -c /home/arnoul/Documents/cour/S2/ProjetProg/unitTest/cmocka-1.0.0/build/CMakeFiles/CMakeTmp/CheckIncludeFile.c
Linking C executable cmTryCompileExec2343934736
/usr/bin/cmake -E cmake_link_script CMakeFiles/cmTryCompileExec2343934736.dir/link.txt --verbose=1
/usr/bin/cc   -std=gnu99 -pedantic -pedantic-errors -Wall -Wextra -Wshadow -Wmissing-prototypes -Wdeclaration-after-statement -Wunused -Wfloat-equal -Wpointer-arith -Wwrite-strings -Wformat-security -Wmissing-format-attribute -Wundef -fPIC -fstack-protector -D_GNU_SOURCE -D_LARGEFILE64_SOURCE     CMakeFiles/cmTryCompileExec2343934736.dir/CheckIncludeFile.c.o  -o cmTryCompileExec2343934736 -rdynamic 
make[1]: quittant le répertoire « /home/arnoul/Documents/cour/S2/ProjetProg/unitTest/cmocka-1.0.0/build/CMakeFiles/CMakeTmp »


Determining if the include file stdarg.h exists passed with the following output:
Change Dir: /home/arnoul/Documents/cour/S2/ProjetProg/unitTest/cmocka-1.0.0/build/CMakeFiles/CMakeTmp

Run Build Command:/usr/bin/make "cmTryCompileExec2166609950/fast"
/usr/bin/make -f CMakeFiles/cmTryCompileExec2166609950.dir/build.make CMakeFiles/cmTryCompileExec2166609950.dir/build
make[1]: entrant dans le répertoire « /home/arnoul/Documents/cour/S2/ProjetProg/unitTest/cmocka-1.0.0/build/CMakeFiles/CMakeTmp »
/usr/bin/cmake -E cmake_progress_report /home/arnoul/Documents/cour/S2/ProjetProg/unitTest/cmocka-1.0.0/build/CMakeFiles/CMakeTmp/CMakeFiles 1
Building C object CMakeFiles/cmTryCompileExec2166609950.dir/CheckIncludeFile.c.o
/usr/bin/cc   -std=gnu99 -pedantic -pedantic-errors -Wall -Wextra -Wshadow -Wmissing-prototypes -Wdeclaration-after-statement -Wunused -Wfloat-equal -Wpointer-arith -Wwrite-strings -Wformat-security -Wmissing-format-attribute -Wundef -fPIC -fstack-protector -D_GNU_SOURCE -D_LARGEFILE64_SOURCE    -o CMakeFiles/cmTryCompileExec2166609950.dir/CheckIncludeFile.c.o   -c /home/arnoul/Documents/cour/S2/ProjetProg/unitTest/cmocka-1.0.0/build/CMakeFiles/CMakeTmp/CheckIncludeFile.c
Linking C executable cmTryCompileExec2166609950
/usr/bin/cmake -E cmake_link_script CMakeFiles/cmTryCompileExec2166609950.dir/link.txt --verbose=1
/usr/bin/cc   -std=gnu99 -pedantic -pedantic-errors -Wall -Wextra -Wshadow -Wmissing-prototypes -Wdeclaration-after-statement -Wunused -Wfloat-equal -Wpointer-arith -Wwrite-strings -Wformat-security -Wmissing-format-attribute -Wundef -fPIC -fstack-protector -D_GNU_SOURCE -D_LARGEFILE64_SOURCE     CMakeFiles/cmTryCompileExec2166609950.dir/CheckIncludeFile.c.o  -o cmTryCompileExec2166609950 -rdynamic 
make[1]: quittant le répertoire « /home/arnoul/Documents/cour/S2/ProjetProg/unitTest/cmocka-1.0.0/build/CMakeFiles/CMakeTmp »


Determining if the include file stddef.h exists passed with the following output:
Change Dir: /home/arnoul/Documents/cour/S2/ProjetProg/unitTest/cmocka-1.0.0/build/CMakeFiles/CMakeTmp

Run Build Command:/usr/bin/make "cmTryCompileExec3301084435/fast"
/usr/bin/make -f CMakeFiles/cmTryCompileExec3301084435.dir/build.make CMakeFiles/cmTryCompileExec3301084435.dir/build
make[1]: entrant dans le répertoire « /home/arnoul/Documents/cour/S2/ProjetProg/unitTest/cmocka-1.0.0/build/CMakeFiles/CMakeTmp »
/usr/bin/cmake -E cmake_progress_report /home/arnoul/Documents/cour/S2/ProjetProg/unitTest/cmocka-1.0.0/build/CMakeFiles/CMakeTmp/CMakeFiles 1
Building C object CMakeFiles/cmTryCompileExec3301084435.dir/CheckIncludeFile.c.o
/usr/bin/cc   -std=gnu99 -pedantic -pedantic-errors -Wall -Wextra -Wshadow -Wmissing-prototypes -Wdeclaration-after-statement -Wunused -Wfloat-equal -Wpointer-arith -Wwrite-strings -Wformat-security -Wmissing-format-attribute -Wundef -fPIC -fstack-protector -D_GNU_SOURCE -D_LARGEFILE64_SOURCE    -o CMakeFiles/cmTryCompileExec3301084435.dir/CheckIncludeFile.c.o   -c /home/arnoul/Documents/cour/S2/ProjetProg/unitTest/cmocka-1.0.0/build/CMakeFiles/CMakeTmp/CheckIncludeFile.c
Linking C executable cmTryCompileExec3301084435
/usr/bin/cmake -E cmake_link_script CMakeFiles/cmTryCompileExec3301084435.dir/link.txt --verbose=1
/usr/bin/cc   -std=gnu99 -pedantic -pedantic-errors -Wall -Wextra -Wshadow -Wmissing-prototypes -Wdeclaration-after-statement -Wunused -Wfloat-equal -Wpointer-arith -Wwrite-strings -Wformat-security -Wmissing-format-attribute -Wundef -fPIC -fstack-protector -D_GNU_SOURCE -D_LARGEFILE64_SOURCE     CMakeFiles/cmTryCompileExec3301084435.dir/CheckIncludeFile.c.o  -o cmTryCompileExec3301084435 -rdynamic 
make[1]: quittant le répertoire « /home/arnoul/Documents/cour/S2/ProjetProg/unitTest/cmocka-1.0.0/build/CMakeFiles/CMakeTmp »


Determining if the include file stdint.h exists passed with the following output:
Change Dir: /home/arnoul/Documents/cour/S2/ProjetProg/unitTest/cmocka-1.0.0/build/CMakeFiles/CMakeTmp

Run Build Command:/usr/bin/make "cmTryCompileExec2394371851/fast"
/usr/bin/make -f CMakeFiles/cmTryCompileExec2394371851.dir/build.make CMakeFiles/cmTryCompileExec2394371851.dir/build
make[1]: entrant dans le répertoire « /home/arnoul/Documents/cour/S2/ProjetProg/unitTest/cmocka-1.0.0/build/CMakeFiles/CMakeTmp »
/usr/bin/cmake -E cmake_progress_report /home/arnoul/Documents/cour/S2/ProjetProg/unitTest/cmocka-1.0.0/build/CMakeFiles/CMakeTmp/CMakeFiles 1
Building C object CMakeFiles/cmTryCompileExec2394371851.dir/CheckIncludeFile.c.o
/usr/bin/cc   -std=gnu99 -pedantic -pedantic-errors -Wall -Wextra -Wshadow -Wmissing-prototypes -Wdeclaration-after-statement -Wunused -Wfloat-equal -Wpointer-arith -Wwrite-strings -Wformat-security -Wmissing-format-attribute -Wundef -fPIC -fstack-protector -D_GNU_SOURCE -D_LARGEFILE64_SOURCE    -o CMakeFiles/cmTryCompileExec2394371851.dir/CheckIncludeFile.c.o   -c /home/arnoul/Documents/cour/S2/ProjetProg/unitTest/cmocka-1.0.0/build/CMakeFiles/CMakeTmp/CheckIncludeFile.c
Linking C executable cmTryCompileExec2394371851
/usr/bin/cmake -E cmake_link_script CMakeFiles/cmTryCompileExec2394371851.dir/link.txt --verbose=1
/usr/bin/cc   -std=gnu99 -pedantic -pedantic-errors -Wall -Wextra -Wshadow -Wmissing-prototypes -Wdeclaration-after-statement -Wunused -Wfloat-equal -Wpointer-arith -Wwrite-strings -Wformat-security -Wmissing-format-attribute -Wundef -fPIC -fstack-protector -D_GNU_SOURCE -D_LARGEFILE64_SOURCE     CMakeFiles/cmTryCompileExec2394371851.dir/CheckIncludeFile.c.o  -o cmTryCompileExec2394371851 -rdynamic 
make[1]: quittant le répertoire « /home/arnoul/Documents/cour/S2/ProjetProg/unitTest/cmocka-1.0.0/build/CMakeFiles/CMakeTmp »


Determining if the include file stdio.h exists passed with the following output:
Change Dir: /home/arnoul/Documents/cour/S2/ProjetProg/unitTest/cmocka-1.0.0/build/CMakeFiles/CMakeTmp

Run Build Command:/usr/bin/make "cmTryCompileExec1988918/fast"
/usr/bin/make -f CMakeFiles/cmTryCompileExec1988918.dir/build.make CMakeFiles/cmTryCompileExec1988918.dir/build
make[1]: entrant dans le répertoire « /home/arnoul/Documents/cour/S2/ProjetProg/unitTest/cmocka-1.0.0/build/CMakeFiles/CMakeTmp »
/usr/bin/cmake -E cmake_progress_report /home/arnoul/Documents/cour/S2/ProjetProg/unitTest/cmocka-1.0.0/build/CMakeFiles/CMakeTmp/CMakeFiles 1
Building C object CMakeFiles/cmTryCompileExec1988918.dir/CheckIncludeFile.c.o
/usr/bin/cc   -std=gnu99 -pedantic -pedantic-errors -Wall -Wextra -Wshadow -Wmissing-prototypes -Wdeclaration-after-statement -Wunused -Wfloat-equal -Wpointer-arith -Wwrite-strings -Wformat-security -Wmissing-format-attribute -Wundef -fPIC -fstack-protector -D_GNU_SOURCE -D_LARGEFILE64_SOURCE    -o CMakeFiles/cmTryCompileExec1988918.dir/CheckIncludeFile.c.o   -c /home/arnoul/Documents/cour/S2/ProjetProg/unitTest/cmocka-1.0.0/build/CMakeFiles/CMakeTmp/CheckIncludeFile.c
Linking C executable cmTryCompileExec1988918
/usr/bin/cmake -E cmake_link_script CMakeFiles/cmTryCompileExec1988918.dir/link.txt --verbose=1
/usr/bin/cc   -std=gnu99 -pedantic -pedantic-errors -Wall -Wextra -Wshadow -Wmissing-prototypes -Wdeclaration-after-statement -Wunused -Wfloat-equal -Wpointer-arith -Wwrite-strings -Wformat-security -Wmissing-format-attribute -Wundef -fPIC -fstack-protector -D_GNU_SOURCE -D_LARGEFILE64_SOURCE     CMakeFiles/cmTryCompileExec1988918.dir/CheckIncludeFile.c.o  -o cmTryCompileExec1988918 -rdynamic 
make[1]: quittant le répertoire « /home/arnoul/Documents/cour/S2/ProjetProg/unitTest/cmocka-1.0.0/build/CMakeFiles/CMakeTmp »


Determining if the include file stdlib.h exists passed with the following output:
Change Dir: /home/arnoul/Documents/cour/S2/ProjetProg/unitTest/cmocka-1.0.0/build/CMakeFiles/CMakeTmp

Run Build Command:/usr/bin/make "cmTryCompileExec1149597143/fast"
/usr/bin/make -f CMakeFiles/cmTryCompileExec1149597143.dir/build.make CMakeFiles/cmTryCompileExec1149597143.dir/build
make[1]: entrant dans le répertoire « /home/arnoul/Documents/cour/S2/ProjetProg/unitTest/cmocka-1.0.0/build/CMakeFiles/CMakeTmp »
/usr/bin/cmake -E cmake_progress_report /home/arnoul/Documents/cour/S2/ProjetProg/unitTest/cmocka-1.0.0/build/CMakeFiles/CMakeTmp/CMakeFiles 1
Building C object CMakeFiles/cmTryCompileExec1149597143.dir/CheckIncludeFile.c.o
/usr/bin/cc   -std=gnu99 -pedantic -pedantic-errors -Wall -Wextra -Wshadow -Wmissing-prototypes -Wdeclaration-after-statement -Wunused -Wfloat-equal -Wpointer-arith -Wwrite-strings -Wformat-security -Wmissing-format-attribute -Wundef -fPIC -fstack-protector -D_GNU_SOURCE -D_LARGEFILE64_SOURCE    -o CMakeFiles/cmTryCompileExec1149597143.dir/CheckIncludeFile.c.o   -c /home/arnoul/Documents/cour/S2/ProjetProg/unitTest/cmocka-1.0.0/build/CMakeFiles/CMakeTmp/CheckIncludeFile.c
Linking C executable cmTryCompileExec1149597143
/usr/bin/cmake -E cmake_link_script CMakeFiles/cmTryCompileExec1149597143.dir/link.txt --verbose=1
/usr/bin/cc   -std=gnu99 -pedantic -pedantic-errors -Wall -Wextra -Wshadow -Wmissing-prototypes -Wdeclaration-after-statement -Wunused -Wfloat-equal -Wpointer-arith -Wwrite-strings -Wformat-security -Wmissing-format-attribute -Wundef -fPIC -fstack-protector -D_GNU_SOURCE -D_LARGEFILE64_SOURCE     CMakeFiles/cmTryCompileExec1149597143.dir/CheckIncludeFile.c.o  -o cmTryCompileExec1149597143 -rdynamic 
make[1]: quittant le répertoire « /home/arnoul/Documents/cour/S2/ProjetProg/unitTest/cmocka-1.0.0/build/CMakeFiles/CMakeTmp »


Determining if the include file string.h exists passed with the following output:
Change Dir: /home/arnoul/Documents/cour/S2/ProjetProg/unitTest/cmocka-1.0.0/build/CMakeFiles/CMakeTmp

Run Build Command:/usr/bin/make "cmTryCompileExec1188559806/fast"
/usr/bin/make -f CMakeFiles/cmTryCompileExec1188559806.dir/build.make CMakeFiles/cmTryCompileExec1188559806.dir/build
make[1]: entrant dans le répertoire « /home/arnoul/Documents/cour/S2/ProjetProg/unitTest/cmocka-1.0.0/build/CMakeFiles/CMakeTmp »
/usr/bin/cmake -E cmake_progress_report /home/arnoul/Documents/cour/S2/ProjetProg/unitTest/cmocka-1.0.0/build/CMakeFiles/CMakeTmp/CMakeFiles 1
Building C object CMakeFiles/cmTryCompileExec1188559806.dir/CheckIncludeFile.c.o
/usr/bin/cc   -std=gnu99 -pedantic -pedantic-errors -Wall -Wextra -Wshadow -Wmissing-prototypes -Wdeclaration-after-statement -Wunused -Wfloat-equal -Wpointer-arith -Wwrite-strings -Wformat-security -Wmissing-format-attribute -Wundef -fPIC -fstack-protector -D_GNU_SOURCE -D_LARGEFILE64_SOURCE    -o CMakeFiles/cmTryCompileExec1188559806.dir/CheckIncludeFile.c.o   -c /home/arnoul/Documents/cour/S2/ProjetProg/unitTest/cmocka-1.0.0/build/CMakeFiles/CMakeTmp/CheckIncludeFile.c
Linking C executable cmTryCompileExec1188559806
/usr/bin/cmake -E cmake_link_script CMakeFiles/cmTryCompileExec1188559806.dir/link.txt --verbose=1
/usr/bin/cc   -std=gnu99 -pedantic -pedantic-errors -Wall -Wextra -Wshadow -Wmissing-prototypes -Wdeclaration-after-statement -Wunused -Wfloat-equal -Wpointer-arith -Wwrite-strings -Wformat-security -Wmissing-format-attribute -Wundef -fPIC -fstack-protector -D_GNU_SOURCE -D_LARGEFILE64_SOURCE     CMakeFiles/cmTryCompileExec1188559806.dir/CheckIncludeFile.c.o  -o cmTryCompileExec1188559806 -rdynamic 
make[1]: quittant le répertoire « /home/arnoul/Documents/cour/S2/ProjetProg/unitTest/cmocka-1.0.0/build/CMakeFiles/CMakeTmp »


Determining if the include file strings.h exists passed with the following output:
Change Dir: /home/arnoul/Documents/cour/S2/ProjetProg/unitTest/cmocka-1.0.0/build/CMakeFiles/CMakeTmp

Run Build Command:/usr/bin/make "cmTryCompileExec17110801/fast"
/usr/bin/make -f CMakeFiles/cmTryCompileExec17110801.dir/build.make CMakeFiles/cmTryCompileExec17110801.dir/build
make[1]: entrant dans le répertoire « /home/arnoul/Documents/cour/S2/ProjetProg/unitTest/cmocka-1.0.0/build/CMakeFiles/CMakeTmp »
/usr/bin/cmake -E cmake_progress_report /home/arnoul/Documents/cour/S2/ProjetProg/unitTest/cmocka-1.0.0/build/CMakeFiles/CMakeTmp/CMakeFiles 1
Building C object CMakeFiles/cmTryCompileExec17110801.dir/CheckIncludeFile.c.o
/usr/bin/cc   -std=gnu99 -pedantic -pedantic-errors -Wall -Wextra -Wshadow -Wmissing-prototypes -Wdeclaration-after-statement -Wunused -Wfloat-equal -Wpointer-arith -Wwrite-strings -Wformat-security -Wmissing-format-attribute -Wundef -fPIC -fstack-protector -D_GNU_SOURCE -D_LARGEFILE64_SOURCE    -o CMakeFiles/cmTryCompileExec17110801.dir/CheckIncludeFile.c.o   -c /home/arnoul/Documents/cour/S2/ProjetProg/unitTest/cmocka-1.0.0/build/CMakeFiles/CMakeTmp/CheckIncludeFile.c
Linking C executable cmTryCompileExec17110801
/usr/bin/cmake -E cmake_link_script CMakeFiles/cmTryCompileExec17110801.dir/link.txt --verbose=1
/usr/bin/cc   -std=gnu99 -pedantic -pedantic-errors -Wall -Wextra -Wshadow -Wmissing-prototypes -Wdeclaration-after-statement -Wunused -Wfloat-equal -Wpointer-arith -Wwrite-strings -Wformat-security -Wmissing-format-attribute -Wundef -fPIC -fstack-protector -D_GNU_SOURCE -D_LARGEFILE64_SOURCE     CMakeFiles/cmTryCompileExec17110801.dir/CheckIncludeFile.c.o  -o cmTryCompileExec17110801 -rdynamic 
make[1]: quittant le répertoire « /home/arnoul/Documents/cour/S2/ProjetProg/unitTest/cmocka-1.0.0/build/CMakeFiles/CMakeTmp »


Determining if the include file sys/stat.h exists passed with the following output:
Change Dir: /home/arnoul/Documents/cour/S2/ProjetProg/unitTest/cmocka-1.0.0/build/CMakeFiles/CMakeTmp

Run Build Command:/usr/bin/make "cmTryCompileExec115395112/fast"
/usr/bin/make -f CMakeFiles/cmTryCompileExec115395112.dir/build.make CMakeFiles/cmTryCompileExec115395112.dir/build
make[1]: entrant dans le répertoire « /home/arnoul/Documents/cour/S2/ProjetProg/unitTest/cmocka-1.0.0/build/CMakeFiles/CMakeTmp »
/usr/bin/cmake -E cmake_progress_report /home/arnoul/Documents/cour/S2/ProjetProg/unitTest/cmocka-1.0.0/build/CMakeFiles/CMakeTmp/CMakeFiles 1
Building C object CMakeFiles/cmTryCompileExec115395112.dir/CheckIncludeFile.c.o
/usr/bin/cc   -std=gnu99 -pedantic -pedantic-errors -Wall -Wextra -Wshadow -Wmissing-prototypes -Wdeclaration-after-statement -Wunused -Wfloat-equal -Wpointer-arith -Wwrite-strings -Wformat-security -Wmissing-format-attribute -Wundef -fPIC -fstack-protector -D_GNU_SOURCE -D_LARGEFILE64_SOURCE    -o CMakeFiles/cmTryCompileExec115395112.dir/CheckIncludeFile.c.o   -c /home/arnoul/Documents/cour/S2/ProjetProg/unitTest/cmocka-1.0.0/build/CMakeFiles/CMakeTmp/CheckIncludeFile.c
Linking C executable cmTryCompileExec115395112
/usr/bin/cmake -E cmake_link_script CMakeFiles/cmTryCompileExec115395112.dir/link.txt --verbose=1
/usr/bin/cc   -std=gnu99 -pedantic -pedantic-errors -Wall -Wextra -Wshadow -Wmissing-prototypes -Wdeclaration-after-statement -Wunused -Wfloat-equal -Wpointer-arith -Wwrite-strings -Wformat-security -Wmissing-format-attribute -Wundef -fPIC -fstack-protector -D_GNU_SOURCE -D_LARGEFILE64_SOURCE     CMakeFiles/cmTryCompileExec115395112.dir/CheckIncludeFile.c.o  -o cmTryCompileExec115395112 -rdynamic 
make[1]: quittant le répertoire « /home/arnoul/Documents/cour/S2/ProjetProg/unitTest/cmocka-1.0.0/build/CMakeFiles/CMakeTmp »


Determining if the include file sys/types.h exists passed with the following output:
Change Dir: /home/arnoul/Documents/cour/S2/ProjetProg/unitTest/cmocka-1.0.0/build/CMakeFiles/CMakeTmp

Run Build Command:/usr/bin/make "cmTryCompileExec3814887341/fast"
/usr/bin/make -f CMakeFiles/cmTryCompileExec3814887341.dir/build.make CMakeFiles/cmTryCompileExec3814887341.dir/build
make[1]: entrant dans le répertoire « /home/arnoul/Documents/cour/S2/ProjetProg/unitTest/cmocka-1.0.0/build/CMakeFiles/CMakeTmp »
/usr/bin/cmake -E cmake_progress_report /home/arnoul/Documents/cour/S2/ProjetProg/unitTest/cmocka-1.0.0/build/CMakeFiles/CMakeTmp/CMakeFiles 1
Building C object CMakeFiles/cmTryCompileExec3814887341.dir/CheckIncludeFile.c.o
/usr/bin/cc   -std=gnu99 -pedantic -pedantic-errors -Wall -Wextra -Wshadow -Wmissing-prototypes -Wdeclaration-after-statement -Wunused -Wfloat-equal -Wpointer-arith -Wwrite-strings -Wformat-security -Wmissing-format-attribute -Wundef -fPIC -fstack-protector -D_GNU_SOURCE -D_LARGEFILE64_SOURCE    -o CMakeFiles/cmTryCompileExec3814887341.dir/CheckIncludeFile.c.o   -c /home/arnoul/Documents/cour/S2/ProjetProg/unitTest/cmocka-1.0.0/build/CMakeFiles/CMakeTmp/CheckIncludeFile.c
Linking C executable cmTryCompileExec3814887341
/usr/bin/cmake -E cmake_link_script CMakeFiles/cmTryCompileExec3814887341.dir/link.txt --verbose=1
/usr/bin/cc   -std=gnu99 -pedantic -pedantic-errors -Wall -Wextra -Wshadow -Wmissing-prototypes -Wdeclaration-after-statement -Wunused -Wfloat-equal -Wpointer-arith -Wwrite-strings -Wformat-security -Wmissing-format-attribute -Wundef -fPIC -fstack-protector -D_GNU_SOURCE -D_LARGEFILE64_SOURCE     CMakeFiles/cmTryCompileExec3814887341.dir/CheckIncludeFile.c.o  -o cmTryCompileExec3814887341 -rdynamic 
make[1]: quittant le répertoire « /home/arnoul/Documents/cour/S2/ProjetProg/unitTest/cmocka-1.0.0/build/CMakeFiles/CMakeTmp »


Determining if the include file time.h exists passed with the following output:
Change Dir: /home/arnoul/Documents/cour/S2/ProjetProg/unitTest/cmocka-1.0.0/build/CMakeFiles/CMakeTmp

Run Build Command:/usr/bin/make "cmTryCompileExec2532725948/fast"
/usr/bin/make -f CMakeFiles/cmTryCompileExec2532725948.dir/build.make CMakeFiles/cmTryCompileExec2532725948.dir/build
make[1]: entrant dans le répertoire « /home/arnoul/Documents/cour/S2/ProjetProg/unitTest/cmocka-1.0.0/build/CMakeFiles/CMakeTmp »
/usr/bin/cmake -E cmake_progress_report /home/arnoul/Documents/cour/S2/ProjetProg/unitTest/cmocka-1.0.0/build/CMakeFiles/CMakeTmp/CMakeFiles 1
Building C object CMakeFiles/cmTryCompileExec2532725948.dir/CheckIncludeFile.c.o
/usr/bin/cc   -std=gnu99 -pedantic -pedantic-errors -Wall -Wextra -Wshadow -Wmissing-prototypes -Wdeclaration-after-statement -Wunused -Wfloat-equal -Wpointer-arith -Wwrite-strings -Wformat-security -Wmissing-format-attribute -Wundef -fPIC -fstack-protector -D_GNU_SOURCE -D_LARGEFILE64_SOURCE    -o CMakeFiles/cmTryCompileExec2532725948.dir/CheckIncludeFile.c.o   -c /home/arnoul/Documents/cour/S2/ProjetProg/unitTest/cmocka-1.0.0/build/CMakeFiles/CMakeTmp/CheckIncludeFile.c
Linking C executable cmTryCompileExec2532725948
/usr/bin/cmake -E cmake_link_script CMakeFiles/cmTryCompileExec2532725948.dir/link.txt --verbose=1
/usr/bin/cc   -std=gnu99 -pedantic -pedantic-errors -Wall -Wextra -Wshadow -Wmissing-prototypes -Wdeclaration-after-statement -Wunused -Wfloat-equal -Wpointer-arith -Wwrite-strings -Wformat-security -Wmissing-format-attribute -Wundef -fPIC -fstack-protector -D_GNU_SOURCE -D_LARGEFILE64_SOURCE     CMakeFiles/cmTryCompileExec2532725948.dir/CheckIncludeFile.c.o  -o cmTryCompileExec2532725948 -rdynamic 
make[1]: quittant le répertoire « /home/arnoul/Documents/cour/S2/ProjetProg/unitTest/cmocka-1.0.0/build/CMakeFiles/CMakeTmp »


Determining if the include file unistd.h exists passed with the following output:
Change Dir: /home/arnoul/Documents/cour/S2/ProjetProg/unitTest/cmocka-1.0.0/build/CMakeFiles/CMakeTmp

Run Build Command:/usr/bin/make "cmTryCompileExec4155971024/fast"
/usr/bin/make -f CMakeFiles/cmTryCompileExec4155971024.dir/build.make CMakeFiles/cmTryCompileExec4155971024.dir/build
make[1]: entrant dans le répertoire « /home/arnoul/Documents/cour/S2/ProjetProg/unitTest/cmocka-1.0.0/build/CMakeFiles/CMakeTmp »
/usr/bin/cmake -E cmake_progress_report /home/arnoul/Documents/cour/S2/ProjetProg/unitTest/cmocka-1.0.0/build/CMakeFiles/CMakeTmp/CMakeFiles 1
Building C object CMakeFiles/cmTryCompileExec4155971024.dir/CheckIncludeFile.c.o
/usr/bin/cc   -std=gnu99 -pedantic -pedantic-errors -Wall -Wextra -Wshadow -Wmissing-prototypes -Wdeclaration-after-statement -Wunused -Wfloat-equal -Wpointer-arith -Wwrite-strings -Wformat-security -Wmissing-format-attribute -Wundef -fPIC -fstack-protector -D_GNU_SOURCE -D_LARGEFILE64_SOURCE    -o CMakeFiles/cmTryCompileExec4155971024.dir/CheckIncludeFile.c.o   -c /home/arnoul/Documents/cour/S2/ProjetProg/unitTest/cmocka-1.0.0/build/CMakeFiles/CMakeTmp/CheckIncludeFile.c
Linking C executable cmTryCompileExec4155971024
/usr/bin/cmake -E cmake_link_script CMakeFiles/cmTryCompileExec4155971024.dir/link.txt --verbose=1
/usr/bin/cc   -std=gnu99 -pedantic -pedantic-errors -Wall -Wextra -Wshadow -Wmissing-prototypes -Wdeclaration-after-statement -Wunused -Wfloat-equal -Wpointer-arith -Wwrite-strings -Wformat-security -Wmissing-format-attribute -Wundef -fPIC -fstack-protector -D_GNU_SOURCE -D_LARGEFILE64_SOURCE     CMakeFiles/cmTryCompileExec4155971024.dir/CheckIncludeFile.c.o  -o cmTryCompileExec4155971024 -rdynamic 
make[1]: quittant le répertoire « /home/arnoul/Documents/cour/S2/ProjetProg/unitTest/cmocka-1.0.0/build/CMakeFiles/CMakeTmp »


Performing C SOURCE FILE Test HAVE_STRUCT_TIMESPEC succeded with the following output:
Change Dir: /home/arnoul/Documents/cour/S2/ProjetProg/unitTest/cmocka-1.0.0/build/CMakeFiles/CMakeTmp

Run Build Command:/usr/bin/make "cmTryCompileExec227959538/fast"
/usr/bin/make -f CMakeFiles/cmTryCompileExec227959538.dir/build.make CMakeFiles/cmTryCompileExec227959538.dir/build
make[1]: entrant dans le répertoire « /home/arnoul/Documents/cour/S2/ProjetProg/unitTest/cmocka-1.0.0/build/CMakeFiles/CMakeTmp »
/usr/bin/cmake -E cmake_progress_report /home/arnoul/Documents/cour/S2/ProjetProg/unitTest/cmocka-1.0.0/build/CMakeFiles/CMakeTmp/CMakeFiles 1
Building C object CMakeFiles/cmTryCompileExec227959538.dir/src.c.o
/usr/bin/cc   -std=gnu99 -pedantic -pedantic-errors -Wall -Wextra -Wshadow -Wmissing-prototypes -Wdeclaration-after-statement -Wunused -Wfloat-equal -Wpointer-arith -Wwrite-strings -Wformat-security -Wmissing-format-attribute -Wundef -fPIC -fstack-protector -D_GNU_SOURCE -D_LARGEFILE64_SOURCE -DHAVE_STRUCT_TIMESPEC   -o CMakeFiles/cmTryCompileExec227959538.dir/src.c.o   -c /home/arnoul/Documents/cour/S2/ProjetProg/unitTest/cmocka-1.0.0/build/CMakeFiles/CMakeTmp/src.c
/home/arnoul/Documents/cour/S2/ProjetProg/unitTest/cmocka-1.0.0/build/CMakeFiles/CMakeTmp/src.c: In function ‘main’:
/home/arnoul/Documents/cour/S2/ProjetProg/unitTest/cmocka-1.0.0/build/CMakeFiles/CMakeTmp/src.c:7:4: warning: statement with no effect [-Wunused-value]
    tmp->tv_sec;
    ^
Linking C executable cmTryCompileExec227959538
/usr/bin/cmake -E cmake_link_script CMakeFiles/cmTryCompileExec227959538.dir/link.txt --verbose=1
/usr/bin/cc   -std=gnu99 -pedantic -pedantic-errors -Wall -Wextra -Wshadow -Wmissing-prototypes -Wdeclaration-after-statement -Wunused -Wfloat-equal -Wpointer-arith -Wwrite-strings -Wformat-security -Wmissing-format-attribute -Wundef -fPIC -fstack-protector -D_GNU_SOURCE -D_LARGEFILE64_SOURCE -DHAVE_STRUCT_TIMESPEC    CMakeFiles/cmTryCompileExec227959538.dir/src.c.o  -o cmTryCompileExec227959538 -rdynamic 
make[1]: quittant le répertoire « /home/arnoul/Documents/cour/S2/ProjetProg/unitTest/cmocka-1.0.0/build/CMakeFiles/CMakeTmp »

Source file was:

#include <time.h>

int main()
{
   struct timespec* tmp;
   tmp->tv_sec;
  return 0;
}

Determining if the function calloc exists passed with the following output:
Change Dir: /home/arnoul/Documents/cour/S2/ProjetProg/unitTest/cmocka-1.0.0/build/CMakeFiles/CMakeTmp

Run Build Command:/usr/bin/make "cmTryCompileExec1140897338/fast"
/usr/bin/make -f CMakeFiles/cmTryCompileExec1140897338.dir/build.make CMakeFiles/cmTryCompileExec1140897338.dir/build
make[1]: entrant dans le répertoire « /home/arnoul/Documents/cour/S2/ProjetProg/unitTest/cmocka-1.0.0/build/CMakeFiles/CMakeTmp »
/usr/bin/cmake -E cmake_progress_report /home/arnoul/Documents/cour/S2/ProjetProg/unitTest/cmocka-1.0.0/build/CMakeFiles/CMakeTmp/CMakeFiles 1
Building C object CMakeFiles/cmTryCompileExec1140897338.dir/CheckFunctionExists.c.o
/usr/bin/cc   -std=gnu99 -pedantic -pedantic-errors -Wall -Wextra -Wshadow -Wmissing-prototypes -Wdeclaration-after-statement -Wunused -Wfloat-equal -Wpointer-arith -Wwrite-strings -Wformat-security -Wmissing-format-attribute -Wundef -fPIC -fstack-protector -D_GNU_SOURCE -D_LARGEFILE64_SOURCE -DCHECK_FUNCTION_EXISTS=calloc   -o CMakeFiles/cmTryCompileExec1140897338.dir/CheckFunctionExists.c.o   -c /usr/share/cmake-2.8/Modules/CheckFunctionExists.c
<command-line>:0:23: warning: conflicting types for built-in function ‘calloc’ [enabled by default]
/usr/share/cmake-2.8/Modules/CheckFunctionExists.c:3:6: note: in expansion of macro ‘CHECK_FUNCTION_EXISTS’
 char CHECK_FUNCTION_EXISTS();
      ^
Linking C executable cmTryCompileExec1140897338
/usr/bin/cmake -E cmake_link_script CMakeFiles/cmTryCompileExec1140897338.dir/link.txt --verbose=1
/usr/bin/cc   -std=gnu99 -pedantic -pedantic-errors -Wall -Wextra -Wshadow -Wmissing-prototypes -Wdeclaration-after-statement -Wunused -Wfloat-equal -Wpointer-arith -Wwrite-strings -Wformat-security -Wmissing-format-attribute -Wundef -fPIC -fstack-protector -D_GNU_SOURCE -D_LARGEFILE64_SOURCE -DCHECK_FUNCTION_EXISTS=calloc    CMakeFiles/cmTryCompileExec1140897338.dir/CheckFunctionExists.c.o  -o cmTryCompileExec1140897338 -rdynamic 
make[1]: quittant le répertoire « /home/arnoul/Documents/cour/S2/ProjetProg/unitTest/cmocka-1.0.0/build/CMakeFiles/CMakeTmp »


Determining if the function exit exists passed with the following output:
Change Dir: /home/arnoul/Documents/cour/S2/ProjetProg/unitTest/cmocka-1.0.0/build/CMakeFiles/CMakeTmp

Run Build Command:/usr/bin/make "cmTryCompileExec4044010346/fast"
/usr/bin/make -f CMakeFiles/cmTryCompileExec4044010346.dir/build.make CMakeFiles/cmTryCompileExec4044010346.dir/build
make[1]: entrant dans le répertoire « /home/arnoul/Documents/cour/S2/ProjetProg/unitTest/cmocka-1.0.0/build/CMakeFiles/CMakeTmp »
/usr/bin/cmake -E cmake_progress_report /home/arnoul/Documents/cour/S2/ProjetProg/unitTest/cmocka-1.0.0/build/CMakeFiles/CMakeTmp/CMakeFiles 1
Building C object CMakeFiles/cmTryCompileExec4044010346.dir/CheckFunctionExists.c.o
/usr/bin/cc   -std=gnu99 -pedantic -pedantic-errors -Wall -Wextra -Wshadow -Wmissing-prototypes -Wdeclaration-after-statement -Wunused -Wfloat-equal -Wpointer-arith -Wwrite-strings -Wformat-security -Wmissing-format-attribute -Wundef -fPIC -fstack-protector -D_GNU_SOURCE -D_LARGEFILE64_SOURCE -DCHECK_FUNCTION_EXISTS=exit   -o CMakeFiles/cmTryCompileExec4044010346.dir/CheckFunctionExists.c.o   -c /usr/share/cmake-2.8/Modules/CheckFunctionExists.c
<command-line>:0:23: warning: conflicting types for built-in function ‘exit’ [enabled by default]
/usr/share/cmake-2.8/Modules/CheckFunctionExists.c:3:6: note: in expansion of macro ‘CHECK_FUNCTION_EXISTS’
 char CHECK_FUNCTION_EXISTS();
      ^
Linking C executable cmTryCompileExec4044010346
/usr/bin/cmake -E cmake_link_script CMakeFiles/cmTryCompileExec4044010346.dir/link.txt --verbose=1
/usr/bin/cc   -std=gnu99 -pedantic -pedantic-errors -Wall -Wextra -Wshadow -Wmissing-prototypes -Wdeclaration-after-statement -Wunused -Wfloat-equal -Wpointer-arith -Wwrite-strings -Wformat-security -Wmissing-format-attribute -Wundef -fPIC -fstack-protector -D_GNU_SOURCE -D_LARGEFILE64_SOURCE -DCHECK_FUNCTION_EXISTS=exit    CMakeFiles/cmTryCompileExec4044010346.dir/CheckFunctionExists.c.o  -o cmTryCompileExec4044010346 -rdynamic 
make[1]: quittant le répertoire « /home/arnoul/Documents/cour/S2/ProjetProg/unitTest/cmocka-1.0.0/build/CMakeFiles/CMakeTmp »


Determining if the function fprintf exists passed with the following output:
Change Dir: /home/arnoul/Documents/cour/S2/ProjetProg/unitTest/cmocka-1.0.0/build/CMakeFiles/CMakeTmp

Run Build Command:/usr/bin/make "cmTryCompileExec4187394641/fast"
/usr/bin/make -f CMakeFiles/cmTryCompileExec4187394641.dir/build.make CMakeFiles/cmTryCompileExec4187394641.dir/build
make[1]: entrant dans le répertoire « /home/arnoul/Documents/cour/S2/ProjetProg/unitTest/cmocka-1.0.0/build/CMakeFiles/CMakeTmp »
/usr/bin/cmake -E cmake_progress_report /home/arnoul/Documents/cour/S2/ProjetProg/unitTest/cmocka-1.0.0/build/CMakeFiles/CMakeTmp/CMakeFiles 1
Building C object CMakeFiles/cmTryCompileExec4187394641.dir/CheckFunctionExists.c.o
/usr/bin/cc   -std=gnu99 -pedantic -pedantic-errors -Wall -Wextra -Wshadow -Wmissing-prototypes -Wdeclaration-after-statement -Wunused -Wfloat-equal -Wpointer-arith -Wwrite-strings -Wformat-security -Wmissing-format-attribute -Wundef -fPIC -fstack-protector -D_GNU_SOURCE -D_LARGEFILE64_SOURCE -DCHECK_FUNCTION_EXISTS=fprintf   -o CMakeFiles/cmTryCompileExec4187394641.dir/CheckFunctionExists.c.o   -c /usr/share/cmake-2.8/Modules/CheckFunctionExists.c
<command-line>:0:23: warning: conflicting types for built-in function ‘fprintf’ [enabled by default]
/usr/share/cmake-2.8/Modules/CheckFunctionExists.c:3:6: note: in expansion of macro ‘CHECK_FUNCTION_EXISTS’
 char CHECK_FUNCTION_EXISTS();
      ^
Linking C executable cmTryCompileExec4187394641
/usr/bin/cmake -E cmake_link_script CMakeFiles/cmTryCompileExec4187394641.dir/link.txt --verbose=1
/usr/bin/cc   -std=gnu99 -pedantic -pedantic-errors -Wall -Wextra -Wshadow -Wmissing-prototypes -Wdeclaration-after-statement -Wunused -Wfloat-equal -Wpointer-arith -Wwrite-strings -Wformat-security -Wmissing-format-attribute -Wundef -fPIC -fstack-protector -D_GNU_SOURCE -D_LARGEFILE64_SOURCE -DCHECK_FUNCTION_EXISTS=fprintf    CMakeFiles/cmTryCompileExec4187394641.dir/CheckFunctionExists.c.o  -o cmTryCompileExec4187394641 -rdynamic 
make[1]: quittant le répertoire « /home/arnoul/Documents/cour/S2/ProjetProg/unitTest/cmocka-1.0.0/build/CMakeFiles/CMakeTmp »


Determining if the function free exists passed with the following output:
Change Dir: /home/arnoul/Documents/cour/S2/ProjetProg/unitTest/cmocka-1.0.0/build/CMakeFiles/CMakeTmp

Run Build Command:/usr/bin/make "cmTryCompileExec2722635557/fast"
/usr/bin/make -f CMakeFiles/cmTryCompileExec2722635557.dir/build.make CMakeFiles/cmTryCompileExec2722635557.dir/build
make[1]: entrant dans le répertoire « /home/arnoul/Documents/cour/S2/ProjetProg/unitTest/cmocka-1.0.0/build/CMakeFiles/CMakeTmp »
/usr/bin/cmake -E cmake_progress_report /home/arnoul/Documents/cour/S2/ProjetProg/unitTest/cmocka-1.0.0/build/CMakeFiles/CMakeTmp/CMakeFiles 1
Building C object CMakeFiles/cmTryCompileExec2722635557.dir/CheckFunctionExists.c.o
/usr/bin/cc   -std=gnu99 -pedantic -pedantic-errors -Wall -Wextra -Wshadow -Wmissing-prototypes -Wdeclaration-after-statement -Wunused -Wfloat-equal -Wpointer-arith -Wwrite-strings -Wformat-security -Wmissing-format-attribute -Wundef -fPIC -fstack-protector -D_GNU_SOURCE -D_LARGEFILE64_SOURCE -DCHECK_FUNCTION_EXISTS=free   -o CMakeFiles/cmTryCompileExec2722635557.dir/CheckFunctionExists.c.o   -c /usr/share/cmake-2.8/Modules/CheckFunctionExists.c
<command-line>:0:23: warning: conflicting types for built-in function ‘free’ [enabled by default]
/usr/share/cmake-2.8/Modules/CheckFunctionExists.c:3:6: note: in expansion of macro ‘CHECK_FUNCTION_EXISTS’
 char CHECK_FUNCTION_EXISTS();
      ^
Linking C executable cmTryCompileExec2722635557
/usr/bin/cmake -E cmake_link_script CMakeFiles/cmTryCompileExec2722635557.dir/link.txt --verbose=1
/usr/bin/cc   -std=gnu99 -pedantic -pedantic-errors -Wall -Wextra -Wshadow -Wmissing-prototypes -Wdeclaration-after-statement -Wunused -Wfloat-equal -Wpointer-arith -Wwrite-strings -Wformat-security -Wmissing-format-attribute -Wundef -fPIC -fstack-protector -D_GNU_SOURCE -D_LARGEFILE64_SOURCE -DCHECK_FUNCTION_EXISTS=free    CMakeFiles/cmTryCompileExec2722635557.dir/CheckFunctionExists.c.o  -o cmTryCompileExec2722635557 -rdynamic 
make[1]: quittant le répertoire « /home/arnoul/Documents/cour/S2/ProjetProg/unitTest/cmocka-1.0.0/build/CMakeFiles/CMakeTmp »


Determining if the function longjmp exists passed with the following output:
Change Dir: /home/arnoul/Documents/cour/S2/ProjetProg/unitTest/cmocka-1.0.0/build/CMakeFiles/CMakeTmp

Run Build Command:/usr/bin/make "cmTryCompileExec3548706596/fast"
/usr/bin/make -f CMakeFiles/cmTryCompileExec3548706596.dir/build.make CMakeFiles/cmTryCompileExec3548706596.dir/build
make[1]: entrant dans le répertoire « /home/arnoul/Documents/cour/S2/ProjetProg/unitTest/cmocka-1.0.0/build/CMakeFiles/CMakeTmp »
/usr/bin/cmake -E cmake_progress_report /home/arnoul/Documents/cour/S2/ProjetProg/unitTest/cmocka-1.0.0/build/CMakeFiles/CMakeTmp/CMakeFiles 1
Building C object CMakeFiles/cmTryCompileExec3548706596.dir/CheckFunctionExists.c.o
/usr/bin/cc   -std=gnu99 -pedantic -pedantic-errors -Wall -Wextra -Wshadow -Wmissing-prototypes -Wdeclaration-after-statement -Wunused -Wfloat-equal -Wpointer-arith -Wwrite-strings -Wformat-security -Wmissing-format-attribute -Wundef -fPIC -fstack-protector -D_GNU_SOURCE -D_LARGEFILE64_SOURCE -DCHECK_FUNCTION_EXISTS=longjmp   -o CMakeFiles/cmTryCompileExec3548706596.dir/CheckFunctionExists.c.o   -c /usr/share/cmake-2.8/Modules/CheckFunctionExists.c
Linking C executable cmTryCompileExec3548706596
/usr/bin/cmake -E cmake_link_script CMakeFiles/cmTryCompileExec3548706596.dir/link.txt --verbose=1
/usr/bin/cc   -std=gnu99 -pedantic -pedantic-errors -Wall -Wextra -Wshadow -Wmissing-prototypes -Wdeclaration-after-statement -Wunused -Wfloat-equal -Wpointer-arith -Wwrite-strings -Wformat-security -Wmissing-format-attribute -Wundef -fPIC -fstack-protector -D_GNU_SOURCE -D_LARGEFILE64_SOURCE -DCHECK_FUNCTION_EXISTS=longjmp    CMakeFiles/cmTryCompileExec3548706596.dir/CheckFunctionExists.c.o  -o cmTryCompileExec3548706596 -rdynamic 
make[1]: quittant le répertoire « /home/arnoul/Documents/cour/S2/ProjetProg/unitTest/cmocka-1.0.0/build/CMakeFiles/CMakeTmp »


Determining if the function malloc exists passed with the following output:
Change Dir: /home/arnoul/Documents/cour/S2/ProjetProg/unitTest/cmocka-1.0.0/build/CMakeFiles/CMakeTmp

Run Build Command:/usr/bin/make "cmTryCompileExec304412188/fast"
/usr/bin/make -f CMakeFiles/cmTryCompileExec304412188.dir/build.make CMakeFiles/cmTryCompileExec304412188.dir/build
make[1]: entrant dans le répertoire « /home/arnoul/Documents/cour/S2/ProjetProg/unitTest/cmocka-1.0.0/build/CMakeFiles/CMakeTmp »
/usr/bin/cmake -E cmake_progress_report /home/arnoul/Documents/cour/S2/ProjetProg/unitTest/cmocka-1.0.0/build/CMakeFiles/CMakeTmp/CMakeFiles 1
Building C object CMakeFiles/cmTryCompileExec304412188.dir/CheckFunctionExists.c.o
/usr/bin/cc   -std=gnu99 -pedantic -pedantic-errors -Wall -Wextra -Wshadow -Wmissing-prototypes -Wdeclaration-after-statement -Wunused -Wfloat-equal -Wpointer-arith -Wwrite-strings -Wformat-security -Wmissing-format-attribute -Wundef -fPIC -fstack-protector -D_GNU_SOURCE -D_LARGEFILE64_SOURCE -DCHECK_FUNCTION_EXISTS=malloc   -o CMakeFiles/cmTryCompileExec304412188.dir/CheckFunctionExists.c.o   -c /usr/share/cmake-2.8/Modules/CheckFunctionExists.c
<command-line>:0:23: warning: conflicting types for built-in function ‘malloc’ [enabled by default]
/usr/share/cmake-2.8/Modules/CheckFunctionExists.c:3:6: note: in expansion of macro ‘CHECK_FUNCTION_EXISTS’
 char CHECK_FUNCTION_EXISTS();
      ^
Linking C executable cmTryCompileExec304412188
/usr/bin/cmake -E cmake_link_script CMakeFiles/cmTryCompileExec304412188.dir/link.txt --verbose=1
/usr/bin/cc   -std=gnu99 -pedantic -pedantic-errors -Wall -Wextra -Wshadow -Wmissing-prototypes -Wdeclaration-after-statement -Wunused -Wfloat-equal -Wpointer-arith -Wwrite-strings -Wformat-security -Wmissing-format-attribute -Wundef -fPIC -fstack-protector -D_GNU_SOURCE -D_LARGEFILE64_SOURCE -DCHECK_FUNCTION_EXISTS=malloc    CMakeFiles/cmTryCompileExec304412188.dir/CheckFunctionExists.c.o  -o cmTryCompileExec304412188 -rdynamic 
make[1]: quittant le répertoire « /home/arnoul/Documents/cour/S2/ProjetProg/unitTest/cmocka-1.0.0/build/CMakeFiles/CMakeTmp »


Determining if the function memcpy exists passed with the following output:
Change Dir: /home/arnoul/Documents/cour/S2/ProjetProg/unitTest/cmocka-1.0.0/build/CMakeFiles/CMakeTmp

Run Build Command:/usr/bin/make "cmTryCompileExec2630070248/fast"
/usr/bin/make -f CMakeFiles/cmTryCompileExec2630070248.dir/build.make CMakeFiles/cmTryCompileExec2630070248.dir/build
make[1]: entrant dans le répertoire « /home/arnoul/Documents/cour/S2/ProjetProg/unitTest/cmocka-1.0.0/build/CMakeFiles/CMakeTmp »
/usr/bin/cmake -E cmake_progress_report /home/arnoul/Documents/cour/S2/ProjetProg/unitTest/cmocka-1.0.0/build/CMakeFiles/CMakeTmp/CMakeFiles 1
Building C object CMakeFiles/cmTryCompileExec2630070248.dir/CheckFunctionExists.c.o
/usr/bin/cc   -std=gnu99 -pedantic -pedantic-errors -Wall -Wextra -Wshadow -Wmissing-prototypes -Wdeclaration-after-statement -Wunused -Wfloat-equal -Wpointer-arith -Wwrite-strings -Wformat-security -Wmissing-format-attribute -Wundef -fPIC -fstack-protector -D_GNU_SOURCE -D_LARGEFILE64_SOURCE -DCHECK_FUNCTION_EXISTS=memcpy   -o CMakeFiles/cmTryCompileExec2630070248.dir/CheckFunctionExists.c.o   -c /usr/share/cmake-2.8/Modules/CheckFunctionExists.c
<command-line>:0:23: warning: conflicting types for built-in function ‘memcpy’ [enabled by default]
/usr/share/cmake-2.8/Modules/CheckFunctionExists.c:3:6: note: in expansion of macro ‘CHECK_FUNCTION_EXISTS’
 char CHECK_FUNCTION_EXISTS();
      ^
Linking C executable cmTryCompileExec2630070248
/usr/bin/cmake -E cmake_link_script CMakeFiles/cmTryCompileExec2630070248.dir/link.txt --verbose=1
/usr/bin/cc   -std=gnu99 -pedantic -pedantic-errors -Wall -Wextra -Wshadow -Wmissing-prototypes -Wdeclaration-after-statement -Wunused -Wfloat-equal -Wpointer-arith -Wwrite-strings -Wformat-security -Wmissing-format-attribute -Wundef -fPIC -fstack-protector -D_GNU_SOURCE -D_LARGEFILE64_SOURCE -DCHECK_FUNCTION_EXISTS=memcpy    CMakeFiles/cmTryCompileExec2630070248.dir/CheckFunctionExists.c.o  -o cmTryCompileExec2630070248 -rdynamic 
make[1]: quittant le répertoire « /home/arnoul/Documents/cour/S2/ProjetProg/unitTest/cmocka-1.0.0/build/CMakeFiles/CMakeTmp »


Determining if the function memset exists passed with the following output:
Change Dir: /home/arnoul/Documents/cour/S2/ProjetProg/unitTest/cmocka-1.0.0/build/CMakeFiles/CMakeTmp

Run Build Command:/usr/bin/make "cmTryCompileExec1690640654/fast"
/usr/bin/make -f CMakeFiles/cmTryCompileExec1690640654.dir/build.make CMakeFiles/cmTryCompileExec1690640654.dir/build
make[1]: entrant dans le répertoire « /home/arnoul/Documents/cour/S2/ProjetProg/unitTest/cmocka-1.0.0/build/CMakeFiles/CMakeTmp »
/usr/bin/cmake -E cmake_progress_report /home/arnoul/Documents/cour/S2/ProjetProg/unitTest/cmocka-1.0.0/build/CMakeFiles/CMakeTmp/CMakeFiles 1
Building C object CMakeFiles/cmTryCompileExec1690640654.dir/CheckFunctionExists.c.o
/usr/bin/cc   -std=gnu99 -pedantic -pedantic-errors -Wall -Wextra -Wshadow -Wmissing-prototypes -Wdeclaration-after-statement -Wunused -Wfloat-equal -Wpointer-arith -Wwrite-strings -Wformat-security -Wmissing-format-attribute -Wundef -fPIC -fstack-protector -D_GNU_SOURCE -D_LARGEFILE64_SOURCE -DCHECK_FUNCTION_EXISTS=memset   -o CMakeFiles/cmTryCompileExec1690640654.dir/CheckFunctionExists.c.o   -c /usr/share/cmake-2.8/Modules/CheckFunctionExists.c
<command-line>:0:23: warning: conflicting types for built-in function ‘memset’ [enabled by default]
/usr/share/cmake-2.8/Modules/CheckFunctionExists.c:3:6: note: in expansion of macro ‘CHECK_FUNCTION_EXISTS’
 char CHECK_FUNCTION_EXISTS();
      ^
Linking C executable cmTryCompileExec1690640654
/usr/bin/cmake -E cmake_link_script CMakeFiles/cmTryCompileExec1690640654.dir/link.txt --verbose=1
/usr/bin/cc   -std=gnu99 -pedantic -pedantic-errors -Wall -Wextra -Wshadow -Wmissing-prototypes -Wdeclaration-after-statement -Wunused -Wfloat-equal -Wpointer-arith -Wwrite-strings -Wformat-security -Wmissing-format-attribute -Wundef -fPIC -fstack-protector -D_GNU_SOURCE -D_LARGEFILE64_SOURCE -DCHECK_FUNCTION_EXISTS=memset    CMakeFiles/cmTryCompileExec1690640654.dir/CheckFunctionExists.c.o  -o cmTryCompileExec1690640654 -rdynamic 
make[1]: quittant le répertoire « /home/arnoul/Documents/cour/S2/ProjetProg/unitTest/cmocka-1.0.0/build/CMakeFiles/CMakeTmp »


Determining if the function printf exists passed with the following output:
Change Dir: /home/arnoul/Documents/cour/S2/ProjetProg/unitTest/cmocka-1.0.0/build/CMakeFiles/CMakeTmp

Run Build Command:/usr/bin/make "cmTryCompileExec2360557495/fast"
/usr/bin/make -f CMakeFiles/cmTryCompileExec2360557495.dir/build.make CMakeFiles/cmTryCompileExec2360557495.dir/build
make[1]: entrant dans le répertoire « /home/arnoul/Documents/cour/S2/ProjetProg/unitTest/cmocka-1.0.0/build/CMakeFiles/CMakeTmp »
/usr/bin/cmake -E cmake_progress_report /home/arnoul/Documents/cour/S2/ProjetProg/unitTest/cmocka-1.0.0/build/CMakeFiles/CMakeTmp/CMakeFiles 1
Building C object CMakeFiles/cmTryCompileExec2360557495.dir/CheckFunctionExists.c.o
/usr/bin/cc   -std=gnu99 -pedantic -pedantic-errors -Wall -Wextra -Wshadow -Wmissing-prototypes -Wdeclaration-after-statement -Wunused -Wfloat-equal -Wpointer-arith -Wwrite-strings -Wformat-security -Wmissing-format-attribute -Wundef -fPIC -fstack-protector -D_GNU_SOURCE -D_LARGEFILE64_SOURCE -DCHECK_FUNCTION_EXISTS=printf   -o CMakeFiles/cmTryCompileExec2360557495.dir/CheckFunctionExists.c.o   -c /usr/share/cmake-2.8/Modules/CheckFunctionExists.c
<command-line>:0:23: warning: conflicting types for built-in function ‘printf’ [enabled by default]
/usr/share/cmake-2.8/Modules/CheckFunctionExists.c:3:6: note: in expansion of macro ‘CHECK_FUNCTION_EXISTS’
 char CHECK_FUNCTION_EXISTS();
      ^
Linking C executable cmTryCompileExec2360557495
/usr/bin/cmake -E cmake_link_script CMakeFiles/cmTryCompileExec2360557495.dir/link.txt --verbose=1
/usr/bin/cc   -std=gnu99 -pedantic -pedantic-errors -Wall -Wextra -Wshadow -Wmissing-prototypes -Wdeclaration-after-statement -Wunused -Wfloat-equal -Wpointer-arith -Wwrite-strings -Wformat-security -Wmissing-format-attribute -Wundef -fPIC -fstack-protector -D_GNU_SOURCE -D_LARGEFILE64_SOURCE -DCHECK_FUNCTION_EXISTS=printf    CMakeFiles/cmTryCompileExec2360557495.dir/CheckFunctionExists.c.o  -o cmTryCompileExec2360557495 -rdynamic 
make[1]: quittant le répertoire « /home/arnoul/Documents/cour/S2/ProjetProg/unitTest/cmocka-1.0.0/build/CMakeFiles/CMakeTmp »


Determining if the function setjmp exists passed with the following output:
Change Dir: /home/arnoul/Documents/cour/S2/ProjetProg/unitTest/cmocka-1.0.0/build/CMakeFiles/CMakeTmp

Run Build Command:/usr/bin/make "cmTryCompileExec1087056618/fast"
/usr/bin/make -f CMakeFiles/cmTryCompileExec1087056618.dir/build.make CMakeFiles/cmTryCompileExec1087056618.dir/build
make[1]: entrant dans le répertoire « /home/arnoul/Documents/cour/S2/ProjetProg/unitTest/cmocka-1.0.0/build/CMakeFiles/CMakeTmp »
/usr/bin/cmake -E cmake_progress_report /home/arnoul/Documents/cour/S2/ProjetProg/unitTest/cmocka-1.0.0/build/CMakeFiles/CMakeTmp/CMakeFiles 1
Building C object CMakeFiles/cmTryCompileExec1087056618.dir/CheckFunctionExists.c.o
/usr/bin/cc   -std=gnu99 -pedantic -pedantic-errors -Wall -Wextra -Wshadow -Wmissing-prototypes -Wdeclaration-after-statement -Wunused -Wfloat-equal -Wpointer-arith -Wwrite-strings -Wformat-security -Wmissing-format-attribute -Wundef -fPIC -fstack-protector -D_GNU_SOURCE -D_LARGEFILE64_SOURCE -DCHECK_FUNCTION_EXISTS=setjmp   -o CMakeFiles/cmTryCompileExec1087056618.dir/CheckFunctionExists.c.o   -c /usr/share/cmake-2.8/Modules/CheckFunctionExists.c
Linking C executable cmTryCompileExec1087056618
/usr/bin/cmake -E cmake_link_script CMakeFiles/cmTryCompileExec1087056618.dir/link.txt --verbose=1
/usr/bin/cc   -std=gnu99 -pedantic -pedantic-errors -Wall -Wextra -Wshadow -Wmissing-prototypes -Wdeclaration-after-statement -Wunused -Wfloat-equal -Wpointer-arith -Wwrite-strings -Wformat-security -Wmissing-format-attribute -Wundef -fPIC -fstack-protector -D_GNU_SOURCE -D_LARGEFILE64_SOURCE -DCHECK_FUNCTION_EXISTS=setjmp    CMakeFiles/cmTryCompileExec1087056618.dir/CheckFunctionExists.c.o  -o cmTryCompileExec1087056618 -rdynamic 
make[1]: quittant le répertoire « /home/arnoul/Documents/cour/S2/ProjetProg/unitTest/cmocka-1.0.0/build/CMakeFiles/CMakeTmp »


Determining if the function signal exists passed with the following output:
Change Dir: /home/arnoul/Documents/cour/S2/ProjetProg/unitTest/cmocka-1.0.0/build/CMakeFiles/CMakeTmp

Run Build Command:/usr/bin/make "cmTryCompileExec1954188801/fast"
/usr/bin/make -f CMakeFiles/cmTryCompileExec1954188801.dir/build.make CMakeFiles/cmTryCompileExec1954188801.dir/build
make[1]: entrant dans le répertoire « /home/arnoul/Documents/cour/S2/ProjetProg/unitTest/cmocka-1.0.0/build/CMakeFiles/CMakeTmp »
/usr/bin/cmake -E cmake_progress_report /home/arnoul/Documents/cour/S2/ProjetProg/unitTest/cmocka-1.0.0/build/CMakeFiles/CMakeTmp/CMakeFiles 1
Building C object CMakeFiles/cmTryCompileExec1954188801.dir/CheckFunctionExists.c.o
/usr/bin/cc   -std=gnu99 -pedantic -pedantic-errors -Wall -Wextra -Wshadow -Wmissing-prototypes -Wdeclaration-after-statement -Wunused -Wfloat-equal -Wpointer-arith -Wwrite-strings -Wformat-security -Wmissing-format-attribute -Wundef -fPIC -fstack-protector -D_GNU_SOURCE -D_LARGEFILE64_SOURCE -DCHECK_FUNCTION_EXISTS=signal   -o CMakeFiles/cmTryCompileExec1954188801.dir/CheckFunctionExists.c.o   -c /usr/share/cmake-2.8/Modules/CheckFunctionExists.c
Linking C executable cmTryCompileExec1954188801
/usr/bin/cmake -E cmake_link_script CMakeFiles/cmTryCompileExec1954188801.dir/link.txt --verbose=1
/usr/bin/cc   -std=gnu99 -pedantic -pedantic-errors -Wall -Wextra -Wshadow -Wmissing-prototypes -Wdeclaration-after-statement -Wunused -Wfloat-equal -Wpointer-arith -Wwrite-strings -Wformat-security -Wmissing-format-attribute -Wundef -fPIC -fstack-protector -D_GNU_SOURCE -D_LARGEFILE64_SOURCE -DCHECK_FUNCTION_EXISTS=signal    CMakeFiles/cmTryCompileExec1954188801.dir/CheckFunctionExists.c.o  -o cmTryCompileExec1954188801 -rdynamic 
make[1]: quittant le répertoire « /home/arnoul/Documents/cour/S2/ProjetProg/unitTest/cmocka-1.0.0/build/CMakeFiles/CMakeTmp »


Determining if the function strsignal exists passed with the following output:
Change Dir: /home/arnoul/Documents/cour/S2/ProjetProg/unitTest/cmocka-1.0.0/build/CMakeFiles/CMakeTmp

Run Build Command:/usr/bin/make "cmTryCompileExec682386388/fast"
/usr/bin/make -f CMakeFiles/cmTryCompileExec682386388.dir/build.make CMakeFiles/cmTryCompileExec682386388.dir/build
make[1]: entrant dans le répertoire « /home/arnoul/Documents/cour/S2/ProjetProg/unitTest/cmocka-1.0.0/build/CMakeFiles/CMakeTmp »
/usr/bin/cmake -E cmake_progress_report /home/arnoul/Documents/cour/S2/ProjetProg/unitTest/cmocka-1.0.0/build/CMakeFiles/CMakeTmp/CMakeFiles 1
Building C object CMakeFiles/cmTryCompileExec682386388.dir/CheckFunctionExists.c.o
/usr/bin/cc   -std=gnu99 -pedantic -pedantic-errors -Wall -Wextra -Wshadow -Wmissing-prototypes -Wdeclaration-after-statement -Wunused -Wfloat-equal -Wpointer-arith -Wwrite-strings -Wformat-security -Wmissing-format-attribute -Wundef -fPIC -fstack-protector -D_GNU_SOURCE -D_LARGEFILE64_SOURCE -DCHECK_FUNCTION_EXISTS=strsignal   -o CMakeFiles/cmTryCompileExec682386388.dir/CheckFunctionExists.c.o   -c /usr/share/cmake-2.8/Modules/CheckFunctionExists.c
Linking C executable cmTryCompileExec682386388
/usr/bin/cmake -E cmake_link_script CMakeFiles/cmTryCompileExec682386388.dir/link.txt --verbose=1
/usr/bin/cc   -std=gnu99 -pedantic -pedantic-errors -Wall -Wextra -Wshadow -Wmissing-prototypes -Wdeclaration-after-statement -Wunused -Wfloat-equal -Wpointer-arith -Wwrite-strings -Wformat-security -Wmissing-format-attribute -Wundef -fPIC -fstack-protector -D_GNU_SOURCE -D_LARGEFILE64_SOURCE -DCHECK_FUNCTION_EXISTS=strsignal    CMakeFiles/cmTryCompileExec682386388.dir/CheckFunctionExists.c.o  -o cmTryCompileExec682386388 -rdynamic 
make[1]: quittant le répertoire « /home/arnoul/Documents/cour/S2/ProjetProg/unitTest/cmocka-1.0.0/build/CMakeFiles/CMakeTmp »


Determining if the function sprintf exists passed with the following output:
Change Dir: /home/arnoul/Documents/cour/S2/ProjetProg/unitTest/cmocka-1.0.0/build/CMakeFiles/CMakeTmp

Run Build Command:/usr/bin/make "cmTryCompileExec2707097575/fast"
/usr/bin/make -f CMakeFiles/cmTryCompileExec2707097575.dir/build.make CMakeFiles/cmTryCompileExec2707097575.dir/build
make[1]: entrant dans le répertoire « /home/arnoul/Documents/cour/S2/ProjetProg/unitTest/cmocka-1.0.0/build/CMakeFiles/CMakeTmp »
/usr/bin/cmake -E cmake_progress_report /home/arnoul/Documents/cour/S2/ProjetProg/unitTest/cmocka-1.0.0/build/CMakeFiles/CMakeTmp/CMakeFiles 1
Building C object CMakeFiles/cmTryCompileExec2707097575.dir/CheckFunctionExists.c.o
/usr/bin/cc   -std=gnu99 -pedantic -pedantic-errors -Wall -Wextra -Wshadow -Wmissing-prototypes -Wdeclaration-after-statement -Wunused -Wfloat-equal -Wpointer-arith -Wwrite-strings -Wformat-security -Wmissing-format-attribute -Wundef -fPIC -fstack-protector -D_GNU_SOURCE -D_LARGEFILE64_SOURCE -DCHECK_FUNCTION_EXISTS=sprintf   -o CMakeFiles/cmTryCompileExec2707097575.dir/CheckFunctionExists.c.o   -c /usr/share/cmake-2.8/Modules/CheckFunctionExists.c
<command-line>:0:23: warning: conflicting types for built-in function ‘sprintf’ [enabled by default]
/usr/share/cmake-2.8/Modules/CheckFunctionExists.c:3:6: note: in expansion of macro ‘CHECK_FUNCTION_EXISTS’
 char CHECK_FUNCTION_EXISTS();
      ^
Linking C executable cmTryCompileExec2707097575
/usr/bin/cmake -E cmake_link_script CMakeFiles/cmTryCompileExec2707097575.dir/link.txt --verbose=1
/usr/bin/cc   -std=gnu99 -pedantic -pedantic-errors -Wall -Wextra -Wshadow -Wmissing-prototypes -Wdeclaration-after-statement -Wunused -Wfloat-equal -Wpointer-arith -Wwrite-strings -Wformat-security -Wmissing-format-attribute -Wundef -fPIC -fstack-protector -D_GNU_SOURCE -D_LARGEFILE64_SOURCE -DCHECK_FUNCTION_EXISTS=sprintf    CMakeFiles/cmTryCompileExec2707097575.dir/CheckFunctionExists.c.o  -o cmTryCompileExec2707097575 -rdynamic 
make[1]: quittant le répertoire « /home/arnoul/Documents/cour/S2/ProjetProg/unitTest/cmocka-1.0.0/build/CMakeFiles/CMakeTmp »


Determining if the function strcmp exists passed with the following output:
Change Dir: /home/arnoul/Documents/cour/S2/ProjetProg/unitTest/cmocka-1.0.0/build/CMakeFiles/CMakeTmp

Run Build Command:/usr/bin/make "cmTryCompileExec1859066831/fast"
/usr/bin/make -f CMakeFiles/cmTryCompileExec1859066831.dir/build.make CMakeFiles/cmTryCompileExec1859066831.dir/build
make[1]: entrant dans le répertoire « /home/arnoul/Documents/cour/S2/ProjetProg/unitTest/cmocka-1.0.0/build/CMakeFiles/CMakeTmp »
/usr/bin/cmake -E cmake_progress_report /home/arnoul/Documents/cour/S2/ProjetProg/unitTest/cmocka-1.0.0/build/CMakeFiles/CMakeTmp/CMakeFiles 1
Building C object CMakeFiles/cmTryCompileExec1859066831.dir/CheckFunctionExists.c.o
/usr/bin/cc   -std=gnu99 -pedantic -pedantic-errors -Wall -Wextra -Wshadow -Wmissing-prototypes -Wdeclaration-after-statement -Wunused -Wfloat-equal -Wpointer-arith -Wwrite-strings -Wformat-security -Wmissing-format-attribute -Wundef -fPIC -fstack-protector -D_GNU_SOURCE -D_LARGEFILE64_SOURCE -DCHECK_FUNCTION_EXISTS=strcmp   -o CMakeFiles/cmTryCompileExec1859066831.dir/CheckFunctionExists.c.o   -c /usr/share/cmake-2.8/Modules/CheckFunctionExists.c
<command-line>:0:23: warning: conflicting types for built-in function ‘strcmp’ [enabled by default]
/usr/share/cmake-2.8/Modules/CheckFunctionExists.c:3:6: note: in expansion of macro ‘CHECK_FUNCTION_EXISTS’
 char CHECK_FUNCTION_EXISTS();
      ^
Linking C executable cmTryCompileExec1859066831
/usr/bin/cmake -E cmake_link_script CMakeFiles/cmTryCompileExec1859066831.dir/link.txt --verbose=1
/usr/bin/cc   -std=gnu99 -pedantic -pedantic-errors -Wall -Wextra -Wshadow -Wmissing-prototypes -Wdeclaration-after-statement -Wunused -Wfloat-equal -Wpointer-arith -Wwrite-strings -Wformat-security -Wmissing-format-attribute -Wundef -fPIC -fstack-protector -D_GNU_SOURCE -D_LARGEFILE64_SOURCE -DCHECK_FUNCTION_EXISTS=strcmp    CMakeFiles/cmTryCompileExec1859066831.dir/CheckFunctionExists.c.o  -o cmTryCompileExec1859066831 -rdynamic 
make[1]: quittant le répertoire « /home/arnoul/Documents/cour/S2/ProjetProg/unitTest/cmocka-1.0.0/build/CMakeFiles/CMakeTmp »


Determining if the function vsnprintf exists passed with the following output:
Change Dir: /home/arnoul/Documents/cour/S2/ProjetProg/unitTest/cmocka-1.0.0/build/CMakeFiles/CMakeTmp

Run Build Command:/usr/bin/make "cmTryCompileExec4013453289/fast"
/usr/bin/make -f CMakeFiles/cmTryCompileExec4013453289.dir/build.make CMakeFiles/cmTryCompileExec4013453289.dir/build
make[1]: entrant dans le répertoire « /home/arnoul/Documents/cour/S2/ProjetProg/unitTest/cmocka-1.0.0/build/CMakeFiles/CMakeTmp »
/usr/bin/cmake -E cmake_progress_report /home/arnoul/Documents/cour/S2/ProjetProg/unitTest/cmocka-1.0.0/build/CMakeFiles/CMakeTmp/CMakeFiles 1
Building C object CMakeFiles/cmTryCompileExec4013453289.dir/CheckFunctionExists.c.o
/usr/bin/cc   -std=gnu99 -pedantic -pedantic-errors -Wall -Wextra -Wshadow -Wmissing-prototypes -Wdeclaration-after-statement -Wunused -Wfloat-equal -Wpointer-arith -Wwrite-strings -Wformat-security -Wmissing-format-attribute -Wundef -fPIC -fstack-protector -D_GNU_SOURCE -D_LARGEFILE64_SOURCE -DCHECK_FUNCTION_EXISTS=vsnprintf   -o CMakeFiles/cmTryCompileExec4013453289.dir/CheckFunctionExists.c.o   -c /usr/share/cmake-2.8/Modules/CheckFunctionExists.c
<command-line>:0:23: warning: conflicting types for built-in function ‘vsnprintf’ [enabled by default]
/usr/share/cmake-2.8/Modules/CheckFunctionExists.c:3:6: note: in expansion of macro ‘CHECK_FUNCTION_EXISTS’
 char CHECK_FUNCTION_EXISTS();
      ^
Linking C executable cmTryCompileExec4013453289
/usr/bin/cmake -E cmake_link_script CMakeFiles/cmTryCompileExec4013453289.dir/link.txt --verbose=1
/usr/bin/cc   -std=gnu99 -pedantic -pedantic-errors -Wall -Wextra -Wshadow -Wmissing-prototypes -Wdeclaration-after-statement -Wunused -Wfloat-equal -Wpointer-arith -Wwrite-strings -Wformat-security -Wmissing-format-attribute -Wundef -fPIC -fstack-protector -D_GNU_SOURCE -D_LARGEFILE64_SOURCE -DCHECK_FUNCTION_EXISTS=vsnprintf    CMakeFiles/cmTryCompileExec4013453289.dir/CheckFunctionExists.c.o  -o cmTryCompileExec4013453289 -rdynamic 
make[1]: quittant le répertoire « /home/arnoul/Documents/cour/S2/ProjetProg/unitTest/cmocka-1.0.0/build/CMakeFiles/CMakeTmp »


Determining if the function clock_gettime exists passed with the following output:
Change Dir: /home/arnoul/Documents/cour/S2/ProjetProg/unitTest/cmocka-1.0.0/build/CMakeFiles/CMakeTmp

Run Build Command:/usr/bin/make "cmTryCompileExec1724652577/fast"
/usr/bin/make -f CMakeFiles/cmTryCompileExec1724652577.dir/build.make CMakeFiles/cmTryCompileExec1724652577.dir/build
make[1]: entrant dans le répertoire « /home/arnoul/Documents/cour/S2/ProjetProg/unitTest/cmocka-1.0.0/build/CMakeFiles/CMakeTmp »
/usr/bin/cmake -E cmake_progress_report /home/arnoul/Documents/cour/S2/ProjetProg/unitTest/cmocka-1.0.0/build/CMakeFiles/CMakeTmp/CMakeFiles 1
Building C object CMakeFiles/cmTryCompileExec1724652577.dir/CheckFunctionExists.c.o
/usr/bin/cc   -std=gnu99 -pedantic -pedantic-errors -Wall -Wextra -Wshadow -Wmissing-prototypes -Wdeclaration-after-statement -Wunused -Wfloat-equal -Wpointer-arith -Wwrite-strings -Wformat-security -Wmissing-format-attribute -Wundef -fPIC -fstack-protector -D_GNU_SOURCE -D_LARGEFILE64_SOURCE -DCHECK_FUNCTION_EXISTS=clock_gettime   -o CMakeFiles/cmTryCompileExec1724652577.dir/CheckFunctionExists.c.o   -c /usr/share/cmake-2.8/Modules/CheckFunctionExists.c
Linking C executable cmTryCompileExec1724652577
/usr/bin/cmake -E cmake_link_script CMakeFiles/cmTryCompileExec1724652577.dir/link.txt --verbose=1
/usr/bin/cc   -std=gnu99 -pedantic -pedantic-errors -Wall -Wextra -Wshadow -Wmissing-prototypes -Wdeclaration-after-statement -Wunused -Wfloat-equal -Wpointer-arith -Wwrite-strings -Wformat-security -Wmissing-format-attribute -Wundef -fPIC -fstack-protector -D_GNU_SOURCE -D_LARGEFILE64_SOURCE -DCHECK_FUNCTION_EXISTS=clock_gettime    CMakeFiles/cmTryCompileExec1724652577.dir/CheckFunctionExists.c.o  -o cmTryCompileExec1724652577 -rdynamic 
make[1]: quittant le répertoire « /home/arnoul/Documents/cour/S2/ProjetProg/unitTest/cmocka-1.0.0/build/CMakeFiles/CMakeTmp »


Performing C SOURCE FILE Test HAVE_GCC_THREAD_LOCAL_STORAGE succeded with the following output:
Change Dir: /home/arnoul/Documents/cour/S2/ProjetProg/unitTest/cmocka-1.0.0/build/CMakeFiles/CMakeTmp

Run Build Command:/usr/bin/make "cmTryCompileExec311015710/fast"
/usr/bin/make -f CMakeFiles/cmTryCompileExec311015710.dir/build.make CMakeFiles/cmTryCompileExec311015710.dir/build
make[1]: entrant dans le répertoire « /home/arnoul/Documents/cour/S2/ProjetProg/unitTest/cmocka-1.0.0/build/CMakeFiles/CMakeTmp »
/usr/bin/cmake -E cmake_progress_report /home/arnoul/Documents/cour/S2/ProjetProg/unitTest/cmocka-1.0.0/build/CMakeFiles/CMakeTmp/CMakeFiles 1
Building C object CMakeFiles/cmTryCompileExec311015710.dir/src.c.o
/usr/bin/cc   -std=gnu99 -pedantic -pedantic-errors -Wall -Wextra -Wshadow -Wmissing-prototypes -Wdeclaration-after-statement -Wunused -Wfloat-equal -Wpointer-arith -Wwrite-strings -Wformat-security -Wmissing-format-attribute -Wundef -fPIC -fstack-protector -D_GNU_SOURCE -D_LARGEFILE64_SOURCE -DHAVE_GCC_THREAD_LOCAL_STORAGE   -o CMakeFiles/cmTryCompileExec311015710.dir/src.c.o   -c /home/arnoul/Documents/cour/S2/ProjetProg/unitTest/cmocka-1.0.0/build/CMakeFiles/CMakeTmp/src.c
Linking C executable cmTryCompileExec311015710
/usr/bin/cmake -E cmake_link_script CMakeFiles/cmTryCompileExec311015710.dir/link.txt --verbose=1
/usr/bin/cc   -std=gnu99 -pedantic -pedantic-errors -Wall -Wextra -Wshadow -Wmissing-prototypes -Wdeclaration-after-statement -Wunused -Wfloat-equal -Wpointer-arith -Wwrite-strings -Wformat-security -Wmissing-format-attribute -Wundef -fPIC -fstack-protector -D_GNU_SOURCE -D_LARGEFILE64_SOURCE -DHAVE_GCC_THREAD_LOCAL_STORAGE    CMakeFiles/cmTryCompileExec311015710.dir/src.c.o  -o cmTryCompileExec311015710 -rdynamic -lrt 
make[1]: quittant le répertoire « /home/arnoul/Documents/cour/S2/ProjetProg/unitTest/cmocka-1.0.0/build/CMakeFiles/CMakeTmp »

Source file was:

__thread int tls;

int main(void) {
    return 0;
}
Performing C SOURCE FILE Test HAVE_CLOCK_GETTIME_REALTIME succeded with the following output:
Change Dir: /home/arnoul/Documents/cour/S2/ProjetProg/unitTest/cmocka-1.0.0/build/CMakeFiles/CMakeTmp

Run Build Command:/usr/bin/make "cmTryCompileExec3657955926/fast"
/usr/bin/make -f CMakeFiles/cmTryCompileExec3657955926.dir/build.make CMakeFiles/cmTryCompileExec3657955926.dir/build
make[1]: entrant dans le répertoire « /home/arnoul/Documents/cour/S2/ProjetProg/unitTest/cmocka-1.0.0/build/CMakeFiles/CMakeTmp »
/usr/bin/cmake -E cmake_progress_report /home/arnoul/Documents/cour/S2/ProjetProg/unitTest/cmocka-1.0.0/build/CMakeFiles/CMakeTmp/CMakeFiles 1
Building C object CMakeFiles/cmTryCompileExec3657955926.dir/src.c.o
/usr/bin/cc   -std=gnu99 -pedantic -pedantic-errors -Wall -Wextra -Wshadow -Wmissing-prototypes -Wdeclaration-after-statement -Wunused -Wfloat-equal -Wpointer-arith -Wwrite-strings -Wformat-security -Wmissing-format-attribute -Wundef -fPIC -fstack-protector -D_GNU_SOURCE -D_LARGEFILE64_SOURCE -DHAVE_CLOCK_GETTIME_REALTIME   -o CMakeFiles/cmTryCompileExec3657955926.dir/src.c.o   -c /home/arnoul/Documents/cour/S2/ProjetProg/unitTest/cmocka-1.0.0/build/CMakeFiles/CMakeTmp/src.c
Linking C executable cmTryCompileExec3657955926
/usr/bin/cmake -E cmake_link_script CMakeFiles/cmTryCompileExec3657955926.dir/link.txt --verbose=1
/usr/bin/cc   -std=gnu99 -pedantic -pedantic-errors -Wall -Wextra -Wshadow -Wmissing-prototypes -Wdeclaration-after-statement -Wunused -Wfloat-equal -Wpointer-arith -Wwrite-strings -Wformat-security -Wmissing-format-attribute -Wundef -fPIC -fstack-protector -D_GNU_SOURCE -D_LARGEFILE64_SOURCE -DHAVE_CLOCK_GETTIME_REALTIME    CMakeFiles/cmTryCompileExec3657955926.dir/src.c.o  -o cmTryCompileExec3657955926 -rdynamic -lrt 
make[1]: quittant le répertoire « /home/arnoul/Documents/cour/S2/ProjetProg/unitTest/cmocka-1.0.0/build/CMakeFiles/CMakeTmp »

Source file was:

#include <time.h>

int main(void) {
    struct timespec ts;

    clock_gettime(CLOCK_REALTIME, &ts);

    return 0;
}
Determining size of unsigned short passed with the following output:
Change Dir: /home/arnoul/Documents/cour/S2/ProjetProg/unitTest/cmocka-1.0.0/build/CMakeFiles/CMakeTmp

Run Build Command:/usr/bin/make "cmTryCompileExec3366975774/fast"
/usr/bin/make -f CMakeFiles/cmTryCompileExec3366975774.dir/build.make CMakeFiles/cmTryCompileExec3366975774.dir/build
make[1]: entrant dans le répertoire « /home/arnoul/Documents/cour/S2/ProjetProg/unitTest/cmocka-1.0.0/build/CMakeFiles/CMakeTmp »
/usr/bin/cmake -E cmake_progress_report /home/arnoul/Documents/cour/S2/ProjetProg/unitTest/cmocka-1.0.0/build/CMakeFiles/CMakeTmp/CMakeFiles 1
Building C object CMakeFiles/cmTryCompileExec3366975774.dir/CMAKE_SIZEOF_UNSIGNED_SHORT.c.o
/usr/bin/cc   -std=gnu99 -pedantic -pedantic-errors -Wall -Wextra -Wshadow -Wmissing-prototypes -Wdeclaration-after-statement -Wunused -Wfloat-equal -Wpointer-arith -Wwrite-strings -Wformat-security -Wmissing-format-attribute -Wundef -fPIC -fstack-protector -D_GNU_SOURCE -D_LARGEFILE64_SOURCE    -o CMakeFiles/cmTryCompileExec3366975774.dir/CMAKE_SIZEOF_UNSIGNED_SHORT.c.o   -c /home/arnoul/Documents/cour/S2/ProjetProg/unitTest/cmocka-1.0.0/build/CMakeFiles/CheckTypeSize/CMAKE_SIZEOF_UNSIGNED_SHORT.c
Linking C executable cmTryCompileExec3366975774
/usr/bin/cmake -E cmake_link_script CMakeFiles/cmTryCompileExec3366975774.dir/link.txt --verbose=1
/usr/bin/cc   -std=gnu99 -pedantic -pedantic-errors -Wall -Wextra -Wshadow -Wmissing-prototypes -Wdeclaration-after-statement -Wunused -Wfloat-equal -Wpointer-arith -Wwrite-strings -Wformat-security -Wmissing-format-attribute -Wundef -fPIC -fstack-protector -D_GNU_SOURCE -D_LARGEFILE64_SOURCE     CMakeFiles/cmTryCompileExec3366975774.dir/CMAKE_SIZEOF_UNSIGNED_SHORT.c.o  -o cmTryCompileExec3366975774 -rdynamic -lrt 
make[1]: quittant le répertoire « /home/arnoul/Documents/cour/S2/ProjetProg/unitTest/cmocka-1.0.0/build/CMakeFiles/CMakeTmp »


