Determining if the include file io.h exists failed with the following output:
Change Dir: /home/arnoul/Documents/cour/S2/ProjetProg/unitTest/cmocka-1.0.0/build/CMakeFiles/CMakeTmp

Run Build Command:/usr/bin/make "cmTryCompileExec78820499/fast"
/usr/bin/make -f CMakeFiles/cmTryCompileExec78820499.dir/build.make CMakeFiles/cmTryCompileExec78820499.dir/build
make[1]: entrant dans le répertoire « /home/arnoul/Documents/cour/S2/ProjetProg/unitTest/cmocka-1.0.0/build/CMakeFiles/CMakeTmp »
/usr/bin/cmake -E cmake_progress_report /home/arnoul/Documents/cour/S2/ProjetProg/unitTest/cmocka-1.0.0/build/CMakeFiles/CMakeTmp/CMakeFiles 1
Building C object CMakeFiles/cmTryCompileExec78820499.dir/CheckIncludeFile.c.o
/usr/bin/cc   -std=gnu99 -pedantic -pedantic-errors -Wall -Wextra -Wshadow -Wmissing-prototypes -Wdeclaration-after-statement -Wunused -Wfloat-equal -Wpointer-arith -Wwrite-strings -Wformat-security -Wmissing-format-attribute -Wundef -fPIC -fstack-protector -D_GNU_SOURCE -D_LARGEFILE64_SOURCE    -o CMakeFiles/cmTryCompileExec78820499.dir/CheckIncludeFile.c.o   -c /home/arnoul/Documents/cour/S2/ProjetProg/unitTest/cmocka-1.0.0/build/CMakeFiles/CMakeTmp/CheckIncludeFile.c
/home/arnoul/Documents/cour/S2/ProjetProg/unitTest/cmocka-1.0.0/build/CMakeFiles/CMakeTmp/CheckIncludeFile.c:1:16: fatal error: io.h: Aucun fichier ou dossier de ce type
 #include <io.h>
                ^
compilation terminated.
make[1]: *** [CMakeFiles/cmTryCompileExec78820499.dir/CheckIncludeFile.c.o] Erreur 1
make[1]: quittant le répertoire « /home/arnoul/Documents/cour/S2/ProjetProg/unitTest/cmocka-1.0.0/build/CMakeFiles/CMakeTmp »
make: *** [cmTryCompileExec78820499/fast] Erreur 2


Determining if the system is big endian passed with the following output:
Change Dir: /home/arnoul/Documents/cour/S2/ProjetProg/unitTest/cmocka-1.0.0/build/CMakeFiles/CMakeTmp

Run Build Command:/usr/bin/make "cmTryCompileExec1189640336/fast"
/usr/bin/make -f CMakeFiles/cmTryCompileExec1189640336.dir/build.make CMakeFiles/cmTryCompileExec1189640336.dir/build
make[1]: entrant dans le répertoire « /home/arnoul/Documents/cour/S2/ProjetProg/unitTest/cmocka-1.0.0/build/CMakeFiles/CMakeTmp »
/usr/bin/cmake -E cmake_progress_report /home/arnoul/Documents/cour/S2/ProjetProg/unitTest/cmocka-1.0.0/build/CMakeFiles/CMakeTmp/CMakeFiles 1
Building C object CMakeFiles/cmTryCompileExec1189640336.dir/TestEndianess.c.o
/usr/bin/cc   -std=gnu99 -pedantic -pedantic-errors -Wall -Wextra -Wshadow -Wmissing-prototypes -Wdeclaration-after-statement -Wunused -Wfloat-equal -Wpointer-arith -Wwrite-strings -Wformat-security -Wmissing-format-attribute -Wundef -fPIC -fstack-protector -D_GNU_SOURCE -D_LARGEFILE64_SOURCE    -o CMakeFiles/cmTryCompileExec1189640336.dir/TestEndianess.c.o   -c /home/arnoul/Documents/cour/S2/ProjetProg/unitTest/cmocka-1.0.0/build/CMakeFiles/CMakeTmp/TestEndianess.c
Linking C executable cmTryCompileExec1189640336
/usr/bin/cmake -E cmake_link_script CMakeFiles/cmTryCompileExec1189640336.dir/link.txt --verbose=1
/usr/bin/cc   -std=gnu99 -pedantic -pedantic-errors -Wall -Wextra -Wshadow -Wmissing-prototypes -Wdeclaration-after-statement -Wunused -Wfloat-equal -Wpointer-arith -Wwrite-strings -Wformat-security -Wmissing-format-attribute -Wundef -fPIC -fstack-protector -D_GNU_SOURCE -D_LARGEFILE64_SOURCE     CMakeFiles/cmTryCompileExec1189640336.dir/TestEndianess.c.o  -o cmTryCompileExec1189640336 -rdynamic 
make[1]: quittant le répertoire « /home/arnoul/Documents/cour/S2/ProjetProg/unitTest/cmocka-1.0.0/build/CMakeFiles/CMakeTmp »

TestEndianess.c:
/* A 16 bit integer is required. */
typedef unsigned short cmakeint16;

/* On a little endian machine, these 16bit ints will give "THIS IS LITTLE ENDIAN."
   On a big endian machine the characters will be exchanged pairwise. */
const cmakeint16 info_little[] =  {0x4854, 0x5349, 0x4920, 0x2053, 0x494c, 0x5454, 0x454c, 0x4520, 0x444e, 0x4149, 0x2e4e, 0x0000};

/* on a big endian machine, these 16bit ints will give "THIS IS BIG ENDIAN."
   On a little endian machine the characters will be exchanged pairwise. */
const cmakeint16 info_big[] =     {0x5448, 0x4953, 0x2049, 0x5320, 0x4249, 0x4720, 0x454e, 0x4449, 0x414e, 0x2e2e, 0x0000};

#ifdef __CLASSIC_C__
int main(argc, argv) int argc; char *argv[];
#else
int main(int argc, char *argv[])
#endif
{
  int require = 0;
  require += info_little[argc];
  require += info_big[argc];
  (void)argv;
  return require;
}


